
 --- Table  1: Summary of nuclide data: 

 Data for 8 nuclides included in calculation:

 - 8 Transport nuclides
 - No dosimetry nuclides
 - No decay nuclides
 - 249 reaction channels
 - 70 special reactions
 - No transmutation reactions
 - No transmutation branch reactions
 - No decay reactions
 - No decay branch reactions
 - All reaction linked to target

 Columns:

  1. Index
  2. Level (first occurence in transmutation paths)
  3. Name (nuclide identifier data)
  4. Library ID
  5. Primary data type: TRA = transport
                        DOS = dosimetry
                        SAB = thermal scattering
                        DEC = only decay data
                        STR = only structural data (mass)
                        PHO = photon interaction data
  6. Z (atomic number)
  7. A (isotope number)
  8. I (isomeric state)
  9. Atomic weight
 10. Temperature (in Kelvin)
 11. Decay constant (1/s)
 12. Flags: I - nuclide is present in initial composition
            B - nuclide is involved in burnup calculation
            A - nuclide is produced as activation product
            D - nuclide is produced as decay product
            F - nuclide is produced as fission product
            B - nuclide is produced in decay or transmutation branching
            T - nuclide has neutron transport cross section data
            S - nuclide has S(a,b) data
            I - nuclide has isomeric branching reactions
            F - nuclide is fissile
            P - nuclide is a delayed neutron precursor
            D - nuclide has delayed neutron data
            U - nuclide has uses ures ptable data
            E - nuclide cross sections are adjusted by ETTM
            D - nuclide has dosimetry cross section data
            R - nuclide has radioactive decay data
            N - nuclide has neutron-induced fission yield data
            S - nuclide has spontaneous fission yield data
            P - nuclide has photon transport cross section data
            T - nuclide has supplementary transmutation cross section data

    1   0  3006.09c    09c  TRA    3   6 0    6.01507   900.0          N/A  I-----T-------------  lithium 6 (Li-6)
    2   0  3007.09c    09c  TRA    3   7 0    7.01600   900.0          N/A  I-----T-------------  lithium 7 (Li-7)
    3   0  4009.09c    09c  TRA    4   9 0    9.01220   900.0          N/A  I-----T-------------  beryllium 9 (Be-9)
    4   0  6000.12c    12c  TRA    6   0 0   12.00110  1200.0          N/A  I-----T-------------  natural carbon (C-nat)
    5   0  8016.12c    12c  TRA    8  16 0   15.99492  1200.0          N/A  I-----T-------------  oxygen 16 (O-16)
    6   0  9019.09c    09c  TRA    9  19 0   18.99820   900.0          N/A  I-----T-------------  fluorine 19 (F-19)
    7   0  92235.12c   12c  TRA   92 235 0  235.04395  1200.0          N/A  I-----T--F-D--------  uranium 235 (U-235)
    8   0  92238.12c   12c  TRA   92 238 0  238.05078  1200.0          N/A  I-----T--F-D--------  uranium 238 (U-238)

 --- Table  2: Reaction and decay data: 

 Nuclide    1 / 8 : 3006.09c -- lithium 6 (Li-6)

 Pointers                     : 24115 2532
 Primary type                 : Transport
 Nuclide ZAI                  : 30060
 Library ID                   : 09c
 Cross section data file      : /usr/local/SERPENT/xsdata/endfb7/acedata/3006ENDF7.ace
 Atomic weight (AW)           : 6.01507
 Atomic weight ratio (AWR)    : 5.96340
 Temperature                  : 900.0 Kelvin
 XS temperature               : 900.0 Kelvin
 Half-life                    : N/A
 Specific ingestion toxicity  : N/A
 Specific inhalation toxicity : N/A

 - Nuclide is not involved in burnup calculation
 - Nuclide has neutron transport data
 - Nuclide has no photon transport data
 - Nuclide has no S(a,b) data
 - Nuclide is not fissile
 - Nuclide is not a delayed neutron precursor
 - Nuclide has no delayed neutron data
 - Nuclide has no ures ptable data
 - Nuclide temperature is not adjusted with ETTM
 - Nuclide has no dosimetry data
 - Nuclide has no decay data
 - Nuclide has no supplementary transmutation cross section data
 - Nuclide has no NFY data
 - Nuclide has no SFY data

 - 36 reaction channels
 - 4 special reactions
 - No transmutation reactions
 - No transmutation branch reactions
 - No decay reactions
 - No decay branch reactions
 - No transmutation paths

 36 reactions channel:

   1    MT =    2  Q =  0.00000E+00 MeV  Emin = 1.00000E-11 MeV  frac = 1.00000E+00  : elastic scattering
   2    MT =   24  Q = -3.69800E+00 MeV  Emin = 4.31812E+00 MeV  frac = 1.00000E+00  : (n,2nalpha)
   3    MT =   51  Q = -1.50000E+00 MeV  Emin = 1.75154E+00 MeV  frac = 1.00000E+00  : inelastic scatt. to 1. excited state
   4    MT =   52  Q = -2.00000E+00 MeV  Emin = 2.33540E+00 MeV  frac = 1.00000E+00  : inelastic scatt. to 2. excited state
   5    MT =   53  Q = -2.18500E+00 MeV  Emin = 2.55140E+00 MeV  frac = 1.00000E+00  : inelastic scatt. to 3. excited state
   6    MT =   54  Q = -2.50000E+00 MeV  Emin = 2.91922E+00 MeV  frac = 1.00000E+00  : inelastic scatt. to 4. excited state
   7    MT =   55  Q = -3.00000E+00 MeV  Emin = 3.50310E+00 MeV  frac = 1.00000E+00  : inelastic scatt. to 5. excited state
   8    MT =   56  Q = -3.50000E+00 MeV  Emin = 4.08692E+00 MeV  frac = 1.00000E+00  : inelastic scatt. to 6. excited state
   9    MT =   57  Q = -3.56200E+00 MeV  Emin = 4.15931E+00 MeV  frac = 1.00000E+00  : inelastic scatt. to 7. excited state
  10    MT =   58  Q = -4.00000E+00 MeV  Emin = 4.67080E+00 MeV  frac = 1.00000E+00  : inelastic scatt. to 8. excited state
  11    MT =   59  Q = -4.50000E+00 MeV  Emin = 5.25460E+00 MeV  frac = 1.00000E+00  : inelastic scatt. to 9. excited state
  12    MT =   60  Q = -5.00000E+00 MeV  Emin = 5.83845E+00 MeV  frac = 1.00000E+00  : inelastic scatt. to 10. excited state
  13    MT =   61  Q = -5.50000E+00 MeV  Emin = 6.42230E+00 MeV  frac = 1.00000E+00  : inelastic scatt. to 11. excited state
  14    MT =   62  Q = -6.00000E+00 MeV  Emin = 7.00614E+00 MeV  frac = 1.00000E+00  : inelastic scatt. to 12. excited state
  15    MT =   63  Q = -6.50000E+00 MeV  Emin = 7.59000E+00 MeV  frac = 1.00000E+00  : inelastic scatt. to 13. excited state
  16    MT =   64  Q = -7.00000E+00 MeV  Emin = 8.17383E+00 MeV  frac = 1.00000E+00  : inelastic scatt. to 14. excited state
  17    MT =   65  Q = -7.50000E+00 MeV  Emin = 8.75770E+00 MeV  frac = 1.00000E+00  : inelastic scatt. to 15. excited state
  18    MT =   66  Q = -8.00000E+00 MeV  Emin = 9.34152E+00 MeV  frac = 1.00000E+00  : inelastic scatt. to 16. excited state
  19    MT =   67  Q = -8.50000E+00 MeV  Emin = 9.92536E+00 MeV  frac = 1.00000E+00  : inelastic scatt. to 17. excited state
  20    MT =   68  Q = -9.00000E+00 MeV  Emin = 1.05092E+01 MeV  frac = 1.00000E+00  : inelastic scatt. to 18. excited state
  21    MT =   69  Q = -9.50000E+00 MeV  Emin = 1.10931E+01 MeV  frac = 1.00000E+00  : inelastic scatt. to 19. excited state
  22    MT =   70  Q = -1.00000E+01 MeV  Emin = 1.16770E+01 MeV  frac = 1.00000E+00  : inelastic scatt. to 20. excited state
  23    MT =   71  Q = -1.05000E+01 MeV  Emin = 1.22610E+01 MeV  frac = 1.00000E+00  : inelastic scatt. to 21. excited state
  24    MT =   72  Q = -1.10000E+01 MeV  Emin = 1.28450E+01 MeV  frac = 1.00000E+00  : inelastic scatt. to 22. excited state
  25    MT =   73  Q = -1.15000E+01 MeV  Emin = 1.34284E+01 MeV  frac = 1.00000E+00  : inelastic scatt. to 23. excited state
  26    MT =   74  Q = -1.20000E+01 MeV  Emin = 1.40123E+01 MeV  frac = 1.00000E+00  : inelastic scatt. to 24. excited state
  27    MT =   75  Q = -1.25000E+01 MeV  Emin = 1.45961E+01 MeV  frac = 1.00000E+00  : inelastic scatt. to 25. excited state
  28    MT =   76  Q = -1.30000E+01 MeV  Emin = 1.51800E+01 MeV  frac = 1.00000E+00  : inelastic scatt. to 26. excited state
  29    MT =   77  Q = -1.35000E+01 MeV  Emin = 1.57640E+01 MeV  frac = 1.00000E+00  : inelastic scatt. to 27. excited state
  30    MT =   78  Q = -1.40000E+01 MeV  Emin = 1.63480E+01 MeV  frac = 1.00000E+00  : inelastic scatt. to 28. excited state
  31    MT =   79  Q = -1.45000E+01 MeV  Emin = 1.69315E+01 MeV  frac = 1.00000E+00  : inelastic scatt. to 29. excited state
  32    MT =   80  Q = -1.50000E+01 MeV  Emin = 1.75154E+01 MeV  frac = 1.00000E+00  : inelastic scatt. to 30. excited state
  33    MT =   81  Q = -1.55000E+01 MeV  Emin = 1.80992E+01 MeV  frac = 1.00000E+00  : inelastic scatt. to 31. excited state
  34    MT =  102  Q =  7.25060E+00 MeV  Emin = 1.00000E-11 MeV  frac = 1.00000E+00  : (n,gamma)
  35    MT =  103  Q = -2.72730E+00 MeV  Emin = 3.18464E+00 MeV  frac = 1.00000E+00  : (n,p)
  36    MT =  105  Q =  4.78380E+00 MeV  Emin = 1.00000E-11 MeV  frac = 1.00000E+00  : (n,t)

 4 special reactions:

   1    MT =  203  Q =  0.00000E+00 MeV  Emin = 3.18460E+00 MeV  : mt 203
   2    MT =  204  Q =  0.00000E+00 MeV  Emin = 1.75154E+00 MeV  : mt 204
   3    MT =  205  Q =  0.00000E+00 MeV  Emin = 1.00000E-11 MeV  : mt 205
   4    MT =  207  Q =  0.00000E+00 MeV  Emin = 1.00000E-11 MeV  : mt 207

 Nuclide    2 / 8 : 3007.09c -- lithium 7 (Li-7)

 Pointers                     : 26973 2808
 Primary type                 : Transport
 Nuclide ZAI                  : 30070
 Library ID                   : 09c
 Cross section data file      : /usr/local/SERPENT/xsdata/endfb7/acedata/3007ENDF7.ace
 Atomic weight (AW)           : 7.01600
 Atomic weight ratio (AWR)    : 6.95573
 Temperature                  : 900.0 Kelvin
 XS temperature               : 900.0 Kelvin
 Half-life                    : N/A
 Specific ingestion toxicity  : N/A
 Specific inhalation toxicity : N/A

 - Nuclide is not involved in burnup calculation
 - Nuclide has neutron transport data
 - Nuclide has no photon transport data
 - Nuclide has no S(a,b) data
 - Nuclide is not fissile
 - Nuclide is not a delayed neutron precursor
 - Nuclide has no delayed neutron data
 - Nuclide has no ures ptable data
 - Nuclide temperature is not adjusted with ETTM
 - Nuclide has no dosimetry data
 - Nuclide has no decay data
 - Nuclide has no supplementary transmutation cross section data
 - Nuclide has no NFY data
 - Nuclide has no SFY data

 - 38 reaction channels
 - 4 special reactions
 - No transmutation reactions
 - No transmutation branch reactions
 - No decay reactions
 - No decay branch reactions
 - No transmutation paths

 38 reactions channel:

   1    MT =    2  Q =  0.00000E+00 MeV  Emin = 1.00000E-11 MeV  frac = 1.00000E+00  : elastic scattering
   2    MT =   16  Q = -7.25050E+00 MeV  Emin = 8.29288E+00 MeV  frac = 1.00000E+00  : (n,2n)
   3    MT =   24  Q = -8.72400E+00 MeV  Emin = 9.97823E+00 MeV  frac = 1.00000E+00  : (n,2nalpha)
   4    MT =   25  Q = -1.09486E+01 MeV  Emin = 1.25227E+01 MeV  frac = 1.00000E+00  : (n,3nalpha)
   5    MT =   51  Q = -4.77610E-01 MeV  Emin = 5.46277E-01 MeV  frac = 1.00000E+00  : inelastic scatt. to 1. excited state
   6    MT =   52  Q = -2.75000E+00 MeV  Emin = 3.14540E+00 MeV  frac = 1.00000E+00  : inelastic scatt. to 2. excited state
   7    MT =   53  Q = -3.25000E+00 MeV  Emin = 3.71724E+00 MeV  frac = 1.00000E+00  : inelastic scatt. to 3. excited state
   8    MT =   54  Q = -3.75000E+00 MeV  Emin = 4.28913E+00 MeV  frac = 1.00000E+00  : inelastic scatt. to 4. excited state
   9    MT =   55  Q = -4.25000E+00 MeV  Emin = 4.86101E+00 MeV  frac = 1.00000E+00  : inelastic scatt. to 5. excited state
  10    MT =   56  Q = -4.63000E+00 MeV  Emin = 5.29564E+00 MeV  frac = 1.00000E+00  : inelastic scatt. to 6. excited state
  11    MT =   57  Q = -4.75000E+00 MeV  Emin = 5.43290E+00 MeV  frac = 1.00000E+00  : inelastic scatt. to 7. excited state
  12    MT =   58  Q = -5.25000E+00 MeV  Emin = 6.00480E+00 MeV  frac = 1.00000E+00  : inelastic scatt. to 8. excited state
  13    MT =   59  Q = -5.75000E+00 MeV  Emin = 6.57670E+00 MeV  frac = 1.00000E+00  : inelastic scatt. to 9. excited state
  14    MT =   60  Q = -6.25000E+00 MeV  Emin = 7.14854E+00 MeV  frac = 1.00000E+00  : inelastic scatt. to 10. excited state
  15    MT =   61  Q = -6.75000E+00 MeV  Emin = 7.72042E+00 MeV  frac = 1.00000E+00  : inelastic scatt. to 11. excited state
  16    MT =   62  Q = -7.25000E+00 MeV  Emin = 8.29231E+00 MeV  frac = 1.00000E+00  : inelastic scatt. to 12. excited state
  17    MT =   63  Q = -7.75000E+00 MeV  Emin = 8.86420E+00 MeV  frac = 1.00000E+00  : inelastic scatt. to 13. excited state
  18    MT =   64  Q = -8.25000E+00 MeV  Emin = 9.43610E+00 MeV  frac = 1.00000E+00  : inelastic scatt. to 14. excited state
  19    MT =   65  Q = -8.75000E+00 MeV  Emin = 1.00080E+01 MeV  frac = 1.00000E+00  : inelastic scatt. to 15. excited state
  20    MT =   66  Q = -9.25000E+00 MeV  Emin = 1.05800E+01 MeV  frac = 1.00000E+00  : inelastic scatt. to 16. excited state
  21    MT =   67  Q = -9.75000E+00 MeV  Emin = 1.11520E+01 MeV  frac = 1.00000E+00  : inelastic scatt. to 17. excited state
  22    MT =   68  Q = -1.02500E+01 MeV  Emin = 1.17240E+01 MeV  frac = 1.00000E+00  : inelastic scatt. to 18. excited state
  23    MT =   69  Q = -1.07500E+01 MeV  Emin = 1.22955E+01 MeV  frac = 1.00000E+00  : inelastic scatt. to 19. excited state
  24    MT =   70  Q = -1.12500E+01 MeV  Emin = 1.28674E+01 MeV  frac = 1.00000E+00  : inelastic scatt. to 20. excited state
  25    MT =   71  Q = -1.17500E+01 MeV  Emin = 1.34393E+01 MeV  frac = 1.00000E+00  : inelastic scatt. to 21. excited state
  26    MT =   72  Q = -1.22500E+01 MeV  Emin = 1.40112E+01 MeV  frac = 1.00000E+00  : inelastic scatt. to 22. excited state
  27    MT =   73  Q = -1.27500E+01 MeV  Emin = 1.45830E+01 MeV  frac = 1.00000E+00  : inelastic scatt. to 23. excited state
  28    MT =   74  Q = -1.32500E+01 MeV  Emin = 1.51550E+01 MeV  frac = 1.00000E+00  : inelastic scatt. to 24. excited state
  29    MT =   75  Q = -1.37500E+01 MeV  Emin = 1.57270E+01 MeV  frac = 1.00000E+00  : inelastic scatt. to 25. excited state
  30    MT =   76  Q = -1.42500E+01 MeV  Emin = 1.62990E+01 MeV  frac = 1.00000E+00  : inelastic scatt. to 26. excited state
  31    MT =   77  Q = -1.47500E+01 MeV  Emin = 1.68710E+01 MeV  frac = 1.00000E+00  : inelastic scatt. to 27. excited state
  32    MT =   78  Q = -1.52500E+01 MeV  Emin = 1.74425E+01 MeV  frac = 1.00000E+00  : inelastic scatt. to 28. excited state
  33    MT =   79  Q = -1.57500E+01 MeV  Emin = 1.80143E+01 MeV  frac = 1.00000E+00  : inelastic scatt. to 29. excited state
  34    MT =   80  Q = -1.62500E+01 MeV  Emin = 1.85862E+01 MeV  frac = 1.00000E+00  : inelastic scatt. to 30. excited state
  35    MT =   81  Q = -1.67500E+01 MeV  Emin = 1.91581E+01 MeV  frac = 1.00000E+00  : inelastic scatt. to 31. excited state
  36    MT =   82  Q = -1.72500E+01 MeV  Emin = 1.97300E+01 MeV  frac = 1.00000E+00  : inelastic scatt. to 32. excited state
  37    MT =  102  Q =  2.03280E+00 MeV  Emin = 1.00000E-11 MeV  frac = 1.00000E+00  : (n,gamma)
  38    MT =  104  Q = -7.75320E+00 MeV  Emin = 8.86786E+00 MeV  frac = 1.00000E+00  : (n,d)

 4 special reactions:

   1    MT =  203  Q =  0.00000E+00 MeV  Emin = 1.25227E+01 MeV  : mt 203
   2    MT =  204  Q =  0.00000E+00 MeV  Emin = 8.86786E+00 MeV  : mt 204
   3    MT =  205  Q =  0.00000E+00 MeV  Emin = 3.14540E+00 MeV  : mt 205
   4    MT =  207  Q =  0.00000E+00 MeV  Emin = 3.14540E+00 MeV  : mt 207

 Nuclide    3 / 8 : 4009.09c -- beryllium 9 (Be-9)

 Pointers                     : 29969 3360
 Primary type                 : Transport
 Nuclide ZAI                  : 40090
 Library ID                   : 09c
 Cross section data file      : /usr/local/SERPENT/xsdata/endfb7/acedata/4009ENDF7.ace
 Atomic weight (AW)           : 9.01220
 Atomic weight ratio (AWR)    : 8.93478
 Temperature                  : 900.0 Kelvin
 XS temperature               : 900.0 Kelvin
 Half-life                    : N/A
 Specific ingestion toxicity  : N/A
 Specific inhalation toxicity : N/A

 - Nuclide is not involved in burnup calculation
 - Nuclide has neutron transport data
 - Nuclide has no photon transport data
 - Nuclide has no S(a,b) data
 - Nuclide is not fissile
 - Nuclide is not a delayed neutron precursor
 - Nuclide has no delayed neutron data
 - Nuclide has no ures ptable data
 - Nuclide temperature is not adjusted with ETTM
 - Nuclide has no dosimetry data
 - Nuclide has no decay data
 - Nuclide has no supplementary transmutation cross section data
 - Nuclide has no NFY data
 - Nuclide has no SFY data

 - 7 reaction channels
 - 9 special reactions
 - No transmutation reactions
 - No transmutation branch reactions
 - No decay reactions
 - No decay branch reactions
 - No transmutation paths

 7 reactions channel:

   1    MT =    2  Q =  0.00000E+00 MeV  Emin = 1.00000E-11 MeV  frac = 1.00000E+00  : elastic scattering
   2    MT =   16  Q = -1.57280E+00 MeV  Emin = 1.74883E+00 MeV  frac = 1.00000E+00  : (n,2n)
   3    MT =  102  Q =  6.81238E+00 MeV  Emin = 1.00000E-11 MeV  frac = 1.00000E+00  : (n,gamma)
   4    MT =  103  Q = -1.28300E+01 MeV  Emin = 1.42660E+01 MeV  frac = 1.00000E+00  : (n,p)
   5    MT =  104  Q = -1.46600E+01 MeV  Emin = 1.63008E+01 MeV  frac = 1.00000E+00  : (n,d)
   6    MT =  105  Q = -1.04400E+01 MeV  Emin = 1.16085E+01 MeV  frac = 1.00000E+00  : (n,t)
   7    MT =  107  Q = -6.00000E-01 MeV  Emin = 6.67153E-01 MeV  frac = 1.00000E+00  : (n,alpha)

 9 special reactions:

   1    MT =  203  Q =  0.00000E+00 MeV  Emin = 1.42660E+01 MeV  : mt 203
   2    MT =  204  Q =  0.00000E+00 MeV  Emin = 1.63008E+01 MeV  : mt 204
   3    MT =  205  Q =  0.00000E+00 MeV  Emin = 1.16085E+01 MeV  : mt 205
   4    MT =  207  Q =  0.00000E+00 MeV  Emin = 6.67153E-01 MeV  : mt 207
   5    MT =  600  Q = -1.28300E+01 MeV  Emin = 1.42660E+01 MeV  : (n,p) to ground state
   6    MT =  650  Q = -1.46600E+01 MeV  Emin = 1.63008E+01 MeV  : (n,d) to ground state
   7    MT =  700  Q = -1.04400E+01 MeV  Emin = 1.16085E+01 MeV  : (n,t) to ground state
   8    MT =  701  Q = -1.09180E+01 MeV  Emin = 1.21400E+01 MeV  : (n,t1)
   9    MT =  800  Q = -6.00000E-01 MeV  Emin = 6.67153E-01 MeV  : (n,alpha) to ground state

 Nuclide    4 / 8 : 6000.12c -- natural carbon (C-nat)

 Pointers                     : 22430 4234
 Primary type                 : Transport
 Nuclide ZAI                  : 60000
 Library ID                   : 12c
 Cross section data file      : /usr/local/SERPENT/xsdata/endfb7/acedata/6000ENDF7.ace
 Atomic weight (AW)           : 12.00110
 Atomic weight ratio (AWR)    : 11.89800
 Temperature                  : 1200.0 Kelvin
 XS temperature               : 1200.0 Kelvin
 Half-life                    : N/A
 Specific ingestion toxicity  : N/A
 Specific inhalation toxicity : N/A

 - Nuclide is not involved in burnup calculation
 - Nuclide has neutron transport data
 - Nuclide has no photon transport data
 - Nuclide has no S(a,b) data
 - Nuclide is not fissile
 - Nuclide is not a delayed neutron precursor
 - Nuclide has no delayed neutron data
 - Nuclide has no ures ptable data
 - Nuclide temperature is not adjusted with ETTM
 - Nuclide has no dosimetry data
 - Nuclide has no decay data
 - Nuclide has no supplementary transmutation cross section data
 - Nuclide has no NFY data
 - Nuclide has no SFY data

 - 19 reaction channels
 - 4 special reactions
 - No transmutation reactions
 - No transmutation branch reactions
 - No decay reactions
 - No decay branch reactions
 - No transmutation paths

 19 reactions channel:

   1    MT =    2  Q =  0.00000E+00 MeV  Emin = 1.00000E-11 MeV  frac = 1.00000E+00  : elastic scattering
   2    MT =   28  Q = -1.59570E+01 MeV  Emin = 1.72982E+01 MeV  frac = 1.00000E+00  : (n,np)
   3    MT =   51  Q = -4.43900E+00 MeV  Emin = 4.81209E+00 MeV  frac = 1.00000E+00  : inelastic scatt. to 1. excited state
   4    MT =   52  Q = -7.65300E+00 MeV  Emin = 8.29622E+00 MeV  frac = 1.00000E+00  : inelastic scatt. to 2. excited state
   5    MT =   53  Q = -9.63800E+00 MeV  Emin = 1.04481E+01 MeV  frac = 1.00000E+00  : inelastic scatt. to 3. excited state
   6    MT =   54  Q = -1.08000E+01 MeV  Emin = 1.17080E+01 MeV  frac = 1.00000E+00  : inelastic scatt. to 4. excited state
   7    MT =   55  Q = -1.18000E+01 MeV  Emin = 1.27920E+01 MeV  frac = 1.00000E+00  : inelastic scatt. to 5. excited state
   8    MT =   56  Q = -1.27000E+01 MeV  Emin = 1.37674E+01 MeV  frac = 1.00000E+00  : inelastic scatt. to 6. excited state
   9    MT =   57  Q = -1.33500E+01 MeV  Emin = 1.45000E+01 MeV  frac = 1.00000E+00  : inelastic scatt. to 7. excited state
  10    MT =   58  Q = -1.40800E+01 MeV  Emin = 1.52634E+01 MeV  frac = 1.00000E+00  : inelastic scatt. to 8. excited state
  11    MT =   59  Q = -1.50800E+01 MeV  Emin = 1.63474E+01 MeV  frac = 1.00000E+00  : inelastic scatt. to 9. excited state
  12    MT =   60  Q = -1.60800E+01 MeV  Emin = 1.74315E+01 MeV  frac = 1.00000E+00  : inelastic scatt. to 10. excited state
  13    MT =   61  Q = -1.70800E+01 MeV  Emin = 1.85160E+01 MeV  frac = 1.00000E+00  : inelastic scatt. to 11. excited state
  14    MT =   62  Q = -1.80800E+01 MeV  Emin = 1.96000E+01 MeV  frac = 1.00000E+00  : inelastic scatt. to 12. excited state
  15    MT =   91  Q = -7.27500E+00 MeV  Emin = 7.88645E+00 MeV  frac = 1.00000E+00  : inelastic scattering to continuum
  16    MT =  102  Q =  4.94700E+00 MeV  Emin = 1.00000E-11 MeV  frac = 1.00000E+00  : (n,gamma)
  17    MT =  103  Q = -1.25880E+01 MeV  Emin = 1.44720E+01 MeV  frac = 1.00000E+00  : (n,p)
  18    MT =  104  Q = -1.37330E+01 MeV  Emin = 1.52630E+01 MeV  frac = 1.00000E+00  : (n,d)
  19    MT =  107  Q = -5.70200E+00 MeV  Emin = 6.18124E+00 MeV  frac = 1.00000E+00  : (n,alpha)

 4 special reactions:

   1    MT =    5  Q =  0.00000E+00 MeV  Emin = 2.00000E+01 MeV  : anything
   2    MT =  203  Q =  0.00000E+00 MeV  Emin = 1.44720E+01 MeV  : mt 203
   3    MT =  204  Q =  0.00000E+00 MeV  Emin = 1.52630E+01 MeV  : mt 204
   4    MT =  207  Q =  0.00000E+00 MeV  Emin = 6.18124E+00 MeV  : mt 207

 Nuclide    5 / 8 : 8016.12c -- oxygen 16 (O-16)

 Pointers                     : 17640 5338
 Primary type                 : Transport
 Nuclide ZAI                  : 80160
 Library ID                   : 12c
 Cross section data file      : /usr/local/SERPENT/xsdata/endfb7/acedata/8016ENDF7.ace
 Atomic weight (AW)           : 15.99492
 Atomic weight ratio (AWR)    : 15.85751
 Temperature                  : 1200.0 Kelvin
 XS temperature               : 1200.0 Kelvin
 Half-life                    : N/A
 Specific ingestion toxicity  : N/A
 Specific inhalation toxicity : N/A

 - Nuclide is not involved in burnup calculation
 - Nuclide has neutron transport data
 - Nuclide has no photon transport data
 - Nuclide has no S(a,b) data
 - Nuclide is not fissile
 - Nuclide is not a delayed neutron precursor
 - Nuclide has no delayed neutron data
 - Nuclide has no ures ptable data
 - Nuclide temperature is not adjusted with ETTM
 - Nuclide has no dosimetry data
 - Nuclide has no decay data
 - Nuclide has no supplementary transmutation cross section data
 - Nuclide has no NFY data
 - Nuclide has no SFY data

 - 24 reaction channels
 - 44 special reactions
 - No transmutation reactions
 - No transmutation branch reactions
 - No decay reactions
 - No decay branch reactions
 - No transmutation paths

 24 reactions channel:

   1    MT =    2  Q =  0.00000E+00 MeV  Emin = 1.00000E-11 MeV  frac = 1.00000E+00  : elastic scattering
   2    MT =   16  Q = -1.56638E+01 MeV  Emin = 1.66516E+01 MeV  frac = 1.00000E+00  : (n,2n)
   3    MT =   22  Q = -7.16195E+00 MeV  Emin = 7.61360E+00 MeV  frac = 1.00000E+00  : (n,nalpha)
   4    MT =   23  Q = -1.44368E+01 MeV  Emin = 1.64100E+01 MeV  frac = 1.00000E+00  : (n,n3alpha)
   5    MT =   28  Q = -1.21276E+01 MeV  Emin = 1.28924E+01 MeV  frac = 1.00000E+00  : (n,np)
   6    MT =   32  Q = -2.07363E+01 MeV  Emin = 2.20440E+01 MeV  frac = 1.00000E+00  : (n,nd)
   7    MT =   41  Q = -2.29609E+01 MeV  Emin = 2.44089E+01 MeV  frac = 1.00000E+00  : (n,2np)
   8    MT =   44  Q = -2.23350E+01 MeV  Emin = 2.37435E+01 MeV  frac = 1.00000E+00  : (n,n2p)
   9    MT =   45  Q = -2.31192E+01 MeV  Emin = 2.45771E+01 MeV  frac = 1.00000E+00  : (n,npalpha)
  10    MT =   51  Q = -6.04940E+00 MeV  Emin = 6.43089E+00 MeV  frac = 1.00000E+00  : inelastic scatt. to 1. excited state
  11    MT =   52  Q = -6.12989E+00 MeV  Emin = 6.51646E+00 MeV  frac = 1.00000E+00  : inelastic scatt. to 2. excited state
  12    MT =   53  Q = -6.91710E+00 MeV  Emin = 7.35330E+00 MeV  frac = 1.00000E+00  : inelastic scatt. to 3. excited state
  13    MT =   54  Q = -7.11685E+00 MeV  Emin = 7.56565E+00 MeV  frac = 1.00000E+00  : inelastic scatt. to 4. excited state
  14    MT =   55  Q = -8.87190E+00 MeV  Emin = 9.43138E+00 MeV  frac = 1.00000E+00  : inelastic scatt. to 5. excited state
  15    MT =   56  Q = -1.09570E+01 MeV  Emin = 1.16480E+01 MeV  frac = 1.00000E+00  : inelastic scatt. to 6. excited state
  16    MT =   57  Q = -1.10800E+01 MeV  Emin = 1.17787E+01 MeV  frac = 1.00000E+00  : inelastic scatt. to 7. excited state
  17    MT =   91  Q = -9.58500E+00 MeV  Emin = 1.01895E+01 MeV  frac = 1.00000E+00  : inelastic scattering to continuum
  18    MT =  102  Q =  4.14342E+00 MeV  Emin = 1.00000E-11 MeV  frac = 1.00000E+00  : (n,gamma)
  19    MT =  103  Q = -9.63680E+00 MeV  Emin = 1.02445E+01 MeV  frac = 1.00000E+00  : (n,p)
  20    MT =  104  Q = -9.90300E+00 MeV  Emin = 1.05275E+01 MeV  frac = 1.00000E+00  : (n,d)
  21    MT =  105  Q = -1.44790E+01 MeV  Emin = 1.53921E+01 MeV  frac = 1.00000E+00  : (n,t)
  22    MT =  107  Q = -2.21430E+00 MeV  Emin = 2.35532E+00 MeV  frac = 1.00000E+00  : (n,alpha)
  23    MT =  108  Q = -1.28632E+01 MeV  Emin = 1.36744E+01 MeV  frac = 1.00000E+00  : (n,2alpha)
  24    MT =  112  Q = -1.97491E+01 MeV  Emin = 2.09945E+01 MeV  frac = 1.00000E+00  : (n,palpha)

 44 special reactions:

   1    MT =    5  Q =  0.00000E+00 MeV  Emin = 3.00000E+01 MeV  : anything
   2    MT =  203  Q =  0.00000E+00 MeV  Emin = 1.02445E+01 MeV  : mt 203
   3    MT =  204  Q =  0.00000E+00 MeV  Emin = 1.05275E+01 MeV  : mt 204
   4    MT =  205  Q =  0.00000E+00 MeV  Emin = 1.53921E+01 MeV  : mt 205
   5    MT =  207  Q =  0.00000E+00 MeV  Emin = 2.35532E+00 MeV  : mt 207
   6    MT =  600  Q = -9.63680E+00 MeV  Emin = 1.02445E+01 MeV  : (n,p) to ground state
   7    MT =  601  Q = -9.75690E+00 MeV  Emin = 1.03722E+01 MeV  : (n,p1)
   8    MT =  602  Q = -9.93380E+00 MeV  Emin = 1.05602E+01 MeV  : (n,p2)
   9    MT =  603  Q = -1.00343E+01 MeV  Emin = 1.06671E+01 MeV  : (n,p3)
  10    MT =  650  Q = -9.90300E+00 MeV  Emin = 1.05275E+01 MeV  : (n,d) to ground state
  11    MT =  651  Q = -1.51731E+01 MeV  Emin = 1.61300E+01 MeV  : (n,d1)
  12    MT =  652  Q = -1.52018E+01 MeV  Emin = 1.61610E+01 MeV  : (n,d2)
  13    MT =  653  Q = -1.62269E+01 MeV  Emin = 1.72502E+01 MeV  : (n,d3)
  14    MT =  654  Q = -1.70581E+01 MeV  Emin = 1.81338E+01 MeV  : (n,d4)
  15    MT =  655  Q = -1.72041E+01 MeV  Emin = 1.82890E+01 MeV  : (n,d5)
  16    MT =  656  Q = -1.74701E+01 MeV  Emin = 1.85718E+01 MeV  : (n,d6)
  17    MT =  657  Q = -1.82158E+01 MeV  Emin = 1.93645E+01 MeV  : (n,d7)
  18    MT =  658  Q = -1.84744E+01 MeV  Emin = 1.96394E+01 MeV  : (n,d8)
  19    MT =  659  Q = -1.89530E+01 MeV  Emin = 2.01482E+01 MeV  : (n,d9)
  20    MT =  660  Q = -1.90546E+01 MeV  Emin = 2.02562E+01 MeV  : (n,d10)
  21    MT =  661  Q = -1.90579E+01 MeV  Emin = 2.02597E+01 MeV  : (n,d11)
  22    MT =  662  Q = -1.91280E+01 MeV  Emin = 2.03343E+01 MeV  : (n,d12)
  23    MT =  663  Q = -1.96630E+01 MeV  Emin = 2.09030E+01 MeV  : (n,d13)
  24    MT =  664  Q = -1.97320E+01 MeV  Emin = 2.09763E+01 MeV  : (n,d14)
  25    MT =  665  Q = -1.98310E+01 MeV  Emin = 2.10816E+01 MeV  : (n,d15)
  26    MT =  666  Q = -1.99730E+01 MeV  Emin = 2.12325E+01 MeV  : (n,d16)
  27    MT =  667  Q = -2.03527E+01 MeV  Emin = 2.16362E+01 MeV  : (n,d17)
  28    MT =  668  Q = -2.04363E+01 MeV  Emin = 2.17251E+01 MeV  : (n,d18)
  29    MT =  669  Q = -2.05962E+01 MeV  Emin = 2.18950E+01 MeV  : (n,d19)
  30    MT =  700  Q = -1.44790E+01 MeV  Emin = 1.53921E+01 MeV  : (n,t) to ground state
  31    MT =  701  Q = -1.67918E+01 MeV  Emin = 1.78507E+01 MeV  : (n,t1)
  32    MT =  702  Q = -1.84271E+01 MeV  Emin = 1.95892E+01 MeV  : (n,t2)
  33    MT =  703  Q = -1.93941E+01 MeV  Emin = 2.06171E+01 MeV  : (n,t3)
  34    MT =  704  Q = -1.95849E+01 MeV  Emin = 2.08200E+01 MeV  : (n,t4)
  35    MT =  705  Q = -2.01704E+01 MeV  Emin = 2.14424E+01 MeV  : (n,t5)
  36    MT =  706  Q = -2.03132E+01 MeV  Emin = 2.15942E+01 MeV  : (n,t6)
  37    MT =  707  Q = -2.06825E+01 MeV  Emin = 2.19868E+01 MeV  : (n,t7)
  38    MT =  708  Q = -2.09252E+01 MeV  Emin = 2.22448E+01 MeV  : (n,t8)
  39    MT =  709  Q = -2.15081E+01 MeV  Emin = 2.28645E+01 MeV  : (n,t9)
  40    MT =  749  Q = -2.15081E+01 MeV  Emin = 2.28645E+01 MeV  : (n,t) to continuum
  41    MT =  800  Q = -2.21430E+00 MeV  Emin = 2.35532E+00 MeV  : (n,alpha) to ground state
  42    MT =  801  Q = -5.30500E+00 MeV  Emin = 5.63954E+00 MeV  : (n,a1)
  43    MT =  802  Q = -5.90010E+00 MeV  Emin = 6.27217E+00 MeV  : (n,a2)
  44    MT =  803  Q = -6.06940E+00 MeV  Emin = 6.45215E+00 MeV  : (n,a3)

 Nuclide    6 / 8 : 9019.09c -- fluorine 19 (F-19)

 Pointers                     : 31171 5844
 Primary type                 : Transport
 Nuclide ZAI                  : 90190
 Library ID                   : 09c
 Cross section data file      : /usr/local/SERPENT/xsdata/endfb7/acedata/9019ENDF7.ace
 Atomic weight (AW)           : 18.99820
 Atomic weight ratio (AWR)    : 18.83500
 Temperature                  : 900.0 Kelvin
 XS temperature               : 900.0 Kelvin
 Half-life                    : N/A
 Specific ingestion toxicity  : N/A
 Specific inhalation toxicity : N/A

 - Nuclide is not involved in burnup calculation
 - Nuclide has neutron transport data
 - Nuclide has no photon transport data
 - Nuclide has no S(a,b) data
 - Nuclide is not fissile
 - Nuclide is not a delayed neutron precursor
 - Nuclide has no delayed neutron data
 - Nuclide has no ures ptable data
 - Nuclide temperature is not adjusted with ETTM
 - Nuclide has no dosimetry data
 - Nuclide has no decay data
 - Nuclide has no supplementary transmutation cross section data
 - Nuclide has no NFY data
 - Nuclide has no SFY data

 - 31 reaction channels
 - 4 special reactions
 - No transmutation reactions
 - No transmutation branch reactions
 - No decay reactions
 - No decay branch reactions
 - No transmutation paths

 31 reactions channel:

   1    MT =    2  Q =  0.00000E+00 MeV  Emin = 1.00000E-11 MeV  frac = 1.00000E+00  : elastic scattering
   2    MT =   16  Q = -1.04310E+01 MeV  Emin = 1.10000E+01 MeV  frac = 1.00000E+00  : (n,2n)
   3    MT =   22  Q = -4.01290E+00 MeV  Emin = 4.22600E+00 MeV  frac = 1.00000E+00  : (n,nalpha)
   4    MT =   28  Q = -7.99300E+00 MeV  Emin = 8.41740E+00 MeV  frac = 1.00000E+00  : (n,np)
   5    MT =   51  Q = -1.09900E-01 MeV  Emin = 1.15840E-01 MeV  frac = 1.00000E+00  : inelastic scatt. to 1. excited state
   6    MT =   52  Q = -1.97000E-01 MeV  Emin = 2.07460E-01 MeV  frac = 1.00000E+00  : inelastic scatt. to 2. excited state
   7    MT =   53  Q = -1.34600E+00 MeV  Emin = 1.41750E+00 MeV  frac = 1.00000E+00  : inelastic scatt. to 3. excited state
   8    MT =   54  Q = -1.45900E+00 MeV  Emin = 1.53650E+00 MeV  frac = 1.00000E+00  : inelastic scatt. to 4. excited state
   9    MT =   55  Q = -1.55400E+00 MeV  Emin = 1.63651E+00 MeV  frac = 1.00000E+00  : inelastic scatt. to 5. excited state
  10    MT =   56  Q = -2.78000E+00 MeV  Emin = 2.92760E+00 MeV  frac = 1.00000E+00  : inelastic scatt. to 6. excited state
  11    MT =   57  Q = -3.90700E+00 MeV  Emin = 4.11443E+00 MeV  frac = 1.00000E+00  : inelastic scatt. to 7. excited state
  12    MT =   58  Q = -3.99900E+00 MeV  Emin = 4.21132E+00 MeV  frac = 1.00000E+00  : inelastic scatt. to 8. excited state
  13    MT =   59  Q = -4.03200E+00 MeV  Emin = 4.24610E+00 MeV  frac = 1.00000E+00  : inelastic scatt. to 9. excited state
  14    MT =   60  Q = -4.37800E+00 MeV  Emin = 4.61044E+00 MeV  frac = 1.00000E+00  : inelastic scatt. to 10. excited state
  15    MT =   61  Q = -4.54900E+00 MeV  Emin = 4.79052E+00 MeV  frac = 1.00000E+00  : inelastic scatt. to 11. excited state
  16    MT =   62  Q = -4.55800E+00 MeV  Emin = 4.80000E+00 MeV  frac = 1.00000E+00  : inelastic scatt. to 12. excited state
  17    MT =   63  Q = -4.64800E+00 MeV  Emin = 4.89480E+00 MeV  frac = 1.00000E+00  : inelastic scatt. to 13. excited state
  18    MT =   64  Q = -4.68300E+00 MeV  Emin = 4.93163E+00 MeV  frac = 1.00000E+00  : inelastic scatt. to 14. excited state
  19    MT =   65  Q = -5.10600E+00 MeV  Emin = 5.37710E+00 MeV  frac = 1.00000E+00  : inelastic scatt. to 15. excited state
  20    MT =   66  Q = -5.36600E+00 MeV  Emin = 5.65090E+00 MeV  frac = 1.00000E+00  : inelastic scatt. to 16. excited state
  21    MT =   67  Q = -5.43000E+00 MeV  Emin = 5.71830E+00 MeV  frac = 1.00000E+00  : inelastic scatt. to 17. excited state
  22    MT =   68  Q = -5.46400E+00 MeV  Emin = 5.75410E+00 MeV  frac = 1.00000E+00  : inelastic scatt. to 18. excited state
  23    MT =   69  Q = -5.49900E+00 MeV  Emin = 5.79100E+00 MeV  frac = 1.00000E+00  : inelastic scatt. to 19. excited state
  24    MT =   70  Q = -5.54000E+00 MeV  Emin = 5.83413E+00 MeV  frac = 1.00000E+00  : inelastic scatt. to 20. excited state
  25    MT =   71  Q = -5.62100E+00 MeV  Emin = 5.91944E+00 MeV  frac = 1.00000E+00  : inelastic scatt. to 21. excited state
  26    MT =   91  Q = -5.64000E+00 MeV  Emin = 5.93944E+00 MeV  frac = 1.00000E+00  : inelastic scattering to continuum
  27    MT =  102  Q =  6.60130E+00 MeV  Emin = 1.00000E-11 MeV  frac = 1.00000E+00  : (n,gamma)
  28    MT =  103  Q = -4.03600E+00 MeV  Emin = 4.25030E+00 MeV  frac = 1.00000E+00  : (n,p)
  29    MT =  104  Q = -5.76800E+00 MeV  Emin = 7.00000E+00 MeV  frac = 1.00000E+00  : (n,d)
  30    MT =  105  Q = -7.55700E+00 MeV  Emin = 9.50000E+00 MeV  frac = 1.00000E+00  : (n,t)
  31    MT =  107  Q = -1.52300E+00 MeV  Emin = 1.60390E+00 MeV  frac = 1.00000E+00  : (n,alpha)

 4 special reactions:

   1    MT =  203  Q =  0.00000E+00 MeV  Emin = 4.25030E+00 MeV  : mt 203
   2    MT =  204  Q =  0.00000E+00 MeV  Emin = 6.99870E+00 MeV  : mt 204
   3    MT =  205  Q =  0.00000E+00 MeV  Emin = 9.50000E+00 MeV  : mt 205
   4    MT =  207  Q =  0.00000E+00 MeV  Emin = 1.60390E+00 MeV  : mt 207

 Nuclide    7 / 8 : 92235.12c -- uranium 235 (U-235)

 Pointers                     : 10884 105848
 Primary type                 : Transport
 Nuclide ZAI                  : 922350
 Library ID                   : 12c
 Cross section data file      : /usr/local/SERPENT/xsdata/endfb7/acedata/92235ENDF7.ace
 Atomic weight (AW)           : 235.04395
 Atomic weight ratio (AWR)    : 233.02480
 Temperature                  : 1200.0 Kelvin
 XS temperature               : 1200.0 Kelvin
 Half-life                    : N/A
 Specific ingestion toxicity  : N/A
 Specific inhalation toxicity : N/A

 - Nuclide is not involved in burnup calculation
 - Nuclide has neutron transport data
 - Nuclide has no photon transport data
 - Nuclide has no S(a,b) data
 - Nuclide is fissile
 - Nuclide is not a delayed neutron precursor
 - Nuclide has delayed neutron data in 6 precursor groups
 - Nuclide has ures ptable data but it is not used
 - Nuclide temperature is not adjusted with ETTM
 - Nuclide has no dosimetry data
 - Nuclide has no decay data
 - Nuclide has no supplementary transmutation cross section data
 - Nuclide has no NFY data
 - Nuclide has no SFY data

 - 47 reaction channels
 - 1 special reactions
 - No transmutation reactions
 - No transmutation branch reactions
 - No decay reactions
 - No decay branch reactions
 - No transmutation paths

 47 reactions channel:

   1    MT =    2  Q =  0.00000E+00 MeV  Emin = 1.00000E-11 MeV  frac = 1.00000E+00  : elastic scattering
   2    MT =   16  Q = -5.29778E+00 MeV  Emin = 5.32052E+00 MeV  frac = 1.00000E+00  : (n,2n)
   3    MT =   17  Q = -1.21423E+01 MeV  Emin = 1.21944E+01 MeV  frac = 1.00000E+00  : (n,3n)
   4    MT =   18  Q =  1.93483E+02 MeV  Emin = 1.00000E-11 MeV  frac = 1.00000E+00  : total fission
   5    MT =   37  Q = -1.78856E+01 MeV  Emin = 1.79624E+01 MeV  frac = 1.00000E+00  : (n,4n)
   6    MT =   51  Q = -7.68000E-05 MeV  Emin = 2.25000E-03 MeV  frac = 1.00000E+00  : inelastic scatt. to 1. excited state
   7    MT =   52  Q = -1.30400E-02 MeV  Emin = 1.30960E-02 MeV  frac = 1.00000E+00  : inelastic scatt. to 2. excited state
   8    MT =   53  Q = -4.62000E-02 MeV  Emin = 4.63983E-02 MeV  frac = 1.00000E+00  : inelastic scatt. to 3. excited state
   9    MT =   54  Q = -5.13000E-02 MeV  Emin = 5.15202E-02 MeV  frac = 1.00000E+00  : inelastic scatt. to 4. excited state
  10    MT =   55  Q = -8.17000E-02 MeV  Emin = 8.20506E-02 MeV  frac = 1.00000E+00  : inelastic scatt. to 5. excited state
  11    MT =   56  Q = -1.03000E-01 MeV  Emin = 1.03442E-01 MeV  frac = 1.00000E+00  : inelastic scatt. to 6. excited state
  12    MT =   57  Q = -1.34000E-01 MeV  Emin = 1.34575E-01 MeV  frac = 1.00000E+00  : inelastic scatt. to 7. excited state
  13    MT =   58  Q = -1.70700E-01 MeV  Emin = 1.71433E-01 MeV  frac = 1.00000E+00  : inelastic scatt. to 8. excited state
  14    MT =   59  Q = -1.74500E-01 MeV  Emin = 1.75249E-01 MeV  frac = 1.00000E+00  : inelastic scatt. to 9. excited state
  15    MT =   60  Q = -2.49100E-01 MeV  Emin = 2.50169E-01 MeV  frac = 1.00000E+00  : inelastic scatt. to 10. excited state
  16    MT =   61  Q = -2.93000E-01 MeV  Emin = 2.94258E-01 MeV  frac = 1.00000E+00  : inelastic scatt. to 11. excited state
  17    MT =   62  Q = -3.34000E-01 MeV  Emin = 3.35433E-01 MeV  frac = 1.00000E+00  : inelastic scatt. to 12. excited state
  18    MT =   63  Q = -3.65000E-01 MeV  Emin = 3.66567E-01 MeV  frac = 1.00000E+00  : inelastic scatt. to 13. excited state
  19    MT =   64  Q = -3.98000E-01 MeV  Emin = 3.99708E-01 MeV  frac = 1.00000E+00  : inelastic scatt. to 14. excited state
  20    MT =   65  Q = -4.30000E-01 MeV  Emin = 4.31845E-01 MeV  frac = 1.00000E+00  : inelastic scatt. to 15. excited state
  21    MT =   66  Q = -4.48000E-01 MeV  Emin = 4.49923E-01 MeV  frac = 1.00000E+00  : inelastic scatt. to 16. excited state
  22    MT =   67  Q = -5.50000E-01 MeV  Emin = 5.52360E-01 MeV  frac = 1.00000E+00  : inelastic scatt. to 17. excited state
  23    MT =   68  Q = -6.50000E-01 MeV  Emin = 6.52790E-01 MeV  frac = 1.00000E+00  : inelastic scatt. to 18. excited state
  24    MT =   69  Q = -7.70000E-01 MeV  Emin = 7.73304E-01 MeV  frac = 1.00000E+00  : inelastic scatt. to 19. excited state
  25    MT =   70  Q = -9.00000E-01 MeV  Emin = 9.03862E-01 MeV  frac = 1.00000E+00  : inelastic scatt. to 20. excited state
  26    MT =   71  Q = -1.06250E+00 MeV  Emin = 1.06706E+00 MeV  frac = 1.00000E+00  : inelastic scatt. to 21. excited state
  27    MT =   72  Q = -1.17000E+00 MeV  Emin = 1.17502E+00 MeV  frac = 1.00000E+00  : inelastic scatt. to 22. excited state
  28    MT =   73  Q = -1.25000E+00 MeV  Emin = 1.25537E+00 MeV  frac = 1.00000E+00  : inelastic scatt. to 23. excited state
  29    MT =   74  Q = -1.44000E+00 MeV  Emin = 1.44618E+00 MeV  frac = 1.00000E+00  : inelastic scatt. to 24. excited state
  30    MT =   75  Q = -1.59000E+00 MeV  Emin = 1.59682E+00 MeV  frac = 1.00000E+00  : inelastic scatt. to 25. excited state
  31    MT =   76  Q = -1.75000E+00 MeV  Emin = 1.75751E+00 MeV  frac = 1.00000E+00  : inelastic scatt. to 26. excited state
  32    MT =   77  Q = -1.85000E+00 MeV  Emin = 1.85794E+00 MeV  frac = 1.00000E+00  : inelastic scatt. to 27. excited state
  33    MT =   78  Q = -1.95000E+00 MeV  Emin = 1.95837E+00 MeV  frac = 1.00000E+00  : inelastic scatt. to 28. excited state
  34    MT =   79  Q = -2.15000E+00 MeV  Emin = 2.15923E+00 MeV  frac = 1.00000E+00  : inelastic scatt. to 29. excited state
  35    MT =   80  Q = -2.30000E+00 MeV  Emin = 2.30987E+00 MeV  frac = 1.00000E+00  : inelastic scatt. to 30. excited state
  36    MT =   81  Q = -2.39000E+00 MeV  Emin = 2.40026E+00 MeV  frac = 1.00000E+00  : inelastic scatt. to 31. excited state
  37    MT =   82  Q = -2.49280E+00 MeV  Emin = 2.50350E+00 MeV  frac = 1.00000E+00  : inelastic scatt. to 32. excited state
  38    MT =   83  Q = -2.94000E+00 MeV  Emin = 2.95262E+00 MeV  frac = 1.00000E+00  : inelastic scatt. to 33. excited state
  39    MT =   84  Q = -3.18900E+00 MeV  Emin = 3.20269E+00 MeV  frac = 1.00000E+00  : inelastic scatt. to 34. excited state
  40    MT =   85  Q = -3.38800E+00 MeV  Emin = 3.40254E+00 MeV  frac = 1.00000E+00  : inelastic scatt. to 35. excited state
  41    MT =   86  Q = -3.53800E+00 MeV  Emin = 3.55318E+00 MeV  frac = 1.00000E+00  : inelastic scatt. to 36. excited state
  42    MT =   87  Q = -3.63700E+00 MeV  Emin = 3.65261E+00 MeV  frac = 1.00000E+00  : inelastic scatt. to 37. excited state
  43    MT =   88  Q = -3.73700E+00 MeV  Emin = 3.75304E+00 MeV  frac = 1.00000E+00  : inelastic scatt. to 38. excited state
  44    MT =   89  Q = -3.83700E+00 MeV  Emin = 3.85347E+00 MeV  frac = 1.00000E+00  : inelastic scatt. to 39. excited state
  45    MT =   90  Q = -3.90900E+00 MeV  Emin = 3.92578E+00 MeV  frac = 1.00000E+00  : inelastic scatt. to 40. excited state
  46    MT =   91  Q = -4.97864E-01 MeV  Emin = 5.00000E-01 MeV  frac = 1.00000E+00  : inelastic scattering to continuum
  47    MT =  102  Q =  6.54520E+00 MeV  Emin = 1.00000E-11 MeV  frac = 1.00000E+00  : (n,gamma)

 1 special reaction:

   1    MT =    4  Q =  0.00000E+00 MeV  Emin = 2.25000E-03 MeV  : total inelastic scattering

 Nuclide    8 / 8 : 92238.12c -- uranium 238 (U-238)

 Pointers                     : 14299 106676
 Primary type                 : Transport
 Nuclide ZAI                  : 922380
 Library ID                   : 12c
 Cross section data file      : /usr/local/SERPENT/xsdata/endfb7/acedata/92238ENDF7.ace
 Atomic weight (AW)           : 238.05078
 Atomic weight ratio (AWR)    : 236.00580
 Temperature                  : 1200.0 Kelvin
 XS temperature               : 1200.0 Kelvin
 Half-life                    : N/A
 Specific ingestion toxicity  : N/A
 Specific inhalation toxicity : N/A

 - Nuclide is not involved in burnup calculation
 - Nuclide has neutron transport data
 - Nuclide has no photon transport data
 - Nuclide has no S(a,b) data
 - Nuclide is fissile
 - Nuclide is not a delayed neutron precursor
 - Nuclide has delayed neutron data in 6 precursor groups
 - Nuclide has ures ptable data but it is not used
 - Nuclide temperature is not adjusted with ETTM
 - Nuclide has no dosimetry data
 - Nuclide has no decay data
 - Nuclide has no supplementary transmutation cross section data
 - Nuclide has no NFY data
 - Nuclide has no SFY data

 - 47 reaction channels
 - No special reactions
 - No transmutation reactions
 - No transmutation branch reactions
 - No decay reactions
 - No decay branch reactions
 - No transmutation paths

 47 reactions channel:

   1    MT =    2  Q =  0.00000E+00 MeV  Emin = 1.00000E-11 MeV  frac = 1.00000E+00  : elastic scattering
   2    MT =   16  Q = -6.15280E+00 MeV  Emin = 6.17887E+00 MeV  frac = 1.00000E+00  : (n,2n)
   3    MT =   17  Q = -1.12786E+01 MeV  Emin = 1.13264E+01 MeV  frac = 1.00000E+00  : (n,3n)
   4    MT =   18  Q =  1.98032E+02 MeV  Emin = 1.00000E-11 MeV  frac = 1.00000E+00  : total fission
   5    MT =   37  Q = -1.78237E+01 MeV  Emin = 1.78992E+01 MeV  frac = 1.00000E+00  : (n,4n)
   6    MT =   51  Q = -4.49000E-02 MeV  Emin = 4.50903E-02 MeV  frac = 1.00000E+00  : inelastic scatt. to 1. excited state
   7    MT =   52  Q = -1.48400E-01 MeV  Emin = 1.49029E-01 MeV  frac = 1.00000E+00  : inelastic scatt. to 2. excited state
   8    MT =   53  Q = -3.07200E-01 MeV  Emin = 3.08502E-01 MeV  frac = 1.00000E+00  : inelastic scatt. to 3. excited state
   9    MT =   54  Q = -5.18300E-01 MeV  Emin = 5.20496E-01 MeV  frac = 1.00000E+00  : inelastic scatt. to 4. excited state
  10    MT =   55  Q = -6.80100E-01 MeV  Emin = 6.82982E-01 MeV  frac = 1.00000E+00  : inelastic scatt. to 5. excited state
  11    MT =   56  Q = -7.31900E-01 MeV  Emin = 7.35001E-01 MeV  frac = 1.00000E+00  : inelastic scatt. to 6. excited state
  12    MT =   57  Q = -7.75700E-01 MeV  Emin = 7.78987E-01 MeV  frac = 1.00000E+00  : inelastic scatt. to 7. excited state
  13    MT =   58  Q = -8.26700E-01 MeV  Emin = 8.30203E-01 MeV  frac = 1.00000E+00  : inelastic scatt. to 8. excited state
  14    MT =   59  Q = -9.25700E-01 MeV  Emin = 9.29623E-01 MeV  frac = 1.00000E+00  : inelastic scatt. to 9. excited state
  15    MT =   60  Q = -9.30800E-01 MeV  Emin = 9.34744E-01 MeV  frac = 1.00000E+00  : inelastic scatt. to 10. excited state
  16    MT =   61  Q = -9.50200E-01 MeV  Emin = 9.54226E-01 MeV  frac = 1.00000E+00  : inelastic scatt. to 11. excited state
  17    MT =   62  Q = -9.66300E-01 MeV  Emin = 9.70395E-01 MeV  frac = 1.00000E+00  : inelastic scatt. to 12. excited state
  18    MT =   63  Q = -9.67300E-01 MeV  Emin = 9.71399E-01 MeV  frac = 1.00000E+00  : inelastic scatt. to 13. excited state
  19    MT =   64  Q = -9.93000E-01 MeV  Emin = 9.97208E-01 MeV  frac = 1.00000E+00  : inelastic scatt. to 14. excited state
  20    MT =   65  Q = -9.97500E-01 MeV  Emin = 1.00173E+00 MeV  frac = 1.00000E+00  : inelastic scatt. to 15. excited state
  21    MT =   66  Q = -1.03730E+00 MeV  Emin = 1.04170E+00 MeV  frac = 1.00000E+00  : inelastic scatt. to 16. excited state
  22    MT =   67  Q = -1.05660E+00 MeV  Emin = 1.06108E+00 MeV  frac = 1.00000E+00  : inelastic scatt. to 17. excited state
  23    MT =   68  Q = -1.05950E+00 MeV  Emin = 1.06399E+00 MeV  frac = 1.00000E+00  : inelastic scatt. to 18. excited state
  24    MT =   69  Q = -1.06030E+00 MeV  Emin = 1.06479E+00 MeV  frac = 1.00000E+00  : inelastic scatt. to 19. excited state
  25    MT =   70  Q = -1.07650E+00 MeV  Emin = 1.08106E+00 MeV  frac = 1.00000E+00  : inelastic scatt. to 20. excited state
  26    MT =   71  Q = -1.10570E+00 MeV  Emin = 1.11039E+00 MeV  frac = 1.00000E+00  : inelastic scatt. to 21. excited state
  27    MT =   72  Q = -1.17000E+00 MeV  Emin = 1.17496E+00 MeV  frac = 1.00000E+00  : inelastic scatt. to 22. excited state
  28    MT =   73  Q = -1.25000E+00 MeV  Emin = 1.25530E+00 MeV  frac = 1.00000E+00  : inelastic scatt. to 23. excited state
  29    MT =   74  Q = -1.44000E+00 MeV  Emin = 1.44610E+00 MeV  frac = 1.00000E+00  : inelastic scatt. to 24. excited state
  30    MT =   75  Q = -1.59000E+00 MeV  Emin = 1.59674E+00 MeV  frac = 1.00000E+00  : inelastic scatt. to 25. excited state
  31    MT =   76  Q = -1.75000E+00 MeV  Emin = 1.75742E+00 MeV  frac = 1.00000E+00  : inelastic scatt. to 26. excited state
  32    MT =   77  Q = -1.85000E+00 MeV  Emin = 1.85784E+00 MeV  frac = 1.00000E+00  : inelastic scatt. to 27. excited state
  33    MT =   78  Q = -1.95000E+00 MeV  Emin = 1.95826E+00 MeV  frac = 1.00000E+00  : inelastic scatt. to 28. excited state
  34    MT =   79  Q = -2.15000E+00 MeV  Emin = 2.15911E+00 MeV  frac = 1.00000E+00  : inelastic scatt. to 29. excited state
  35    MT =   80  Q = -2.30000E+00 MeV  Emin = 2.30975E+00 MeV  frac = 1.00000E+00  : inelastic scatt. to 30. excited state
  36    MT =   81  Q = -2.39000E+00 MeV  Emin = 2.40013E+00 MeV  frac = 1.00000E+00  : inelastic scatt. to 31. excited state
  37    MT =   82  Q = -2.49280E+00 MeV  Emin = 2.50336E+00 MeV  frac = 1.00000E+00  : inelastic scatt. to 32. excited state
  38    MT =   83  Q = -2.94000E+00 MeV  Emin = 2.95246E+00 MeV  frac = 1.00000E+00  : inelastic scatt. to 33. excited state
  39    MT =   84  Q = -3.18900E+00 MeV  Emin = 3.20251E+00 MeV  frac = 1.00000E+00  : inelastic scatt. to 34. excited state
  40    MT =   85  Q = -3.38800E+00 MeV  Emin = 3.40236E+00 MeV  frac = 1.00000E+00  : inelastic scatt. to 35. excited state
  41    MT =   86  Q = -3.53800E+00 MeV  Emin = 3.55299E+00 MeV  frac = 1.00000E+00  : inelastic scatt. to 36. excited state
  42    MT =   87  Q = -3.63700E+00 MeV  Emin = 3.65241E+00 MeV  frac = 1.00000E+00  : inelastic scatt. to 37. excited state
  43    MT =   88  Q = -3.73700E+00 MeV  Emin = 3.75284E+00 MeV  frac = 1.00000E+00  : inelastic scatt. to 38. excited state
  44    MT =   89  Q = -3.83700E+00 MeV  Emin = 3.85326E+00 MeV  frac = 1.00000E+00  : inelastic scatt. to 39. excited state
  45    MT =   90  Q = -3.90900E+00 MeV  Emin = 3.92556E+00 MeV  frac = 1.00000E+00  : inelastic scatt. to 40. excited state
  46    MT =   91  Q = -1.11260E+00 MeV  Emin = 1.11732E+00 MeV  frac = 1.00000E+00  : inelastic scattering to continuum
  47    MT =  102  Q =  4.80650E+00 MeV  Emin = 1.00000E-11 MeV  frac = 1.00000E+00  : (n,gamma)

 --- Table  1: Summary of material compositions: 

 2 materials included in calculation


Material "fuel1":

 - Atom density 8.9692E-02 1/barn*cm
 - Mass density 8.7500E+00 g/cm3
 - Volume 5.2360E+02 cm3
 - Mass 4.5815E+03 g
 - 4 nuclides in composition
 - No nuclides associated with S(a,b) data
 - 3.72 Mb of memory allocated for data

Isotopic composition (non-zero densities):

-------------------------------------------------------------------
 Nuclide    a. weight   temp      a. dens      a. frac      m. frac
-------------------------------------------------------------------
 92235.12c  235.04395 1200.0  1.79385E-03  2.00000E-02  8.00171E-02    
 92238.12c  238.05078 1200.0  1.61446E-02  1.80000E-01  7.29367E-01    
  8016.12c   15.99492 1200.0  3.58770E-02  4.00000E-01  1.08904E-01    
  6000.12c   12.00110 1200.0  3.58770E-02  4.00000E-01  8.17118E-02    
       sum                    8.96924E-02  1.00000E+00  1.00000E+00
-------------------------------------------------------------------

Material "flibe":

 - Atom density 8.2700E-02 1/barn*cm
 - Mass density 1.9400E+00 g/cm3
 - Volume 0.0000E+00 cm3
 - Mass 0.0000E+00 g
 - 4 nuclides in composition
 - No nuclides associated with S(a,b) data
 - 2.49 Mb of memory allocated for data

Isotopic composition (non-zero densities):

-------------------------------------------------------------------
 Nuclide    a. weight   temp      a. dens      a. frac      m. frac
-------------------------------------------------------------------
  3006.09c    6.01507  900.0  1.77214E-03  2.14286E-02  9.12417E-03    
  3007.09c    7.01600  900.0  2.18564E-02  2.64286E-01  1.31257E-01    
  4009.09c    9.01220  900.0  1.18143E-02  1.42857E-01  9.11365E-02    
  9019.09c   18.99820  900.0  4.72571E-02  5.71429E-01  7.68482E-01    
       sum                    8.26999E-02  1.00000E+00  1.00000E+00
-------------------------------------------------------------------
