
 --- Table  1: Summary of nuclide data: 

 Data for 9 nuclides included in calculation:

 - 9 Transport nuclides
 - No dosimetry nuclides
 - No decay nuclides
 - 240 reaction channels
 - 125 special reactions
 - No transmutation reactions
 - No transmutation branch reactions
 - No decay reactions
 - No decay branch reactions
 - All reaction linked to target

 Columns:

  1. Index
  2. Level (first occurence in transmutation paths)
  3. Name (nuclide identifier data)
  4. Library ID
  5. Primary data type: TRA = transport
                        DOS = dosimetry
                        SAB = thermal scattering
                        DEC = only decay data
                        STR = only structural data (mass)
                        PHO = photon interaction data
  6. Z (atomic number)
  7. A (isotope number)
  8. I (isomeric state)
  9. Atomic weight
 10. Temperature (in Kelvin)
 11. Decay constant (1/s)
 12. Flags: I - nuclide is present in initial composition
            B - nuclide is involved in burnup calculation
            A - nuclide is produced as activation product
            D - nuclide is produced as decay product
            F - nuclide is produced as fission product
            B - nuclide is produced in decay or transmutation branching
            T - nuclide has neutron transport cross section data
            S - nuclide has S(a,b) data
            I - nuclide has isomeric branching reactions
            F - nuclide is fissile
            P - nuclide is a delayed neutron precursor
            D - nuclide has delayed neutron data
            U - nuclide has uses ures ptable data
            E - nuclide cross sections are adjusted by ETTM
            D - nuclide has dosimetry cross section data
            R - nuclide has radioactive decay data
            N - nuclide has neutron-induced fission yield data
            S - nuclide has spontaneous fission yield data
            P - nuclide has photon transport cross section data
            T - nuclide has supplementary transmutation cross section data

    1   0  1002.03c    03c  TRA    1   2 0    2.01410   300.0          N/A  I-----T-------------  deuterium (H-2)
    2   0  8016.03c    03c  TRA    8  16 0   15.99492   300.0          N/A  I-----T-------------  oxygen 16 (O-16)
    3   0  40090.03c   03c  TRA   40  90 0   89.90473   300.0          N/A  I-----T-------------  zirconium 90 (Zr-90)
    4   0  40091.03c   03c  TRA   40  91 0   90.90563   300.0          N/A  I-----T-------------  zirconium 91 (Zr-91)
    5   0  40092.03c   03c  TRA   40  92 0   91.90501   300.0          N/A  I-----T-------------  zirconium 92 (Zr-92)
    6   0  40094.03c   03c  TRA   40  94 0   93.90631   300.0          N/A  I-----T-------------  zirconium 94 (Zr-94)
    7   0  40096.03c   03c  TRA   40  96 0   95.90830   300.0          N/A  I-----T-------------  zirconium 96 (Zr-96)
    8   0  92235.03c   03c  TRA   92 235 0  235.04395   300.0          N/A  I-----T--F-D--------  uranium 235 (U-235)
    9   0  92238.03c   03c  TRA   92 238 0  238.05078   300.0          N/A  I-----T--F-D--------  uranium 238 (U-238)

 --- Table  2: Reaction and decay data: 

 Nuclide    1 / 9 : 1002.03c -- deuterium (H-2)

 Pointers                     : 36719 1106
 Primary type                 : Transport
 Nuclide ZAI                  : 10020
 Library ID                   : 03c
 Cross section data file      : /usr/local/SERPENT/xsdata/endfb7/acedata/1002ENDF7.ace
 Atomic weight (AW)           : 2.01410
 Atomic weight ratio (AWR)    : 1.99680
 Temperature                  : 300.0 Kelvin
 XS temperature               : 300.0 Kelvin
 Half-life                    : N/A
 Specific ingestion toxicity  : N/A
 Specific inhalation toxicity : N/A

 - Nuclide is not involved in burnup calculation
 - Nuclide has neutron transport data
 - Nuclide has no photon transport data
 - Nuclide has no S(a,b) data
 - Nuclide is not fissile
 - Nuclide is not a delayed neutron precursor
 - Nuclide has no delayed neutron data
 - Nuclide has no ures ptable data
 - Nuclide temperature is not adjusted with ETTM
 - Nuclide has no dosimetry data
 - Nuclide has no decay data
 - Nuclide has no supplementary transmutation cross section data
 - Nuclide has no NFY data
 - Nuclide has no SFY data

 - 3 reaction channels
 - 2 special reactions
 - No transmutation reactions
 - No transmutation branch reactions
 - No decay reactions
 - No decay branch reactions
 - No transmutation paths

 3 reactions channel:

   1    MT =    2  Q =  0.00000E+00 MeV  Emin = 1.00000E-11 MeV  frac = 1.00000E+00  : elastic scattering
   2    MT =   16  Q = -2.22500E+00 MeV  Emin = 3.33929E+00 MeV  frac = 1.00000E+00  : (n,2n)
   3    MT =  102  Q =  6.25740E+00 MeV  Emin = 1.00000E-11 MeV  frac = 1.00000E+00  : (n,gamma)

 2 special reactions:

   1    MT =  203  Q =  0.00000E+00 MeV  Emin = 3.33900E+00 MeV  : mt 203
   2    MT =  205  Q =  0.00000E+00 MeV  Emin = 1.00000E-11 MeV  : mt 205

 Nuclide    2 / 9 : 8016.03c -- oxygen 16 (O-16)

 Pointers                     : 17846 5200
 Primary type                 : Transport
 Nuclide ZAI                  : 80160
 Library ID                   : 03c
 Cross section data file      : /usr/local/SERPENT/xsdata/endfb7/acedata/8016ENDF7.ace
 Atomic weight (AW)           : 15.99492
 Atomic weight ratio (AWR)    : 15.85751
 Temperature                  : 300.0 Kelvin
 XS temperature               : 300.0 Kelvin
 Half-life                    : N/A
 Specific ingestion toxicity  : N/A
 Specific inhalation toxicity : N/A

 - Nuclide is not involved in burnup calculation
 - Nuclide has neutron transport data
 - Nuclide has no photon transport data
 - Nuclide has no S(a,b) data
 - Nuclide is not fissile
 - Nuclide is not a delayed neutron precursor
 - Nuclide has no delayed neutron data
 - Nuclide has no ures ptable data
 - Nuclide temperature is not adjusted with ETTM
 - Nuclide has no dosimetry data
 - Nuclide has no decay data
 - Nuclide has no supplementary transmutation cross section data
 - Nuclide has no NFY data
 - Nuclide has no SFY data

 - 24 reaction channels
 - 44 special reactions
 - No transmutation reactions
 - No transmutation branch reactions
 - No decay reactions
 - No decay branch reactions
 - No transmutation paths

 24 reactions channel:

   1    MT =    2  Q =  0.00000E+00 MeV  Emin = 1.00000E-11 MeV  frac = 1.00000E+00  : elastic scattering
   2    MT =   16  Q = -1.56638E+01 MeV  Emin = 1.66516E+01 MeV  frac = 1.00000E+00  : (n,2n)
   3    MT =   22  Q = -7.16195E+00 MeV  Emin = 7.61360E+00 MeV  frac = 1.00000E+00  : (n,nalpha)
   4    MT =   23  Q = -1.44368E+01 MeV  Emin = 1.64100E+01 MeV  frac = 1.00000E+00  : (n,n3alpha)
   5    MT =   28  Q = -1.21276E+01 MeV  Emin = 1.28924E+01 MeV  frac = 1.00000E+00  : (n,np)
   6    MT =   32  Q = -2.07363E+01 MeV  Emin = 2.20440E+01 MeV  frac = 1.00000E+00  : (n,nd)
   7    MT =   41  Q = -2.29609E+01 MeV  Emin = 2.44089E+01 MeV  frac = 1.00000E+00  : (n,2np)
   8    MT =   44  Q = -2.23350E+01 MeV  Emin = 2.37435E+01 MeV  frac = 1.00000E+00  : (n,n2p)
   9    MT =   45  Q = -2.31192E+01 MeV  Emin = 2.45771E+01 MeV  frac = 1.00000E+00  : (n,npalpha)
  10    MT =   51  Q = -6.04940E+00 MeV  Emin = 6.43089E+00 MeV  frac = 1.00000E+00  : inelastic scatt. to 1. excited state
  11    MT =   52  Q = -6.12989E+00 MeV  Emin = 6.51646E+00 MeV  frac = 1.00000E+00  : inelastic scatt. to 2. excited state
  12    MT =   53  Q = -6.91710E+00 MeV  Emin = 7.35330E+00 MeV  frac = 1.00000E+00  : inelastic scatt. to 3. excited state
  13    MT =   54  Q = -7.11685E+00 MeV  Emin = 7.56565E+00 MeV  frac = 1.00000E+00  : inelastic scatt. to 4. excited state
  14    MT =   55  Q = -8.87190E+00 MeV  Emin = 9.43138E+00 MeV  frac = 1.00000E+00  : inelastic scatt. to 5. excited state
  15    MT =   56  Q = -1.09570E+01 MeV  Emin = 1.16480E+01 MeV  frac = 1.00000E+00  : inelastic scatt. to 6. excited state
  16    MT =   57  Q = -1.10800E+01 MeV  Emin = 1.17787E+01 MeV  frac = 1.00000E+00  : inelastic scatt. to 7. excited state
  17    MT =   91  Q = -9.58500E+00 MeV  Emin = 1.01895E+01 MeV  frac = 1.00000E+00  : inelastic scattering to continuum
  18    MT =  102  Q =  4.14342E+00 MeV  Emin = 1.00000E-11 MeV  frac = 1.00000E+00  : (n,gamma)
  19    MT =  103  Q = -9.63680E+00 MeV  Emin = 1.02445E+01 MeV  frac = 1.00000E+00  : (n,p)
  20    MT =  104  Q = -9.90300E+00 MeV  Emin = 1.05275E+01 MeV  frac = 1.00000E+00  : (n,d)
  21    MT =  105  Q = -1.44790E+01 MeV  Emin = 1.53921E+01 MeV  frac = 1.00000E+00  : (n,t)
  22    MT =  107  Q = -2.21430E+00 MeV  Emin = 2.35532E+00 MeV  frac = 1.00000E+00  : (n,alpha)
  23    MT =  108  Q = -1.28632E+01 MeV  Emin = 1.36744E+01 MeV  frac = 1.00000E+00  : (n,2alpha)
  24    MT =  112  Q = -1.97491E+01 MeV  Emin = 2.09945E+01 MeV  frac = 1.00000E+00  : (n,palpha)

 44 special reactions:

   1    MT =    5  Q =  0.00000E+00 MeV  Emin = 3.00000E+01 MeV  : anything
   2    MT =  203  Q =  0.00000E+00 MeV  Emin = 1.02445E+01 MeV  : mt 203
   3    MT =  204  Q =  0.00000E+00 MeV  Emin = 1.05275E+01 MeV  : mt 204
   4    MT =  205  Q =  0.00000E+00 MeV  Emin = 1.53921E+01 MeV  : mt 205
   5    MT =  207  Q =  0.00000E+00 MeV  Emin = 2.35532E+00 MeV  : mt 207
   6    MT =  600  Q = -9.63680E+00 MeV  Emin = 1.02445E+01 MeV  : (n,p) to ground state
   7    MT =  601  Q = -9.75690E+00 MeV  Emin = 1.03722E+01 MeV  : (n,p1)
   8    MT =  602  Q = -9.93380E+00 MeV  Emin = 1.05602E+01 MeV  : (n,p2)
   9    MT =  603  Q = -1.00343E+01 MeV  Emin = 1.06671E+01 MeV  : (n,p3)
  10    MT =  650  Q = -9.90300E+00 MeV  Emin = 1.05275E+01 MeV  : (n,d) to ground state
  11    MT =  651  Q = -1.51731E+01 MeV  Emin = 1.61300E+01 MeV  : (n,d1)
  12    MT =  652  Q = -1.52018E+01 MeV  Emin = 1.61610E+01 MeV  : (n,d2)
  13    MT =  653  Q = -1.62269E+01 MeV  Emin = 1.72502E+01 MeV  : (n,d3)
  14    MT =  654  Q = -1.70581E+01 MeV  Emin = 1.81338E+01 MeV  : (n,d4)
  15    MT =  655  Q = -1.72041E+01 MeV  Emin = 1.82890E+01 MeV  : (n,d5)
  16    MT =  656  Q = -1.74701E+01 MeV  Emin = 1.85718E+01 MeV  : (n,d6)
  17    MT =  657  Q = -1.82158E+01 MeV  Emin = 1.93645E+01 MeV  : (n,d7)
  18    MT =  658  Q = -1.84744E+01 MeV  Emin = 1.96394E+01 MeV  : (n,d8)
  19    MT =  659  Q = -1.89530E+01 MeV  Emin = 2.01482E+01 MeV  : (n,d9)
  20    MT =  660  Q = -1.90546E+01 MeV  Emin = 2.02562E+01 MeV  : (n,d10)
  21    MT =  661  Q = -1.90579E+01 MeV  Emin = 2.02597E+01 MeV  : (n,d11)
  22    MT =  662  Q = -1.91280E+01 MeV  Emin = 2.03343E+01 MeV  : (n,d12)
  23    MT =  663  Q = -1.96630E+01 MeV  Emin = 2.09030E+01 MeV  : (n,d13)
  24    MT =  664  Q = -1.97320E+01 MeV  Emin = 2.09763E+01 MeV  : (n,d14)
  25    MT =  665  Q = -1.98310E+01 MeV  Emin = 2.10816E+01 MeV  : (n,d15)
  26    MT =  666  Q = -1.99730E+01 MeV  Emin = 2.12325E+01 MeV  : (n,d16)
  27    MT =  667  Q = -2.03527E+01 MeV  Emin = 2.16362E+01 MeV  : (n,d17)
  28    MT =  668  Q = -2.04363E+01 MeV  Emin = 2.17251E+01 MeV  : (n,d18)
  29    MT =  669  Q = -2.05962E+01 MeV  Emin = 2.18950E+01 MeV  : (n,d19)
  30    MT =  700  Q = -1.44790E+01 MeV  Emin = 1.53921E+01 MeV  : (n,t) to ground state
  31    MT =  701  Q = -1.67918E+01 MeV  Emin = 1.78507E+01 MeV  : (n,t1)
  32    MT =  702  Q = -1.84271E+01 MeV  Emin = 1.95892E+01 MeV  : (n,t2)
  33    MT =  703  Q = -1.93941E+01 MeV  Emin = 2.06171E+01 MeV  : (n,t3)
  34    MT =  704  Q = -1.95849E+01 MeV  Emin = 2.08200E+01 MeV  : (n,t4)
  35    MT =  705  Q = -2.01704E+01 MeV  Emin = 2.14424E+01 MeV  : (n,t5)
  36    MT =  706  Q = -2.03132E+01 MeV  Emin = 2.15942E+01 MeV  : (n,t6)
  37    MT =  707  Q = -2.06825E+01 MeV  Emin = 2.19868E+01 MeV  : (n,t7)
  38    MT =  708  Q = -2.09252E+01 MeV  Emin = 2.22448E+01 MeV  : (n,t8)
  39    MT =  709  Q = -2.15081E+01 MeV  Emin = 2.28645E+01 MeV  : (n,t9)
  40    MT =  749  Q = -2.15081E+01 MeV  Emin = 2.28645E+01 MeV  : (n,t) to continuum
  41    MT =  800  Q = -2.21430E+00 MeV  Emin = 2.35532E+00 MeV  : (n,alpha) to ground state
  42    MT =  801  Q = -5.30500E+00 MeV  Emin = 5.63954E+00 MeV  : (n,a1)
  43    MT =  802  Q = -5.90010E+00 MeV  Emin = 6.27217E+00 MeV  : (n,a2)
  44    MT =  803  Q = -6.06940E+00 MeV  Emin = 6.45215E+00 MeV  : (n,a3)

 Nuclide    3 / 9 : 40090.03c -- zirconium 90 (Zr-90)

 Pointers                     : 22636 36112
 Primary type                 : Transport
 Nuclide ZAI                  : 400900
 Library ID                   : 03c
 Cross section data file      : /usr/local/SERPENT/xsdata/endfb7/acedata/40090ENDF7.ace
 Atomic weight (AW)           : 89.90473
 Atomic weight ratio (AWR)    : 89.13240
 Temperature                  : 300.0 Kelvin
 XS temperature               : 300.0 Kelvin
 Half-life                    : N/A
 Specific ingestion toxicity  : N/A
 Specific inhalation toxicity : N/A

 - Nuclide is not involved in burnup calculation
 - Nuclide has neutron transport data
 - Nuclide has no photon transport data
 - Nuclide has no S(a,b) data
 - Nuclide is not fissile
 - Nuclide is not a delayed neutron precursor
 - Nuclide has no delayed neutron data
 - Nuclide has ures ptable data but it is not used
 - Nuclide temperature is not adjusted with ETTM
 - Nuclide has no dosimetry data
 - Nuclide has no decay data
 - Nuclide has no supplementary transmutation cross section data
 - Nuclide has no NFY data
 - Nuclide has no SFY data

 - 18 reaction channels
 - 61 special reactions
 - No transmutation reactions
 - No transmutation branch reactions
 - No decay reactions
 - No decay branch reactions
 - No transmutation paths

 18 reactions channel:

   1    MT =    2  Q =  0.00000E+00 MeV  Emin = 1.00000E-11 MeV  frac = 1.00000E+00  : elastic scattering
   2    MT =   16  Q = -1.19700E+01 MeV  Emin = 1.21043E+01 MeV  frac = 1.00000E+00  : (n,2n)
   3    MT =   22  Q = -6.67100E+00 MeV  Emin = 1.00000E+01 MeV  frac = 1.00000E+00  : (n,nalpha)
   4    MT =   28  Q = -8.35500E+00 MeV  Emin = 8.44874E+00 MeV  frac = 1.00000E+00  : (n,np)
   5    MT =   51  Q = -1.76071E+00 MeV  Emin = 1.78046E+00 MeV  frac = 1.00000E+00  : inelastic scatt. to 1. excited state
   6    MT =   52  Q = -2.18627E+00 MeV  Emin = 2.21080E+00 MeV  frac = 1.00000E+00  : inelastic scatt. to 2. excited state
   7    MT =   53  Q = -2.31900E+00 MeV  Emin = 2.34502E+00 MeV  frac = 1.00000E+00  : inelastic scatt. to 3. excited state
   8    MT =   54  Q = -2.73930E+00 MeV  Emin = 2.77003E+00 MeV  frac = 1.00000E+00  : inelastic scatt. to 4. excited state
   9    MT =   55  Q = -2.74788E+00 MeV  Emin = 2.77871E+00 MeV  frac = 1.00000E+00  : inelastic scatt. to 5. excited state
  10    MT =   56  Q = -3.07693E+00 MeV  Emin = 3.11145E+00 MeV  frac = 1.00000E+00  : inelastic scatt. to 6. excited state
  11    MT =   57  Q = -3.30880E+00 MeV  Emin = 3.34592E+00 MeV  frac = 1.00000E+00  : inelastic scatt. to 7. excited state
  12    MT =   58  Q = -3.44823E+00 MeV  Emin = 3.48692E+00 MeV  frac = 1.00000E+00  : inelastic scatt. to 8. excited state
  13    MT =   59  Q = -3.55700E+00 MeV  Emin = 3.59691E+00 MeV  frac = 1.00000E+00  : inelastic scatt. to 9. excited state
  14    MT =   60  Q = -3.58942E+00 MeV  Emin = 3.62969E+00 MeV  frac = 1.00000E+00  : inelastic scatt. to 10. excited state
  15    MT =   91  Q = -1.27272E+00 MeV  Emin = 1.28700E+00 MeV  frac = 1.00000E+00  : inelastic scattering to continuum
  16    MT =  102  Q =  7.19400E+00 MeV  Emin = 1.00000E-11 MeV  frac = 1.00000E+00  : (n,gamma)
  17    MT =  103  Q =  0.00000E+00 MeV  Emin = 2.75000E+00 MeV  frac = 1.00000E+00  : (n,p)
  18    MT =  107  Q =  0.00000E+00 MeV  Emin = 2.00000E+00 MeV  frac = 1.00000E+00  : (n,alpha)

 61 special reactions:

   1    MT =  203  Q =  0.00000E+00 MeV  Emin = 2.75000E+00 MeV  : mt 203
   2    MT =  207  Q =  0.00000E+00 MeV  Emin = 2.00000E+00 MeV  : mt 207
   3    MT =  600  Q = -1.49800E+00 MeV  Emin = 2.75000E+00 MeV  : (n,p) to ground state
   4    MT =  601  Q = -1.70050E+00 MeV  Emin = 3.00000E+00 MeV  : (n,p1)
   5    MT =  602  Q = -2.17967E+00 MeV  Emin = 3.60000E+00 MeV  : (n,p2)
   6    MT =  603  Q = -2.27460E+00 MeV  Emin = 3.60000E+00 MeV  : (n,p3)
   7    MT =  604  Q = -2.45152E+00 MeV  Emin = 3.80000E+00 MeV  : (n,p4)
   8    MT =  605  Q = -2.54487E+00 MeV  Emin = 4.00000E+00 MeV  : (n,p5)
   9    MT =  606  Q = -2.68769E+00 MeV  Emin = 4.00000E+00 MeV  : (n,p6)
  10    MT =  607  Q = -2.70959E+00 MeV  Emin = 4.00000E+00 MeV  : (n,p7)
  11    MT =  608  Q = -2.79620E+00 MeV  Emin = 4.20000E+00 MeV  : (n,p8)
  12    MT =  609  Q = -2.86914E+00 MeV  Emin = 4.20000E+00 MeV  : (n,p9)
  13    MT =  610  Q = -2.91459E+00 MeV  Emin = 4.40000E+00 MeV  : (n,p10)
  14    MT =  611  Q = -3.05990E+00 MeV  Emin = 4.40000E+00 MeV  : (n,p11)
  15    MT =  612  Q = -3.06967E+00 MeV  Emin = 4.40000E+00 MeV  : (n,p12)
  16    MT =  613  Q = -3.13892E+00 MeV  Emin = 4.40000E+00 MeV  : (n,p13)
  17    MT =  614  Q = -3.25899E+00 MeV  Emin = 4.60000E+00 MeV  : (n,p14)
  18    MT =  615  Q = -3.30902E+00 MeV  Emin = 4.60000E+00 MeV  : (n,p15)
  19    MT =  616  Q = -3.31315E+00 MeV  Emin = 4.60000E+00 MeV  : (n,p16)
  20    MT =  649  Q = -3.31315E+00 MeV  Emin = 4.80000E+00 MeV  : (n,p) to continuum
  21    MT =  800  Q =  1.75600E+00 MeV  Emin = 2.00000E+00 MeV  : (n,alpha) to ground state
  22    MT =  801  Q =  1.36747E+00 MeV  Emin = 2.50000E+00 MeV  : (n,a1)
  23    MT =  802  Q =  8.82660E-01 MeV  Emin = 3.00000E+00 MeV  : (n,a2)
  24    MT =  803  Q =  5.27580E-01 MeV  Emin = 3.20000E+00 MeV  : (n,a3)
  25    MT =  804  Q =  5.02060E-01 MeV  Emin = 3.20000E+00 MeV  : (n,a4)
  26    MT =  805  Q =  1.60000E-02 MeV  Emin = 3.80000E+00 MeV  : (n,a5)
  27    MT =  806  Q =  1.40000E-02 MeV  Emin = 3.80000E+00 MeV  : (n,a6)
  28    MT =  807  Q = -1.44600E-02 MeV  Emin = 3.80000E+00 MeV  : (n,a7)
  29    MT =  808  Q = -1.64480E-01 MeV  Emin = 4.00000E+00 MeV  : (n,a8)
  30    MT =  809  Q = -3.54050E-01 MeV  Emin = 4.20000E+00 MeV  : (n,a9)
  31    MT =  810  Q = -3.97500E-01 MeV  Emin = 4.20000E+00 MeV  : (n,a10)
  32    MT =  811  Q = -4.13420E-01 MeV  Emin = 4.20000E+00 MeV  : (n,a11)
  33    MT =  812  Q = -4.79700E-01 MeV  Emin = 4.40000E+00 MeV  : (n,a12)
  34    MT =  813  Q = -5.06000E-01 MeV  Emin = 4.40000E+00 MeV  : (n,a13)
  35    MT =  814  Q = -6.58500E-01 MeV  Emin = 4.40000E+00 MeV  : (n,a14)
  36    MT =  815  Q = -6.64400E-01 MeV  Emin = 4.40000E+00 MeV  : (n,a15)
  37    MT =  816  Q = -7.32000E-01 MeV  Emin = 4.60000E+00 MeV  : (n,a16)
  38    MT =  817  Q = -7.76800E-01 MeV  Emin = 4.60000E+00 MeV  : (n,a17)
  39    MT =  818  Q = -7.80300E-01 MeV  Emin = 4.60000E+00 MeV  : (n,a18)
  40    MT =  819  Q = -7.83000E-01 MeV  Emin = 4.60000E+00 MeV  : (n,a19)
  41    MT =  820  Q = -7.94000E-01 MeV  Emin = 4.60000E+00 MeV  : (n,a20)
  42    MT =  821  Q = -7.99000E-01 MeV  Emin = 4.60000E+00 MeV  : (n,a21)
  43    MT =  822  Q = -8.40000E-01 MeV  Emin = 4.60000E+00 MeV  : (n,a22)
  44    MT =  823  Q = -8.75000E-01 MeV  Emin = 4.80000E+00 MeV  : (n,a23)
  45    MT =  824  Q = -9.00000E-01 MeV  Emin = 4.80000E+00 MeV  : (n,a24)
  46    MT =  825  Q = -9.20840E-01 MeV  Emin = 4.80000E+00 MeV  : (n,a25)
  47    MT =  826  Q = -9.23000E-01 MeV  Emin = 4.80000E+00 MeV  : (n,a26)
  48    MT =  827  Q = -9.26000E-01 MeV  Emin = 4.80000E+00 MeV  : (n,a27)
  49    MT =  828  Q = -9.51500E-01 MeV  Emin = 4.80000E+00 MeV  : (n,a28)
  50    MT =  829  Q = -1.04715E+00 MeV  Emin = 4.80000E+00 MeV  : (n,a29)
  51    MT =  830  Q = -1.06289E+00 MeV  Emin = 4.80000E+00 MeV  : (n,a30)
  52    MT =  831  Q = -1.06500E+00 MeV  Emin = 4.80000E+00 MeV  : (n,a31)
  53    MT =  832  Q = -1.07520E+00 MeV  Emin = 4.80000E+00 MeV  : (n,a32)
  54    MT =  833  Q = -1.09452E+00 MeV  Emin = 4.80000E+00 MeV  : (n,a33)
  55    MT =  834  Q = -1.13700E+00 MeV  Emin = 5.00000E+00 MeV  : (n,a34)
  56    MT =  835  Q = -1.14810E+00 MeV  Emin = 5.00000E+00 MeV  : (n,a35)
  57    MT =  836  Q = -1.16480E+00 MeV  Emin = 5.00000E+00 MeV  : (n,a36)
  58    MT =  837  Q = -1.16509E+00 MeV  Emin = 5.00000E+00 MeV  : (n,a37)
  59    MT =  838  Q = -1.18469E+00 MeV  Emin = 5.00000E+00 MeV  : (n,a38)
  60    MT =  839  Q = -1.22400E+00 MeV  Emin = 5.00000E+00 MeV  : (n,a39)
  61    MT =  849  Q = -1.22400E+00 MeV  Emin = 5.50000E+00 MeV  : (n,alpha) to continuum

 Nuclide    4 / 9 : 40091.03c -- zirconium 91 (Zr-91)

 Pointers                     : 28185 36388
 Primary type                 : Transport
 Nuclide ZAI                  : 400910
 Library ID                   : 03c
 Cross section data file      : /usr/local/SERPENT/xsdata/endfb7/acedata/40091ENDF7.ace
 Atomic weight (AW)           : 90.90563
 Atomic weight ratio (AWR)    : 90.12470
 Temperature                  : 300.0 Kelvin
 XS temperature               : 300.0 Kelvin
 Half-life                    : N/A
 Specific ingestion toxicity  : N/A
 Specific inhalation toxicity : N/A

 - Nuclide is not involved in burnup calculation
 - Nuclide has neutron transport data
 - Nuclide has no photon transport data
 - Nuclide has no S(a,b) data
 - Nuclide is not fissile
 - Nuclide is not a delayed neutron precursor
 - Nuclide has no delayed neutron data
 - Nuclide has ures ptable data but it is not used
 - Nuclide temperature is not adjusted with ETTM
 - Nuclide has no dosimetry data
 - Nuclide has no decay data
 - Nuclide has no supplementary transmutation cross section data
 - Nuclide has no NFY data
 - Nuclide has no SFY data

 - 27 reaction channels
 - 5 special reactions
 - No transmutation reactions
 - No transmutation branch reactions
 - No decay reactions
 - No decay branch reactions
 - No transmutation paths

 27 reactions channel:

   1    MT =    2  Q =  0.00000E+00 MeV  Emin = 1.00000E-11 MeV  frac = 1.00000E+00  : elastic scattering
   2    MT =   16  Q = -7.20258E+00 MeV  Emin = 7.28251E+00 MeV  frac = 1.00000E+00  : (n,2n)
   3    MT =   17  Q = -1.91859E+01 MeV  Emin = 1.93988E+01 MeV  frac = 1.00000E+00  : (n,3n)
   4    MT =   22  Q = -5.45233E+00 MeV  Emin = 8.00000E+00 MeV  frac = 1.00000E+00  : (n,nalpha)
   5    MT =   28  Q = -8.70881E+00 MeV  Emin = 9.00000E+00 MeV  frac = 1.00000E+00  : (n,np)
   6    MT =   32  Q = -1.33442E+01 MeV  Emin = 1.40000E+01 MeV  frac = 1.00000E+00  : (n,nd)
   7    MT =   51  Q = -1.20480E+00 MeV  Emin = 1.21817E+00 MeV  frac = 1.00000E+00  : inelastic scatt. to 1. excited state
   8    MT =   52  Q = -1.46630E+00 MeV  Emin = 1.48257E+00 MeV  frac = 1.00000E+00  : inelastic scatt. to 2. excited state
   9    MT =   53  Q = -1.88210E+00 MeV  Emin = 1.90298E+00 MeV  frac = 1.00000E+00  : inelastic scatt. to 3. excited state
  10    MT =   54  Q = -2.04220E+00 MeV  Emin = 2.06486E+00 MeV  frac = 1.00000E+00  : inelastic scatt. to 4. excited state
  11    MT =   55  Q = -2.13130E+00 MeV  Emin = 2.15495E+00 MeV  frac = 1.00000E+00  : inelastic scatt. to 5. excited state
  12    MT =   56  Q = -2.17000E+00 MeV  Emin = 2.19408E+00 MeV  frac = 1.00000E+00  : inelastic scatt. to 6. excited state
  13    MT =   57  Q = -2.18990E+00 MeV  Emin = 2.21420E+00 MeV  frac = 1.00000E+00  : inelastic scatt. to 7. excited state
  14    MT =   58  Q = -2.20070E+00 MeV  Emin = 2.22512E+00 MeV  frac = 1.00000E+00  : inelastic scatt. to 8. excited state
  15    MT =   59  Q = -2.25970E+00 MeV  Emin = 2.28477E+00 MeV  frac = 1.00000E+00  : inelastic scatt. to 9. excited state
  16    MT =   60  Q = -2.28760E+00 MeV  Emin = 2.31298E+00 MeV  frac = 1.00000E+00  : inelastic scatt. to 10. excited state
  17    MT =   61  Q = -2.32010E+00 MeV  Emin = 2.34584E+00 MeV  frac = 1.00000E+00  : inelastic scatt. to 11. excited state
  18    MT =   62  Q = -2.35580E+00 MeV  Emin = 2.38194E+00 MeV  frac = 1.00000E+00  : inelastic scatt. to 12. excited state
  19    MT =   63  Q = -2.36690E+00 MeV  Emin = 2.39316E+00 MeV  frac = 1.00000E+00  : inelastic scatt. to 13. excited state
  20    MT =   64  Q = -2.39490E+00 MeV  Emin = 2.42147E+00 MeV  frac = 1.00000E+00  : inelastic scatt. to 14. excited state
  21    MT =   91  Q = -2.39500E+00 MeV  Emin = 2.42157E+00 MeV  frac = 1.00000E+00  : inelastic scattering to continuum
  22    MT =  102  Q =  8.63509E+00 MeV  Emin = 1.00000E-11 MeV  frac = 1.00000E+00  : (n,gamma)
  23    MT =  103  Q = -7.60531E-01 MeV  Emin = 1.00000E+00 MeV  frac = 1.00000E+00  : (n,p)
  24    MT =  104  Q = -6.48420E+00 MeV  Emin = 6.55616E+00 MeV  frac = 1.00000E+00  : (n,d)
  25    MT =  105  Q = -7.08660E+00 MeV  Emin = 8.00000E+00 MeV  frac = 1.00000E+00  : (n,t)
  26    MT =  106  Q = -8.55750E+00 MeV  Emin = 1.00000E+01 MeV  frac = 1.00000E+00  : (n,He-3)
  27    MT =  107  Q =  5.67229E+00 MeV  Emin = 9.99999E-02 MeV  frac = 1.00000E+00  : (n,alpha)

 5 special reactions:

   1    MT =  203  Q =  0.00000E+00 MeV  Emin = 1.00000E+00 MeV  : mt 203
   2    MT =  204  Q =  0.00000E+00 MeV  Emin = 6.50000E+00 MeV  : mt 204
   3    MT =  205  Q =  0.00000E+00 MeV  Emin = 7.94003E+00 MeV  : mt 205
   4    MT =  206  Q =  0.00000E+00 MeV  Emin = 9.74004E+00 MeV  : mt 206
   5    MT =  207  Q =  0.00000E+00 MeV  Emin = 9.99999E-02 MeV  : mt 207

 Nuclide    5 / 9 : 40092.03c -- zirconium 92 (Zr-92)

 Pointers                     : 30491 36664
 Primary type                 : Transport
 Nuclide ZAI                  : 400920
 Library ID                   : 03c
 Cross section data file      : /usr/local/SERPENT/xsdata/endfb7/acedata/40092ENDF7.ace
 Atomic weight (AW)           : 91.90501
 Atomic weight ratio (AWR)    : 91.11550
 Temperature                  : 300.0 Kelvin
 XS temperature               : 300.0 Kelvin
 Half-life                    : N/A
 Specific ingestion toxicity  : N/A
 Specific inhalation toxicity : N/A

 - Nuclide is not involved in burnup calculation
 - Nuclide has neutron transport data
 - Nuclide has no photon transport data
 - Nuclide has no S(a,b) data
 - Nuclide is not fissile
 - Nuclide is not a delayed neutron precursor
 - Nuclide has no delayed neutron data
 - Nuclide has ures ptable data but it is not used
 - Nuclide temperature is not adjusted with ETTM
 - Nuclide has no dosimetry data
 - Nuclide has no decay data
 - Nuclide has no supplementary transmutation cross section data
 - Nuclide has no NFY data
 - Nuclide has no SFY data

 - 30 reaction channels
 - 4 special reactions
 - No transmutation reactions
 - No transmutation branch reactions
 - No decay reactions
 - No decay branch reactions
 - No transmutation paths

 30 reactions channel:

   1    MT =    2  Q =  0.00000E+00 MeV  Emin = 1.00000E-11 MeV  frac = 1.00000E+00  : elastic scattering
   2    MT =   16  Q = -8.63508E+00 MeV  Emin = 8.72986E+00 MeV  frac = 1.00000E+00  : (n,2n)
   3    MT =   17  Q = -1.58377E+01 MeV  Emin = 1.60115E+01 MeV  frac = 1.00000E+00  : (n,3n)
   4    MT =   22  Q = -2.96741E+00 MeV  Emin = 3.00000E+00 MeV  frac = 1.00000E+00  : (n,nalpha)
   5    MT =   28  Q = -9.40023E+00 MeV  Emin = 1.00000E+01 MeV  frac = 1.00000E+00  : (n,np)
   6    MT =   32  Q = -1.50350E+01 MeV  Emin = 1.58838E+01 MeV  frac = 1.00000E+00  : (n,nd)
   7    MT =   33  Q = -1.57114E+01 MeV  Emin = 1.60176E+01 MeV  frac = 1.00000E+00  : (n,nt)
   8    MT =   51  Q = -9.34499E-01 MeV  Emin = 9.44756E-01 MeV  frac = 1.00000E+00  : inelastic scatt. to 1. excited state
   9    MT =   52  Q = -1.38280E+00 MeV  Emin = 1.39798E+00 MeV  frac = 1.00000E+00  : inelastic scatt. to 2. excited state
  10    MT =   53  Q = -1.49540E+00 MeV  Emin = 1.51181E+00 MeV  frac = 1.00000E+00  : inelastic scatt. to 3. excited state
  11    MT =   54  Q = -1.84730E+00 MeV  Emin = 1.86757E+00 MeV  frac = 1.00000E+00  : inelastic scatt. to 4. excited state
  12    MT =   55  Q = -2.06670E+00 MeV  Emin = 2.08938E+00 MeV  frac = 1.00000E+00  : inelastic scatt. to 5. excited state
  13    MT =   56  Q = -2.15000E+00 MeV  Emin = 2.17360E+00 MeV  frac = 1.00000E+00  : inelastic scatt. to 6. excited state
  14    MT =   57  Q = -2.33970E+00 MeV  Emin = 2.36538E+00 MeV  frac = 1.00000E+00  : inelastic scatt. to 7. excited state
  15    MT =   58  Q = -2.39830E+00 MeV  Emin = 2.42462E+00 MeV  frac = 1.00000E+00  : inelastic scatt. to 8. excited state
  16    MT =   59  Q = -2.48590E+00 MeV  Emin = 2.51318E+00 MeV  frac = 1.00000E+00  : inelastic scatt. to 9. excited state
  17    MT =   60  Q = -2.74350E+00 MeV  Emin = 2.77361E+00 MeV  frac = 1.00000E+00  : inelastic scatt. to 10. excited state
  18    MT =   61  Q = -2.81970E+00 MeV  Emin = 2.85065E+00 MeV  frac = 1.00000E+00  : inelastic scatt. to 11. excited state
  19    MT =   62  Q = -2.86400E+00 MeV  Emin = 2.89543E+00 MeV  frac = 1.00000E+00  : inelastic scatt. to 12. excited state
  20    MT =   63  Q = -2.90360E+00 MeV  Emin = 2.93547E+00 MeV  frac = 1.00000E+00  : inelastic scatt. to 13. excited state
  21    MT =   64  Q = -2.90950E+00 MeV  Emin = 2.94143E+00 MeV  frac = 1.00000E+00  : inelastic scatt. to 14. excited state
  22    MT =   65  Q = -2.95780E+00 MeV  Emin = 2.99026E+00 MeV  frac = 1.00000E+00  : inelastic scatt. to 15. excited state
  23    MT =   66  Q = -3.03970E+00 MeV  Emin = 3.07306E+00 MeV  frac = 1.00000E+00  : inelastic scatt. to 16. excited state
  24    MT =   67  Q = -3.05780E+00 MeV  Emin = 3.09136E+00 MeV  frac = 1.00000E+00  : inelastic scatt. to 17. excited state
  25    MT =   91  Q = -3.05800E+00 MeV  Emin = 3.09156E+00 MeV  frac = 1.00000E+00  : inelastic scattering to continuum
  26    MT =  102  Q =  6.73199E+00 MeV  Emin = 1.00000E-11 MeV  frac = 1.00000E+00  : (n,gamma)
  27    MT =  103  Q = -2.85164E+00 MeV  Emin = 3.00000E+00 MeV  frac = 1.00000E+00  : (n,p)
  28    MT =  104  Q = -7.09011E+00 MeV  Emin = 7.16794E+00 MeV  frac = 1.00000E+00  : (n,d)
  29    MT =  105  Q = -8.84985E+00 MeV  Emin = 9.50341E+00 MeV  frac = 1.00000E+00  : (n,t)
  30    MT =  107  Q =  3.40109E+00 MeV  Emin = 9.99999E-02 MeV  frac = 1.00000E+00  : (n,alpha)

 4 special reactions:

   1    MT =  203  Q =  0.00000E+00 MeV  Emin = 3.00000E+00 MeV  : mt 203
   2    MT =  204  Q =  0.00000E+00 MeV  Emin = 7.16524E+00 MeV  : mt 204
   3    MT =  205  Q =  0.00000E+00 MeV  Emin = 9.50000E+00 MeV  : mt 205
   4    MT =  207  Q =  0.00000E+00 MeV  Emin = 9.99999E-02 MeV  : mt 207

 Nuclide    6 / 9 : 40094.03c -- zirconium 94 (Zr-94)

 Pointers                     : 32935 37216
 Primary type                 : Transport
 Nuclide ZAI                  : 400940
 Library ID                   : 03c
 Cross section data file      : /usr/local/SERPENT/xsdata/endfb7/acedata/40094ENDF7.ace
 Atomic weight (AW)           : 93.90631
 Atomic weight ratio (AWR)    : 93.09960
 Temperature                  : 300.0 Kelvin
 XS temperature               : 300.0 Kelvin
 Half-life                    : N/A
 Specific ingestion toxicity  : N/A
 Specific inhalation toxicity : N/A

 - Nuclide is not involved in burnup calculation
 - Nuclide has neutron transport data
 - Nuclide has no photon transport data
 - Nuclide has no S(a,b) data
 - Nuclide is not fissile
 - Nuclide is not a delayed neutron precursor
 - Nuclide has no delayed neutron data
 - Nuclide has ures ptable data but it is not used
 - Nuclide temperature is not adjusted with ETTM
 - Nuclide has no dosimetry data
 - Nuclide has no decay data
 - Nuclide has no supplementary transmutation cross section data
 - Nuclide has no NFY data
 - Nuclide has no SFY data

 - 26 reaction channels
 - 4 special reactions
 - No transmutation reactions
 - No transmutation branch reactions
 - No decay reactions
 - No decay branch reactions
 - No transmutation paths

 26 reactions channel:

   1    MT =    2  Q =  0.00000E+00 MeV  Emin = 1.00000E-11 MeV  frac = 1.00000E+00  : elastic scattering
   2    MT =   16  Q = -8.19108E+00 MeV  Emin = 8.27907E+00 MeV  frac = 1.00000E+00  : (n,2n)
   3    MT =   17  Q = -1.49496E+01 MeV  Emin = 1.51102E+01 MeV  frac = 1.00000E+00  : (n,3n)
   4    MT =   22  Q = -3.75108E+00 MeV  Emin = 4.14346E+00 MeV  frac = 1.00000E+00  : (n,nalpha)
   5    MT =   28  Q = -1.03305E+01 MeV  Emin = 1.10000E+01 MeV  frac = 1.00000E+00  : (n,np)
   6    MT =   32  Q = -1.55015E+01 MeV  Emin = 1.60354E+01 MeV  frac = 1.00000E+00  : (n,nd)
   7    MT =   51  Q = -9.18699E-01 MeV  Emin = 9.28568E-01 MeV  frac = 1.00000E+00  : inelastic scatt. to 1. excited state
   8    MT =   52  Q = -1.30020E+00 MeV  Emin = 1.31417E+00 MeV  frac = 1.00000E+00  : inelastic scatt. to 2. excited state
   9    MT =   53  Q = -1.46960E+00 MeV  Emin = 1.48539E+00 MeV  frac = 1.00000E+00  : inelastic scatt. to 3. excited state
  10    MT =   54  Q = -1.67140E+00 MeV  Emin = 1.68935E+00 MeV  frac = 1.00000E+00  : inelastic scatt. to 4. excited state
  11    MT =   55  Q = -2.05760E+00 MeV  Emin = 2.07970E+00 MeV  frac = 1.00000E+00  : inelastic scatt. to 5. excited state
  12    MT =   56  Q = -2.15130E+00 MeV  Emin = 2.17441E+00 MeV  frac = 1.00000E+00  : inelastic scatt. to 6. excited state
  13    MT =   57  Q = -2.33020E+00 MeV  Emin = 2.35523E+00 MeV  frac = 1.00000E+00  : inelastic scatt. to 7. excited state
  14    MT =   58  Q = -2.36610E+00 MeV  Emin = 2.39152E+00 MeV  frac = 1.00000E+00  : inelastic scatt. to 8. excited state
  15    MT =   59  Q = -2.50770E+00 MeV  Emin = 2.53464E+00 MeV  frac = 1.00000E+00  : inelastic scatt. to 9. excited state
  16    MT =   60  Q = -2.60450E+00 MeV  Emin = 2.63248E+00 MeV  frac = 1.00000E+00  : inelastic scatt. to 10. excited state
  17    MT =   61  Q = -2.69850E+00 MeV  Emin = 2.72749E+00 MeV  frac = 1.00000E+00  : inelastic scatt. to 11. excited state
  18    MT =   62  Q = -2.82600E+00 MeV  Emin = 2.85636E+00 MeV  frac = 1.00000E+00  : inelastic scatt. to 12. excited state
  19    MT =   63  Q = -2.84630E+00 MeV  Emin = 2.87687E+00 MeV  frac = 1.00000E+00  : inelastic scatt. to 13. excited state
  20    MT =   64  Q = -2.86060E+00 MeV  Emin = 2.89133E+00 MeV  frac = 1.00000E+00  : inelastic scatt. to 14. excited state
  21    MT =   91  Q = -2.86100E+00 MeV  Emin = 2.89173E+00 MeV  frac = 1.00000E+00  : inelastic scattering to continuum
  22    MT =  102  Q =  6.47089E+00 MeV  Emin = 1.00000E-11 MeV  frac = 1.00000E+00  : (n,gamma)
  23    MT =  103  Q = -4.09942E+00 MeV  Emin = 4.14346E+00 MeV  frac = 1.00000E+00  : (n,p)
  24    MT =  104  Q = -8.02041E+00 MeV  Emin = 8.31164E+00 MeV  frac = 1.00000E+00  : (n,d)
  25    MT =  105  Q = -9.31636E+00 MeV  Emin = 1.00000E+01 MeV  frac = 1.00000E+00  : (n,t)
  26    MT =  107  Q =  2.05631E+00 MeV  Emin = 9.99999E-02 MeV  frac = 1.00000E+00  : (n,alpha)

 4 special reactions:

   1    MT =  203  Q =  0.00000E+00 MeV  Emin = 4.14346E+00 MeV  : mt 203
   2    MT =  204  Q =  0.00000E+00 MeV  Emin = 8.30633E+00 MeV  : mt 204
   3    MT =  205  Q =  0.00000E+00 MeV  Emin = 1.00000E+01 MeV  : mt 205
   4    MT =  207  Q =  0.00000E+00 MeV  Emin = 9.99999E-02 MeV  : mt 207

 Nuclide    7 / 9 : 40096.03c -- zirconium 96 (Zr-96)

 Pointers                     : 35103 37768
 Primary type                 : Transport
 Nuclide ZAI                  : 400960
 Library ID                   : 03c
 Cross section data file      : /usr/local/SERPENT/xsdata/endfb7/acedata/40096ENDF7.ace
 Atomic weight (AW)           : 95.90830
 Atomic weight ratio (AWR)    : 95.08440
 Temperature                  : 300.0 Kelvin
 XS temperature               : 300.0 Kelvin
 Half-life                    : N/A
 Specific ingestion toxicity  : N/A
 Specific inhalation toxicity : N/A

 - Nuclide is not involved in burnup calculation
 - Nuclide has neutron transport data
 - Nuclide has no photon transport data
 - Nuclide has no S(a,b) data
 - Nuclide is not fissile
 - Nuclide is not a delayed neutron precursor
 - Nuclide has no delayed neutron data
 - Nuclide has no ures ptable data
 - Nuclide temperature is not adjusted with ETTM
 - Nuclide has no dosimetry data
 - Nuclide has no decay data
 - Nuclide has no supplementary transmutation cross section data
 - Nuclide has no NFY data
 - Nuclide has no SFY data

 - 18 reaction channels
 - 4 special reactions
 - No transmutation reactions
 - No transmutation branch reactions
 - No decay reactions
 - No decay branch reactions
 - No transmutation paths

 18 reactions channel:

   1    MT =    2  Q =  0.00000E+00 MeV  Emin = 1.00000E-11 MeV  frac = 1.00000E+00  : elastic scattering
   2    MT =   16  Q = -7.83168E+00 MeV  Emin = 7.91406E+00 MeV  frac = 1.00000E+00  : (n,2n)
   3    MT =   17  Q = -1.43063E+01 MeV  Emin = 1.44568E+01 MeV  frac = 1.00000E+00  : (n,3n)
   4    MT =   22  Q = -4.97458E+00 MeV  Emin = 5.02691E+00 MeV  frac = 1.00000E+00  : (n,nalpha)
   5    MT =   28  Q = -1.15053E+01 MeV  Emin = 1.20000E+01 MeV  frac = 1.00000E+00  : (n,np)
   6    MT =   51  Q = -1.59400E+00 MeV  Emin = 1.61077E+00 MeV  frac = 1.00000E+00  : inelastic scatt. to 1. excited state
   7    MT =   52  Q = -1.75050E+00 MeV  Emin = 1.76891E+00 MeV  frac = 1.00000E+00  : inelastic scatt. to 2. excited state
   8    MT =   53  Q = -1.89710E+00 MeV  Emin = 1.91705E+00 MeV  frac = 1.00000E+00  : inelastic scatt. to 3. excited state
   9    MT =   54  Q = -2.22590E+00 MeV  Emin = 2.24931E+00 MeV  frac = 1.00000E+00  : inelastic scatt. to 4. excited state
  10    MT =   55  Q = -2.33000E+00 MeV  Emin = 2.35451E+00 MeV  frac = 1.00000E+00  : inelastic scatt. to 5. excited state
  11    MT =   56  Q = -2.44000E+00 MeV  Emin = 2.46566E+00 MeV  frac = 1.00000E+00  : inelastic scatt. to 6. excited state
  12    MT =   57  Q = -2.85740E+00 MeV  Emin = 2.88745E+00 MeV  frac = 1.00000E+00  : inelastic scatt. to 7. excited state
  13    MT =   91  Q = -2.85700E+00 MeV  Emin = 2.88705E+00 MeV  frac = 1.00000E+00  : inelastic scattering to continuum
  14    MT =  102  Q =  5.58089E+00 MeV  Emin = 1.00000E-11 MeV  frac = 1.00000E+00  : (n,gamma)
  15    MT =  103  Q = -6.23222E+00 MeV  Emin = 6.29777E+00 MeV  frac = 1.00000E+00  : (n,p)
  16    MT =  104  Q = -9.19521E+00 MeV  Emin = 1.00417E+01 MeV  frac = 1.00000E+00  : (n,d)
  17    MT =  105  Q = -9.93715E+00 MeV  Emin = 1.00417E+01 MeV  frac = 1.00000E+00  : (n,t)
  18    MT =  107  Q =  4.89512E-01 MeV  Emin = 9.99999E-02 MeV  frac = 1.00000E+00  : (n,alpha)

 4 special reactions:

   1    MT =  203  Q =  0.00000E+00 MeV  Emin = 6.29712E+00 MeV  : mt 203
   2    MT =  204  Q =  0.00000E+00 MeV  Emin = 1.00417E+01 MeV  : mt 204
   3    MT =  205  Q =  0.00000E+00 MeV  Emin = 1.00417E+01 MeV  : mt 205
   4    MT =  207  Q =  0.00000E+00 MeV  Emin = 9.99999E-02 MeV  : mt 207

 Nuclide    8 / 9 : 92235.03c -- uranium 235 (U-235)

 Pointers                     : 11090 105710
 Primary type                 : Transport
 Nuclide ZAI                  : 922350
 Library ID                   : 03c
 Cross section data file      : /usr/local/SERPENT/xsdata/endfb7/acedata/92235ENDF7.ace
 Atomic weight (AW)           : 235.04395
 Atomic weight ratio (AWR)    : 233.02480
 Temperature                  : 300.0 Kelvin
 XS temperature               : 300.0 Kelvin
 Half-life                    : N/A
 Specific ingestion toxicity  : N/A
 Specific inhalation toxicity : N/A

 - Nuclide is not involved in burnup calculation
 - Nuclide has neutron transport data
 - Nuclide has no photon transport data
 - Nuclide has no S(a,b) data
 - Nuclide is fissile
 - Nuclide is not a delayed neutron precursor
 - Nuclide has delayed neutron data in 6 precursor groups
 - Nuclide has ures ptable data but it is not used
 - Nuclide temperature is not adjusted with ETTM
 - Nuclide has no dosimetry data
 - Nuclide has no decay data
 - Nuclide has no supplementary transmutation cross section data
 - Nuclide has no NFY data
 - Nuclide has no SFY data

 - 47 reaction channels
 - 1 special reactions
 - No transmutation reactions
 - No transmutation branch reactions
 - No decay reactions
 - No decay branch reactions
 - No transmutation paths

 47 reactions channel:

   1    MT =    2  Q =  0.00000E+00 MeV  Emin = 1.00000E-11 MeV  frac = 1.00000E+00  : elastic scattering
   2    MT =   16  Q = -5.29778E+00 MeV  Emin = 5.32052E+00 MeV  frac = 1.00000E+00  : (n,2n)
   3    MT =   17  Q = -1.21423E+01 MeV  Emin = 1.21944E+01 MeV  frac = 1.00000E+00  : (n,3n)
   4    MT =   18  Q =  1.93483E+02 MeV  Emin = 1.00000E-11 MeV  frac = 1.00000E+00  : total fission
   5    MT =   37  Q = -1.78856E+01 MeV  Emin = 1.79624E+01 MeV  frac = 1.00000E+00  : (n,4n)
   6    MT =   51  Q = -7.68000E-05 MeV  Emin = 2.25000E-03 MeV  frac = 1.00000E+00  : inelastic scatt. to 1. excited state
   7    MT =   52  Q = -1.30400E-02 MeV  Emin = 1.30960E-02 MeV  frac = 1.00000E+00  : inelastic scatt. to 2. excited state
   8    MT =   53  Q = -4.62000E-02 MeV  Emin = 4.63983E-02 MeV  frac = 1.00000E+00  : inelastic scatt. to 3. excited state
   9    MT =   54  Q = -5.13000E-02 MeV  Emin = 5.15202E-02 MeV  frac = 1.00000E+00  : inelastic scatt. to 4. excited state
  10    MT =   55  Q = -8.17000E-02 MeV  Emin = 8.20506E-02 MeV  frac = 1.00000E+00  : inelastic scatt. to 5. excited state
  11    MT =   56  Q = -1.03000E-01 MeV  Emin = 1.03442E-01 MeV  frac = 1.00000E+00  : inelastic scatt. to 6. excited state
  12    MT =   57  Q = -1.34000E-01 MeV  Emin = 1.34575E-01 MeV  frac = 1.00000E+00  : inelastic scatt. to 7. excited state
  13    MT =   58  Q = -1.70700E-01 MeV  Emin = 1.71433E-01 MeV  frac = 1.00000E+00  : inelastic scatt. to 8. excited state
  14    MT =   59  Q = -1.74500E-01 MeV  Emin = 1.75249E-01 MeV  frac = 1.00000E+00  : inelastic scatt. to 9. excited state
  15    MT =   60  Q = -2.49100E-01 MeV  Emin = 2.50169E-01 MeV  frac = 1.00000E+00  : inelastic scatt. to 10. excited state
  16    MT =   61  Q = -2.93000E-01 MeV  Emin = 2.94258E-01 MeV  frac = 1.00000E+00  : inelastic scatt. to 11. excited state
  17    MT =   62  Q = -3.34000E-01 MeV  Emin = 3.35433E-01 MeV  frac = 1.00000E+00  : inelastic scatt. to 12. excited state
  18    MT =   63  Q = -3.65000E-01 MeV  Emin = 3.66567E-01 MeV  frac = 1.00000E+00  : inelastic scatt. to 13. excited state
  19    MT =   64  Q = -3.98000E-01 MeV  Emin = 3.99708E-01 MeV  frac = 1.00000E+00  : inelastic scatt. to 14. excited state
  20    MT =   65  Q = -4.30000E-01 MeV  Emin = 4.31845E-01 MeV  frac = 1.00000E+00  : inelastic scatt. to 15. excited state
  21    MT =   66  Q = -4.48000E-01 MeV  Emin = 4.49923E-01 MeV  frac = 1.00000E+00  : inelastic scatt. to 16. excited state
  22    MT =   67  Q = -5.50000E-01 MeV  Emin = 5.52360E-01 MeV  frac = 1.00000E+00  : inelastic scatt. to 17. excited state
  23    MT =   68  Q = -6.50000E-01 MeV  Emin = 6.52790E-01 MeV  frac = 1.00000E+00  : inelastic scatt. to 18. excited state
  24    MT =   69  Q = -7.70000E-01 MeV  Emin = 7.73304E-01 MeV  frac = 1.00000E+00  : inelastic scatt. to 19. excited state
  25    MT =   70  Q = -9.00000E-01 MeV  Emin = 9.03862E-01 MeV  frac = 1.00000E+00  : inelastic scatt. to 20. excited state
  26    MT =   71  Q = -1.06250E+00 MeV  Emin = 1.06706E+00 MeV  frac = 1.00000E+00  : inelastic scatt. to 21. excited state
  27    MT =   72  Q = -1.17000E+00 MeV  Emin = 1.17502E+00 MeV  frac = 1.00000E+00  : inelastic scatt. to 22. excited state
  28    MT =   73  Q = -1.25000E+00 MeV  Emin = 1.25537E+00 MeV  frac = 1.00000E+00  : inelastic scatt. to 23. excited state
  29    MT =   74  Q = -1.44000E+00 MeV  Emin = 1.44618E+00 MeV  frac = 1.00000E+00  : inelastic scatt. to 24. excited state
  30    MT =   75  Q = -1.59000E+00 MeV  Emin = 1.59682E+00 MeV  frac = 1.00000E+00  : inelastic scatt. to 25. excited state
  31    MT =   76  Q = -1.75000E+00 MeV  Emin = 1.75751E+00 MeV  frac = 1.00000E+00  : inelastic scatt. to 26. excited state
  32    MT =   77  Q = -1.85000E+00 MeV  Emin = 1.85794E+00 MeV  frac = 1.00000E+00  : inelastic scatt. to 27. excited state
  33    MT =   78  Q = -1.95000E+00 MeV  Emin = 1.95837E+00 MeV  frac = 1.00000E+00  : inelastic scatt. to 28. excited state
  34    MT =   79  Q = -2.15000E+00 MeV  Emin = 2.15923E+00 MeV  frac = 1.00000E+00  : inelastic scatt. to 29. excited state
  35    MT =   80  Q = -2.30000E+00 MeV  Emin = 2.30987E+00 MeV  frac = 1.00000E+00  : inelastic scatt. to 30. excited state
  36    MT =   81  Q = -2.39000E+00 MeV  Emin = 2.40026E+00 MeV  frac = 1.00000E+00  : inelastic scatt. to 31. excited state
  37    MT =   82  Q = -2.49280E+00 MeV  Emin = 2.50350E+00 MeV  frac = 1.00000E+00  : inelastic scatt. to 32. excited state
  38    MT =   83  Q = -2.94000E+00 MeV  Emin = 2.95262E+00 MeV  frac = 1.00000E+00  : inelastic scatt. to 33. excited state
  39    MT =   84  Q = -3.18900E+00 MeV  Emin = 3.20269E+00 MeV  frac = 1.00000E+00  : inelastic scatt. to 34. excited state
  40    MT =   85  Q = -3.38800E+00 MeV  Emin = 3.40254E+00 MeV  frac = 1.00000E+00  : inelastic scatt. to 35. excited state
  41    MT =   86  Q = -3.53800E+00 MeV  Emin = 3.55318E+00 MeV  frac = 1.00000E+00  : inelastic scatt. to 36. excited state
  42    MT =   87  Q = -3.63700E+00 MeV  Emin = 3.65261E+00 MeV  frac = 1.00000E+00  : inelastic scatt. to 37. excited state
  43    MT =   88  Q = -3.73700E+00 MeV  Emin = 3.75304E+00 MeV  frac = 1.00000E+00  : inelastic scatt. to 38. excited state
  44    MT =   89  Q = -3.83700E+00 MeV  Emin = 3.85347E+00 MeV  frac = 1.00000E+00  : inelastic scatt. to 39. excited state
  45    MT =   90  Q = -3.90900E+00 MeV  Emin = 3.92578E+00 MeV  frac = 1.00000E+00  : inelastic scatt. to 40. excited state
  46    MT =   91  Q = -4.97864E-01 MeV  Emin = 5.00000E-01 MeV  frac = 1.00000E+00  : inelastic scattering to continuum
  47    MT =  102  Q =  6.54520E+00 MeV  Emin = 1.00000E-11 MeV  frac = 1.00000E+00  : (n,gamma)

 1 special reaction:

   1    MT =    4  Q =  0.00000E+00 MeV  Emin = 2.25000E-03 MeV  : total inelastic scattering

 Nuclide    9 / 9 : 92238.03c -- uranium 238 (U-238)

 Pointers                     : 14505 106538
 Primary type                 : Transport
 Nuclide ZAI                  : 922380
 Library ID                   : 03c
 Cross section data file      : /usr/local/SERPENT/xsdata/endfb7/acedata/92238ENDF7.ace
 Atomic weight (AW)           : 238.05078
 Atomic weight ratio (AWR)    : 236.00580
 Temperature                  : 300.0 Kelvin
 XS temperature               : 300.0 Kelvin
 Half-life                    : N/A
 Specific ingestion toxicity  : N/A
 Specific inhalation toxicity : N/A

 - Nuclide is not involved in burnup calculation
 - Nuclide has neutron transport data
 - Nuclide has no photon transport data
 - Nuclide has no S(a,b) data
 - Nuclide is fissile
 - Nuclide is not a delayed neutron precursor
 - Nuclide has delayed neutron data in 6 precursor groups
 - Nuclide has ures ptable data but it is not used
 - Nuclide temperature is not adjusted with ETTM
 - Nuclide has no dosimetry data
 - Nuclide has no decay data
 - Nuclide has no supplementary transmutation cross section data
 - Nuclide has no NFY data
 - Nuclide has no SFY data

 - 47 reaction channels
 - No special reactions
 - No transmutation reactions
 - No transmutation branch reactions
 - No decay reactions
 - No decay branch reactions
 - No transmutation paths

 47 reactions channel:

   1    MT =    2  Q =  0.00000E+00 MeV  Emin = 1.00000E-11 MeV  frac = 1.00000E+00  : elastic scattering
   2    MT =   16  Q = -6.15280E+00 MeV  Emin = 6.17887E+00 MeV  frac = 1.00000E+00  : (n,2n)
   3    MT =   17  Q = -1.12786E+01 MeV  Emin = 1.13264E+01 MeV  frac = 1.00000E+00  : (n,3n)
   4    MT =   18  Q =  1.98032E+02 MeV  Emin = 1.00000E-11 MeV  frac = 1.00000E+00  : total fission
   5    MT =   37  Q = -1.78237E+01 MeV  Emin = 1.78992E+01 MeV  frac = 1.00000E+00  : (n,4n)
   6    MT =   51  Q = -4.49000E-02 MeV  Emin = 4.50903E-02 MeV  frac = 1.00000E+00  : inelastic scatt. to 1. excited state
   7    MT =   52  Q = -1.48400E-01 MeV  Emin = 1.49029E-01 MeV  frac = 1.00000E+00  : inelastic scatt. to 2. excited state
   8    MT =   53  Q = -3.07200E-01 MeV  Emin = 3.08502E-01 MeV  frac = 1.00000E+00  : inelastic scatt. to 3. excited state
   9    MT =   54  Q = -5.18300E-01 MeV  Emin = 5.20496E-01 MeV  frac = 1.00000E+00  : inelastic scatt. to 4. excited state
  10    MT =   55  Q = -6.80100E-01 MeV  Emin = 6.82982E-01 MeV  frac = 1.00000E+00  : inelastic scatt. to 5. excited state
  11    MT =   56  Q = -7.31900E-01 MeV  Emin = 7.35001E-01 MeV  frac = 1.00000E+00  : inelastic scatt. to 6. excited state
  12    MT =   57  Q = -7.75700E-01 MeV  Emin = 7.78987E-01 MeV  frac = 1.00000E+00  : inelastic scatt. to 7. excited state
  13    MT =   58  Q = -8.26700E-01 MeV  Emin = 8.30203E-01 MeV  frac = 1.00000E+00  : inelastic scatt. to 8. excited state
  14    MT =   59  Q = -9.25700E-01 MeV  Emin = 9.29623E-01 MeV  frac = 1.00000E+00  : inelastic scatt. to 9. excited state
  15    MT =   60  Q = -9.30800E-01 MeV  Emin = 9.34744E-01 MeV  frac = 1.00000E+00  : inelastic scatt. to 10. excited state
  16    MT =   61  Q = -9.50200E-01 MeV  Emin = 9.54226E-01 MeV  frac = 1.00000E+00  : inelastic scatt. to 11. excited state
  17    MT =   62  Q = -9.66300E-01 MeV  Emin = 9.70395E-01 MeV  frac = 1.00000E+00  : inelastic scatt. to 12. excited state
  18    MT =   63  Q = -9.67300E-01 MeV  Emin = 9.71399E-01 MeV  frac = 1.00000E+00  : inelastic scatt. to 13. excited state
  19    MT =   64  Q = -9.93000E-01 MeV  Emin = 9.97208E-01 MeV  frac = 1.00000E+00  : inelastic scatt. to 14. excited state
  20    MT =   65  Q = -9.97500E-01 MeV  Emin = 1.00173E+00 MeV  frac = 1.00000E+00  : inelastic scatt. to 15. excited state
  21    MT =   66  Q = -1.03730E+00 MeV  Emin = 1.04170E+00 MeV  frac = 1.00000E+00  : inelastic scatt. to 16. excited state
  22    MT =   67  Q = -1.05660E+00 MeV  Emin = 1.06108E+00 MeV  frac = 1.00000E+00  : inelastic scatt. to 17. excited state
  23    MT =   68  Q = -1.05950E+00 MeV  Emin = 1.06399E+00 MeV  frac = 1.00000E+00  : inelastic scatt. to 18. excited state
  24    MT =   69  Q = -1.06030E+00 MeV  Emin = 1.06479E+00 MeV  frac = 1.00000E+00  : inelastic scatt. to 19. excited state
  25    MT =   70  Q = -1.07650E+00 MeV  Emin = 1.08106E+00 MeV  frac = 1.00000E+00  : inelastic scatt. to 20. excited state
  26    MT =   71  Q = -1.10570E+00 MeV  Emin = 1.11039E+00 MeV  frac = 1.00000E+00  : inelastic scatt. to 21. excited state
  27    MT =   72  Q = -1.17000E+00 MeV  Emin = 1.17496E+00 MeV  frac = 1.00000E+00  : inelastic scatt. to 22. excited state
  28    MT =   73  Q = -1.25000E+00 MeV  Emin = 1.25530E+00 MeV  frac = 1.00000E+00  : inelastic scatt. to 23. excited state
  29    MT =   74  Q = -1.44000E+00 MeV  Emin = 1.44610E+00 MeV  frac = 1.00000E+00  : inelastic scatt. to 24. excited state
  30    MT =   75  Q = -1.59000E+00 MeV  Emin = 1.59674E+00 MeV  frac = 1.00000E+00  : inelastic scatt. to 25. excited state
  31    MT =   76  Q = -1.75000E+00 MeV  Emin = 1.75742E+00 MeV  frac = 1.00000E+00  : inelastic scatt. to 26. excited state
  32    MT =   77  Q = -1.85000E+00 MeV  Emin = 1.85784E+00 MeV  frac = 1.00000E+00  : inelastic scatt. to 27. excited state
  33    MT =   78  Q = -1.95000E+00 MeV  Emin = 1.95826E+00 MeV  frac = 1.00000E+00  : inelastic scatt. to 28. excited state
  34    MT =   79  Q = -2.15000E+00 MeV  Emin = 2.15911E+00 MeV  frac = 1.00000E+00  : inelastic scatt. to 29. excited state
  35    MT =   80  Q = -2.30000E+00 MeV  Emin = 2.30975E+00 MeV  frac = 1.00000E+00  : inelastic scatt. to 30. excited state
  36    MT =   81  Q = -2.39000E+00 MeV  Emin = 2.40013E+00 MeV  frac = 1.00000E+00  : inelastic scatt. to 31. excited state
  37    MT =   82  Q = -2.49280E+00 MeV  Emin = 2.50336E+00 MeV  frac = 1.00000E+00  : inelastic scatt. to 32. excited state
  38    MT =   83  Q = -2.94000E+00 MeV  Emin = 2.95246E+00 MeV  frac = 1.00000E+00  : inelastic scatt. to 33. excited state
  39    MT =   84  Q = -3.18900E+00 MeV  Emin = 3.20251E+00 MeV  frac = 1.00000E+00  : inelastic scatt. to 34. excited state
  40    MT =   85  Q = -3.38800E+00 MeV  Emin = 3.40236E+00 MeV  frac = 1.00000E+00  : inelastic scatt. to 35. excited state
  41    MT =   86  Q = -3.53800E+00 MeV  Emin = 3.55299E+00 MeV  frac = 1.00000E+00  : inelastic scatt. to 36. excited state
  42    MT =   87  Q = -3.63700E+00 MeV  Emin = 3.65241E+00 MeV  frac = 1.00000E+00  : inelastic scatt. to 37. excited state
  43    MT =   88  Q = -3.73700E+00 MeV  Emin = 3.75284E+00 MeV  frac = 1.00000E+00  : inelastic scatt. to 38. excited state
  44    MT =   89  Q = -3.83700E+00 MeV  Emin = 3.85326E+00 MeV  frac = 1.00000E+00  : inelastic scatt. to 39. excited state
  45    MT =   90  Q = -3.90900E+00 MeV  Emin = 3.92556E+00 MeV  frac = 1.00000E+00  : inelastic scatt. to 40. excited state
  46    MT =   91  Q = -1.11260E+00 MeV  Emin = 1.11732E+00 MeV  frac = 1.00000E+00  : inelastic scattering to continuum
  47    MT =  102  Q =  4.80650E+00 MeV  Emin = 1.00000E-11 MeV  frac = 1.00000E+00  : (n,gamma)

 --- Table  1: Summary of material compositions: 

 3 materials included in calculation


Material "fuel1":

 - Atom density 7.3473E-02 1/barn*cm
 - Mass density 1.0970E+01 g/cm3
 - Volume 0.0000E+00 cm3
 - Mass 0.0000E+00 g
 - 3 nuclides in composition
 - No nuclides associated with S(a,b) data
 - 5.34 Mb of memory allocated for data

Isotopic composition (non-zero densities):

-------------------------------------------------------------------
 Nuclide    a. weight   temp      a. dens      a. frac      m. frac
-------------------------------------------------------------------
 92235.03c  235.04395  300.0  2.44909E-03  3.33333E-02  8.71372E-02    
 92238.03c  238.05078  300.0  2.20418E-02  3.00000E-01  7.94268E-01    
  8016.03c   15.99492  300.0  4.89819E-02  6.66667E-01  1.18595E-01    
       sum                    7.34728E-02  1.00000E+00  1.00000E+00
-------------------------------------------------------------------

Material "clad":

 - Atom density 4.3041E-02 1/barn*cm
 - Mass density 6.5200E+00 g/cm3
 - Volume 0.0000E+00 cm3
 - Mass 0.0000E+00 g
 - 5 nuclides in composition
 - No nuclides associated with S(a,b) data
 - 3.56 Mb of memory allocated for data

Isotopic composition (non-zero densities):

-------------------------------------------------------------------
 Nuclide    a. weight   temp      a. dens      a. frac      m. frac
-------------------------------------------------------------------
 40090.03c   89.90473  300.0  2.21447E-02  5.14500E-01  5.07061E-01    
 40091.03c   90.90563  300.0  4.82922E-03  1.12200E-01  1.11809E-01    
 40092.03c   91.90501  300.0  7.38156E-03  1.71500E-01  1.72781E-01    
 40094.03c   93.90631  300.0  7.48055E-03  1.73800E-01  1.78911E-01    
 40096.03c   95.90830  300.0  1.20515E-03  2.80000E-02  2.94379E-02    
       sum                    4.30412E-02  1.00000E+00  1.00000E+00
-------------------------------------------------------------------

Material "hwater1":

 - Atom density 1.0015E-01 1/barn*cm
 - Mass density 1.1100E+00 g/cm3
 - Volume 0.0000E+00 cm3
 - Mass 0.0000E+00 g
 - 2 nuclides in composition
 - No nuclides associated with S(a,b) data
 - 3.56 Mb of memory allocated for data

Isotopic composition (non-zero densities):

-------------------------------------------------------------------
 Nuclide    a. weight   temp      a. dens      a. frac      m. frac
-------------------------------------------------------------------
  8016.03c   15.99492  300.0  3.33838E-02  3.33333E-01  7.98822E-01    
  1002.03c    2.01410  300.0  6.67675E-02  6.66667E-01  2.01178E-01    
       sum                    1.00151E-01  1.00000E+00  1.00000E+00
-------------------------------------------------------------------
