
  _                   .-=-.           .-=-.          .-==-.       
 { }      __        .' O o '.       .' O o '.       /  -<' )--<   
 { }    .' O'.     / o .-. O \     / o .-. O \     /  .---`       
 { }   / .-. o\   /O  /   \  o\   /O  /   \  o\   /O /            
  \ `-` /   \ O`-'o  /     \  O`-'o  /     \  O`-`o /             
   `-.-`     '.____.'       `._____.'       `.____.'              

Serpent 2 beta

A Continuous-energy Monte Carlo Reactor Physics Burnup Calculation Code

 - Version 2.1.15 (July 31, 2013) -- Contact: Jaakko.Leppanen@vtt.fi

 - MPI Parallel calculation mode available

 - OpenMP Parallel calculation mode available

 - Geometry and mesh plotting available

 - Default data path set to: "/usr/local/SERPENT/xsdata/endfb7"

Begin calculation on Wed Aug 26 08:06:46 2015

Reading input file "assembly-lw"...

Checking duplicate input definitions...
OK.

Creating geometry...
OK.

The geometry consists of 3 levels:

Level 0 size: max 3 zones
Level 1 size: max 961 zones
Level 2 size: max 3 zones

Linking materials to geometry...
OK.

Processing data for group constant generation:

 - 69 energy groups in micro-group structure
 - 2 energy groups in macro-group structure
 - B1 fundamental mode calculation is not run
 - Group constants generated in 1 universes
 - Discontinuity factors are not calculated
 - Poison cross sections are not calculated

Plotting geometry:

   0% complete
  50% complete
 100% complete

Reading ACE directory files...
OK.

Adding nuclides in material fuel1...

Nuclide  92235.03c -- uranium 235 at 300K (U-235)
Nuclide  92238.03c -- uranium 238 at 300K (U-238)
Nuclide   8016.03c -- oxygen 16 at 300K (O-16)

Adding nuclides in material clad...

Nuclide  40090.03c -- zirconium 90 at 300K (Zr-90)
Nuclide  40091.03c -- zirconium 91 at 300K (Zr-91)
Nuclide  40092.03c -- zirconium 92 at 300K (Zr-92)
Nuclide  40094.03c -- zirconium 94 at 300K (Zr-94)
Nuclide  40096.03c -- zirconium 96 at 300K (Zr-96)

Adding nuclides in material water1...

Nuclide   1001.03c -- hydrogen at 300K (H-1)

Checking data and printing output...
OK.

Sharing input data to MPI tasks...
OK.

Generating unionize energy grids...

Adding points:

  1001.03c -- Points added in neutron grid: 252
  8016.03c -- Points added in neutron grid: 2353
 40090.03c -- Points added in neutron grid: 1620
 40091.03c -- Points added in neutron grid: 5701
 40092.03c -- Points added in neutron grid: 4797
 40094.03c -- Points added in neutron grid: 4135
 40096.03c -- Points added in neutron grid: 2298
 92235.03c -- Points added in neutron grid: 30651
 92238.03c -- Points added in neutron grid: 64722

Generating unionized energy grid:

 - Unionization performed without grid thinning
   between 1.00E-11 and 20.0 MeV.

 - Final neutron grid size: 116356 points.

 - 3.46 Mb of memory allocated for grid data

OK.

Processing cross sections and ENDF reaction laws...

Nuclide   1001.03c -- hydrogen at 300K (H-1)
Nuclide   8016.03c -- oxygen 16 at 300K (O-16)
Nuclide  40090.03c -- zirconium 90 at 300K (Zr-90)
Nuclide  40091.03c -- zirconium 91 at 300K (Zr-91)
Nuclide  40092.03c -- zirconium 92 at 300K (Zr-92)
Nuclide  40094.03c -- zirconium 94 at 300K (Zr-94)
Nuclide  40096.03c -- zirconium 96 at 300K (Zr-96)
Nuclide  92235.03c -- uranium 235 at 300K (U-235)
Nuclide  92238.03c -- uranium 238 at 300K (U-238)

SUMMARY -- 9 nuclides included in calculation:

 - 9 transport nuclides
 - Neutron energy cut-offs at 1.00E-11 and 20.0 MeV
 - 234 transport reactions
 - 104 special reactions
 - 49.34 Mb of memory allocated for data

Processing mesh plots...
OK.

Normalizing compositions and processing mixtures...
OK.

Allocating memory for macroscopic cross section data...
OK.

Allocating memory for particle structures...
