
 --- Table  1: Summary of nuclide data: 

 Data for 15 nuclides included in calculation:

 - 15 Transport nuclides
 - No dosimetry nuclides
 - No decay nuclides
 - 318 reaction channels
 - 61 special reactions
 - No transmutation reactions
 - No transmutation branch reactions
 - No decay reactions
 - No decay branch reactions
 - All reaction linked to target

 Columns:

  1. Index
  2. Level (first occurence in transmutation paths)
  3. Name (nuclide identifier data)
  4. Library ID
  5. Primary data type: TRA = transport
                        DOS = dosimetry
                        SAB = thermal scattering
                        DEC = only decay data
                        STR = only structural data (mass)
                        PHO = photon interaction data
  6. Z (atomic number)
  7. A (isotope number)
  8. I (isomeric state)
  9. Atomic weight
 10. Temperature (in Kelvin)
 11. Decay constant (1/s)
 12. Flags: I - nuclide is present in initial composition
            B - nuclide is involved in burnup calculation
            A - nuclide is produced as activation product
            D - nuclide is produced as decay product
            F - nuclide is produced as fission product
            B - nuclide is produced in decay or transmutation branching
            T - nuclide has neutron transport cross section data
            S - nuclide has S(a,b) data
            I - nuclide has isomeric branching reactions
            F - nuclide is fissile
            P - nuclide is a delayed neutron precursor
            D - nuclide has delayed neutron data
            U - nuclide has uses ures ptable data
            E - nuclide cross sections are adjusted by ETTM
            D - nuclide has dosimetry cross section data
            R - nuclide has radioactive decay data
            N - nuclide has neutron-induced fission yield data
            S - nuclide has spontaneous fission yield data
            P - nuclide has photon transport cross section data
            T - nuclide has supplementary transmutation cross section data

    1   0  11023.06c   06c  TRA   11  23 0   22.98949   600.0          N/A  I-----T-------------  sodium 23 (Na-23)
    2   0  24050.09c   09c  TRA   24  50 0   49.94606   900.0          N/A  I-----T-------------  chromium 50 (Cr-50)
    3   0  24052.09c   09c  TRA   24  52 0   51.94019   900.0          N/A  I-----T-------------  chromium 52 (Cr-52)
    4   0  24053.09c   09c  TRA   24  53 0   52.94079   900.0          N/A  I-----T-------------  chromium 53 (Cr-53)
    5   0  24054.09c   09c  TRA   24  54 0   53.93937   900.0          N/A  I-----T-------------  chromium 54 (Cr-54)
    6   0  26054.09c   09c  TRA   26  54 0   53.93937   900.0          N/A  I-----T-------------  iron 54 (Fe-54)
    7   0  26056.09c   09c  TRA   26  56 0   55.93451   900.0          N/A  I-----T-------------  iron 56 (Fe-56)
    8   0  26057.09c   09c  TRA   26  57 0   56.93510   900.0          N/A  I-----T-------------  iron 57 (Fe-57)
    9   0  26058.09c   09c  TRA   26  58 0   57.93368   900.0          N/A  I-----T-------------  iron 58 (Fe-58)
   10   0  28058.09c   09c  TRA   28  58 0   57.93570   900.0          N/A  I-----T-------------  nickel 58 (Ni-58)
   11   0  28060.09c   09c  TRA   28  60 0   59.93084   900.0          N/A  I-----T-------------  nickel 60 (Ni-60)
   12   0  28062.09c   09c  TRA   28  62 0   61.92799   900.0          N/A  I-----T-------------  nickel 62 (Ni-62)
   13   0  28064.09c   09c  TRA   28  64 0   63.92818   900.0          N/A  I-----T-------------  nickel 64 (Ni-64)
   14   0  92235.09c   09c  TRA   92 235 0  235.04395   900.0          N/A  I-----T--F-D--------  uranium 235 (U-235)
   15   0  92238.09c   09c  TRA   92 238 0  238.05078   900.0          N/A  I-----T--F-D--------  uranium 238 (U-238)

 --- Table  2: Reaction and decay data: 

 Nuclide    1 / 15 : 11023.06c -- sodium 23 (Na-23)

 Pointers                     : 36858 6350
 Primary type                 : Transport
 Nuclide ZAI                  : 110230
 Library ID                   : 06c
 Cross section data file      : /usr/local/SERPENT/xsdata/endfb7/acedata/11023ENDF7.ace
 Atomic weight (AW)           : 22.98949
 Atomic weight ratio (AWR)    : 22.79200
 Temperature                  : 600.0 Kelvin
 XS temperature               : 600.0 Kelvin
 Half-life                    : N/A
 Specific ingestion toxicity  : N/A
 Specific inhalation toxicity : N/A

 - Nuclide is not involved in burnup calculation
 - Nuclide has neutron transport data
 - Nuclide has no photon transport data
 - Nuclide has no S(a,b) data
 - Nuclide is not fissile
 - Nuclide is not a delayed neutron precursor
 - Nuclide has no delayed neutron data
 - Nuclide has no ures ptable data
 - Nuclide temperature is not adjusted with ETTM
 - Nuclide has no dosimetry data
 - Nuclide has no decay data
 - Nuclide has no supplementary transmutation cross section data
 - Nuclide has no NFY data
 - Nuclide has no SFY data

 - 24 reaction channels
 - 2 special reactions
 - No transmutation reactions
 - No transmutation branch reactions
 - No decay reactions
 - No decay branch reactions
 - No transmutation paths

 24 reactions channel:

   1    MT =    2  Q =  0.00000E+00 MeV  Emin = 1.00000E-11 MeV  frac = 1.00000E+00  : elastic scattering
   2    MT =   16  Q = -1.24140E+01 MeV  Emin = 1.29587E+01 MeV  frac = 1.00000E+00  : (n,2n)
   3    MT =   51  Q = -4.40000E-01 MeV  Emin = 4.59310E-01 MeV  frac = 1.00000E+00  : inelastic scatt. to 1. excited state
   4    MT =   52  Q = -2.07800E+00 MeV  Emin = 2.16920E+00 MeV  frac = 1.00000E+00  : inelastic scatt. to 2. excited state
   5    MT =   53  Q = -2.39300E+00 MeV  Emin = 2.49800E+00 MeV  frac = 1.00000E+00  : inelastic scatt. to 3. excited state
   6    MT =   54  Q = -2.64000E+00 MeV  Emin = 2.75583E+00 MeV  frac = 1.00000E+00  : inelastic scatt. to 4. excited state
   7    MT =   55  Q = -2.70500E+00 MeV  Emin = 2.82370E+00 MeV  frac = 1.00000E+00  : inelastic scatt. to 5. excited state
   8    MT =   56  Q = -2.98300E+00 MeV  Emin = 3.11390E+00 MeV  frac = 1.00000E+00  : inelastic scatt. to 6. excited state
   9    MT =   57  Q = -3.68000E+00 MeV  Emin = 3.84150E+00 MeV  frac = 1.00000E+00  : inelastic scatt. to 7. excited state
  10    MT =   58  Q = -3.88000E+00 MeV  Emin = 4.05024E+00 MeV  frac = 1.00000E+00  : inelastic scatt. to 8. excited state
  11    MT =   59  Q = -4.43000E+00 MeV  Emin = 4.62440E+00 MeV  frac = 1.00000E+00  : inelastic scatt. to 9. excited state
  12    MT =   60  Q = -4.77000E+00 MeV  Emin = 4.97930E+00 MeV  frac = 1.00000E+00  : inelastic scatt. to 10. excited state
  13    MT =   61  Q = -5.38000E+00 MeV  Emin = 5.61605E+00 MeV  frac = 1.00000E+00  : inelastic scatt. to 11. excited state
  14    MT =   62  Q = -5.53000E+00 MeV  Emin = 5.77263E+00 MeV  frac = 1.00000E+00  : inelastic scatt. to 12. excited state
  15    MT =   63  Q = -5.76000E+00 MeV  Emin = 6.01272E+00 MeV  frac = 1.00000E+00  : inelastic scatt. to 13. excited state
  16    MT =   64  Q = -5.95500E+00 MeV  Emin = 6.21630E+00 MeV  frac = 1.00000E+00  : inelastic scatt. to 14. excited state
  17    MT =   65  Q = -6.07850E+00 MeV  Emin = 6.34520E+00 MeV  frac = 1.00000E+00  : inelastic scatt. to 15. excited state
  18    MT =   66  Q = -6.27000E+00 MeV  Emin = 6.54510E+00 MeV  frac = 1.00000E+00  : inelastic scatt. to 16. excited state
  19    MT =   67  Q = -7.11000E+00 MeV  Emin = 7.42200E+00 MeV  frac = 1.00000E+00  : inelastic scatt. to 17. excited state
  20    MT =   68  Q = -7.79000E+00 MeV  Emin = 8.13180E+00 MeV  frac = 1.00000E+00  : inelastic scatt. to 18. excited state
  21    MT =   91  Q = -5.84360E+00 MeV  Emin = 6.10000E+00 MeV  frac = 1.00000E+00  : inelastic scattering to continuum
  22    MT =  102  Q =  6.95949E+00 MeV  Emin = 1.00000E-11 MeV  frac = 1.00000E+00  : (n,gamma)
  23    MT =  103  Q = -3.59700E+00 MeV  Emin = 3.75482E+00 MeV  frac = 1.00000E+00  : (n,p)
  24    MT =  107  Q = -3.86600E+00 MeV  Emin = 4.03562E+00 MeV  frac = 1.00000E+00  : (n,alpha)

 2 special reactions:

   1    MT =  203  Q =  0.00000E+00 MeV  Emin = 3.75482E+00 MeV  : mt 203
   2    MT =  207  Q =  0.00000E+00 MeV  Emin = 4.03562E+00 MeV  : mt 207

 Nuclide    2 / 15 : 24050.09c -- chromium 50 (Cr-50)

 Pointers                     : 24689 18264
 Primary type                 : Transport
 Nuclide ZAI                  : 240500
 Library ID                   : 09c
 Cross section data file      : /usr/local/SERPENT/xsdata/endfb7/acedata/24050ENDF7.ace
 Atomic weight (AW)           : 49.94606
 Atomic weight ratio (AWR)    : 49.51700
 Temperature                  : 900.0 Kelvin
 XS temperature               : 900.0 Kelvin
 Half-life                    : N/A
 Specific ingestion toxicity  : N/A
 Specific inhalation toxicity : N/A

 - Nuclide is not involved in burnup calculation
 - Nuclide has neutron transport data
 - Nuclide has no photon transport data
 - Nuclide has no S(a,b) data
 - Nuclide is not fissile
 - Nuclide is not a delayed neutron precursor
 - Nuclide has no delayed neutron data
 - Nuclide has no ures ptable data
 - Nuclide temperature is not adjusted with ETTM
 - Nuclide has no dosimetry data
 - Nuclide has no decay data
 - Nuclide has no supplementary transmutation cross section data
 - Nuclide has no NFY data
 - Nuclide has no SFY data

 - 15 reaction channels
 - 5 special reactions
 - No transmutation reactions
 - No transmutation branch reactions
 - No decay reactions
 - No decay branch reactions
 - No transmutation paths

 15 reactions channel:

   1    MT =    2  Q =  0.00000E+00 MeV  Emin = 1.00000E-11 MeV  frac = 1.00000E+00  : elastic scattering
   2    MT =   16  Q = -1.30000E+01 MeV  Emin = 1.32630E+01 MeV  frac = 1.00000E+00  : (n,2n)
   3    MT =   22  Q = -8.56000E+00 MeV  Emin = 8.73290E+00 MeV  frac = 1.00000E+00  : (n,nalpha)
   4    MT =   28  Q = -9.59000E+00 MeV  Emin = 9.78370E+00 MeV  frac = 1.00000E+00  : (n,np)
   5    MT =   51  Q = -7.83000E-01 MeV  Emin = 7.98813E-01 MeV  frac = 1.00000E+00  : inelastic scatt. to 1. excited state
   6    MT =   52  Q = -1.88100E+00 MeV  Emin = 1.91900E+00 MeV  frac = 1.00000E+00  : inelastic scatt. to 2. excited state
   7    MT =   53  Q = -2.92500E+00 MeV  Emin = 2.98410E+00 MeV  frac = 1.00000E+00  : inelastic scatt. to 3. excited state
   8    MT =   54  Q = -3.16100E+00 MeV  Emin = 3.22484E+00 MeV  frac = 1.00000E+00  : inelastic scatt. to 4. excited state
   9    MT =   55  Q = -3.16400E+00 MeV  Emin = 3.22790E+00 MeV  frac = 1.00000E+00  : inelastic scatt. to 5. excited state
  10    MT =   56  Q = -3.32500E+00 MeV  Emin = 3.39215E+00 MeV  frac = 1.00000E+00  : inelastic scatt. to 6. excited state
  11    MT =   91  Q = -3.59500E+00 MeV  Emin = 3.66760E+00 MeV  frac = 1.00000E+00  : inelastic scattering to continuum
  12    MT =  102  Q =  9.26170E+00 MeV  Emin = 1.00000E-11 MeV  frac = 1.00000E+00  : (n,gamma)
  13    MT =  103  Q = -2.56300E-01 MeV  Emin = 9.99999E-01 MeV  frac = 1.00000E+00  : (n,p)
  14    MT =  104  Q = -7.36400E+00 MeV  Emin = 7.51272E+00 MeV  frac = 1.00000E+00  : (n,d)
  15    MT =  107  Q =  3.19500E-01 MeV  Emin = 2.25000E+00 MeV  frac = 1.00000E+00  : (n,alpha)

 5 special reactions:

   1    MT =    5  Q =  0.00000E+00 MeV  Emin = 2.00000E+01 MeV  : anything
   2    MT =  203  Q =  0.00000E+00 MeV  Emin = 9.99999E-01 MeV  : mt 203
   3    MT =  204  Q =  0.00000E+00 MeV  Emin = 7.51272E+00 MeV  : mt 204
   4    MT =  205  Q =  0.00000E+00 MeV  Emin = 1.93069E+01 MeV  : mt 205
   5    MT =  207  Q =  0.00000E+00 MeV  Emin = 2.25000E+00 MeV  : mt 207

 Nuclide    3 / 15 : 24052.09c -- chromium 52 (Cr-52)

 Pointers                     : 26167 18540
 Primary type                 : Transport
 Nuclide ZAI                  : 240520
 Library ID                   : 09c
 Cross section data file      : /usr/local/SERPENT/xsdata/endfb7/acedata/24052ENDF7.ace
 Atomic weight (AW)           : 51.94019
 Atomic weight ratio (AWR)    : 51.49400
 Temperature                  : 900.0 Kelvin
 XS temperature               : 900.0 Kelvin
 Half-life                    : N/A
 Specific ingestion toxicity  : N/A
 Specific inhalation toxicity : N/A

 - Nuclide is not involved in burnup calculation
 - Nuclide has neutron transport data
 - Nuclide has no photon transport data
 - Nuclide has no S(a,b) data
 - Nuclide is not fissile
 - Nuclide is not a delayed neutron precursor
 - Nuclide has no delayed neutron data
 - Nuclide has no ures ptable data
 - Nuclide temperature is not adjusted with ETTM
 - Nuclide has no dosimetry data
 - Nuclide has no decay data
 - Nuclide has no supplementary transmutation cross section data
 - Nuclide has no NFY data
 - Nuclide has no SFY data

 - 18 reaction channels
 - 5 special reactions
 - No transmutation reactions
 - No transmutation branch reactions
 - No decay reactions
 - No decay branch reactions
 - No transmutation paths

 18 reactions channel:

   1    MT =    2  Q =  0.00000E+00 MeV  Emin = 1.00000E-11 MeV  frac = 1.00000E+00  : elastic scattering
   2    MT =   16  Q = -1.20390E+01 MeV  Emin = 1.22730E+01 MeV  frac = 1.00000E+00  : (n,2n)
   3    MT =   22  Q = -9.35300E+00 MeV  Emin = 9.53463E+00 MeV  frac = 1.00000E+00  : (n,nalpha)
   4    MT =   28  Q = -1.05050E+01 MeV  Emin = 1.07090E+01 MeV  frac = 1.00000E+00  : (n,np)
   5    MT =   51  Q = -1.43400E+00 MeV  Emin = 1.46185E+00 MeV  frac = 1.00000E+00  : inelastic scatt. to 1. excited state
   6    MT =   52  Q = -2.37000E+00 MeV  Emin = 2.41603E+00 MeV  frac = 1.00000E+00  : inelastic scatt. to 2. excited state
   7    MT =   53  Q = -2.64700E+00 MeV  Emin = 2.69841E+00 MeV  frac = 1.00000E+00  : inelastic scatt. to 3. excited state
   8    MT =   54  Q = -2.76800E+00 MeV  Emin = 2.82180E+00 MeV  frac = 1.00000E+00  : inelastic scatt. to 4. excited state
   9    MT =   55  Q = -2.96500E+00 MeV  Emin = 3.02260E+00 MeV  frac = 1.00000E+00  : inelastic scatt. to 5. excited state
  10    MT =   56  Q = -3.11400E+00 MeV  Emin = 3.17450E+00 MeV  frac = 1.00000E+00  : inelastic scatt. to 6. excited state
  11    MT =   57  Q = -3.16200E+00 MeV  Emin = 3.22341E+00 MeV  frac = 1.00000E+00  : inelastic scatt. to 7. excited state
  12    MT =   58  Q = -3.41500E+00 MeV  Emin = 3.48132E+00 MeV  frac = 1.00000E+00  : inelastic scatt. to 8. excited state
  13    MT =   59  Q = -3.47200E+00 MeV  Emin = 3.53943E+00 MeV  frac = 1.00000E+00  : inelastic scatt. to 9. excited state
  14    MT =   60  Q = -3.61600E+00 MeV  Emin = 3.68622E+00 MeV  frac = 1.00000E+00  : inelastic scatt. to 10. excited state
  15    MT =   91  Q = -3.70000E+00 MeV  Emin = 3.77190E+00 MeV  frac = 1.00000E+00  : inelastic scattering to continuum
  16    MT =  102  Q =  7.93923E+00 MeV  Emin = 1.00000E-11 MeV  frac = 1.00000E+00  : (n,gamma)
  17    MT =  103  Q = -3.19400E+00 MeV  Emin = 3.25603E+00 MeV  frac = 1.00000E+00  : (n,p)
  18    MT =  107  Q = -1.21000E+00 MeV  Emin = 1.23350E+00 MeV  frac = 1.00000E+00  : (n,alpha)

 5 special reactions:

   1    MT =    5  Q =  0.00000E+00 MeV  Emin = 2.00000E+01 MeV  : anything
   2    MT =  203  Q =  0.00000E+00 MeV  Emin = 3.25603E+00 MeV  : mt 203
   3    MT =  204  Q =  0.00000E+00 MeV  Emin = 1.93069E+01 MeV  : mt 204
   4    MT =  205  Q =  0.00000E+00 MeV  Emin = 1.93069E+01 MeV  : mt 205
   5    MT =  207  Q =  0.00000E+00 MeV  Emin = 1.23350E+00 MeV  : mt 207

 Nuclide    4 / 15 : 24053.09c -- chromium 53 (Cr-53)

 Pointers                     : 27852 18816
 Primary type                 : Transport
 Nuclide ZAI                  : 240530
 Library ID                   : 09c
 Cross section data file      : /usr/local/SERPENT/xsdata/endfb7/acedata/24053ENDF7.ace
 Atomic weight (AW)           : 52.94079
 Atomic weight ratio (AWR)    : 52.48600
 Temperature                  : 900.0 Kelvin
 XS temperature               : 900.0 Kelvin
 Half-life                    : N/A
 Specific ingestion toxicity  : N/A
 Specific inhalation toxicity : N/A

 - Nuclide is not involved in burnup calculation
 - Nuclide has neutron transport data
 - Nuclide has no photon transport data
 - Nuclide has no S(a,b) data
 - Nuclide is not fissile
 - Nuclide is not a delayed neutron precursor
 - Nuclide has no delayed neutron data
 - Nuclide has no ures ptable data
 - Nuclide temperature is not adjusted with ETTM
 - Nuclide has no dosimetry data
 - Nuclide has no decay data
 - Nuclide has no supplementary transmutation cross section data
 - Nuclide has no NFY data
 - Nuclide has no SFY data

 - 21 reaction channels
 - 5 special reactions
 - No transmutation reactions
 - No transmutation branch reactions
 - No decay reactions
 - No decay branch reactions
 - No transmutation paths

 21 reactions channel:

   1    MT =    2  Q =  0.00000E+00 MeV  Emin = 1.00000E-11 MeV  frac = 1.00000E+00  : elastic scattering
   2    MT =   16  Q = -7.94000E+00 MeV  Emin = 8.09130E+00 MeV  frac = 1.00000E+00  : (n,2n)
   3    MT =   22  Q = -9.15000E+00 MeV  Emin = 9.32433E+00 MeV  frac = 1.00000E+00  : (n,nalpha)
   4    MT =   28  Q = -1.11340E+01 MeV  Emin = 1.13461E+01 MeV  frac = 1.00000E+00  : (n,np)
   5    MT =   51  Q = -5.64000E-01 MeV  Emin = 5.74750E-01 MeV  frac = 1.00000E+00  : inelastic scatt. to 1. excited state
   6    MT =   52  Q = -1.00600E+00 MeV  Emin = 1.02520E+00 MeV  frac = 1.00000E+00  : inelastic scatt. to 2. excited state
   7    MT =   53  Q = -1.29000E+00 MeV  Emin = 1.31460E+00 MeV  frac = 1.00000E+00  : inelastic scatt. to 3. excited state
   8    MT =   54  Q = -1.53700E+00 MeV  Emin = 1.56630E+00 MeV  frac = 1.00000E+00  : inelastic scatt. to 4. excited state
   9    MT =   55  Q = -1.97400E+00 MeV  Emin = 2.01161E+00 MeV  frac = 1.00000E+00  : inelastic scatt. to 5. excited state
  10    MT =   56  Q = -2.17200E+00 MeV  Emin = 2.21340E+00 MeV  frac = 1.00000E+00  : inelastic scatt. to 6. excited state
  11    MT =   57  Q = -2.23300E+00 MeV  Emin = 2.27555E+00 MeV  frac = 1.00000E+00  : inelastic scatt. to 7. excited state
  12    MT =   58  Q = -2.32100E+00 MeV  Emin = 2.36522E+00 MeV  frac = 1.00000E+00  : inelastic scatt. to 8. excited state
  13    MT =   59  Q = -2.45300E+00 MeV  Emin = 2.49974E+00 MeV  frac = 1.00000E+00  : inelastic scatt. to 9. excited state
  14    MT =   60  Q = -2.65600E+00 MeV  Emin = 2.70661E+00 MeV  frac = 1.00000E+00  : inelastic scatt. to 10. excited state
  15    MT =   61  Q = -2.67000E+00 MeV  Emin = 2.72090E+00 MeV  frac = 1.00000E+00  : inelastic scatt. to 11. excited state
  16    MT =   62  Q = -2.70600E+00 MeV  Emin = 2.75760E+00 MeV  frac = 1.00000E+00  : inelastic scatt. to 12. excited state
  17    MT =   63  Q = -2.70700E+00 MeV  Emin = 2.75860E+00 MeV  frac = 1.00000E+00  : inelastic scatt. to 13. excited state
  18    MT =   91  Q = -2.77200E+00 MeV  Emin = 2.82482E+00 MeV  frac = 1.00000E+00  : inelastic scattering to continuum
  19    MT =  102  Q =  9.71909E+00 MeV  Emin = 1.00000E-11 MeV  frac = 1.00000E+00  : (n,gamma)
  20    MT =  103  Q = -2.64000E+00 MeV  Emin = 2.69030E+00 MeV  frac = 1.00000E+00  : (n,p)
  21    MT =  107  Q =  1.79500E+00 MeV  Emin = 9.99999E-01 MeV  frac = 1.00000E+00  : (n,alpha)

 5 special reactions:

   1    MT =    5  Q =  0.00000E+00 MeV  Emin = 2.00000E+01 MeV  : anything
   2    MT =  203  Q =  0.00000E+00 MeV  Emin = 2.69030E+00 MeV  : mt 203
   3    MT =  204  Q =  0.00000E+00 MeV  Emin = 2.00000E+01 MeV  : mt 204
   4    MT =  205  Q =  0.00000E+00 MeV  Emin = 2.00000E+01 MeV  : mt 205
   5    MT =  207  Q =  0.00000E+00 MeV  Emin = 9.99999E-01 MeV  : mt 207

 Nuclide    5 / 15 : 24054.09c -- chromium 54 (Cr-54)

 Pointers                     : 29744 19092
 Primary type                 : Transport
 Nuclide ZAI                  : 240540
 Library ID                   : 09c
 Cross section data file      : /usr/local/SERPENT/xsdata/endfb7/acedata/24054ENDF7.ace
 Atomic weight (AW)           : 53.93937
 Atomic weight ratio (AWR)    : 53.47600
 Temperature                  : 900.0 Kelvin
 XS temperature               : 900.0 Kelvin
 Half-life                    : N/A
 Specific ingestion toxicity  : N/A
 Specific inhalation toxicity : N/A

 - Nuclide is not involved in burnup calculation
 - Nuclide has neutron transport data
 - Nuclide has no photon transport data
 - Nuclide has no S(a,b) data
 - Nuclide is not fissile
 - Nuclide is not a delayed neutron precursor
 - Nuclide has no delayed neutron data
 - Nuclide has no ures ptable data
 - Nuclide temperature is not adjusted with ETTM
 - Nuclide has no dosimetry data
 - Nuclide has no decay data
 - Nuclide has no supplementary transmutation cross section data
 - Nuclide has no NFY data
 - Nuclide has no SFY data

 - 10 reaction channels
 - 5 special reactions
 - No transmutation reactions
 - No transmutation branch reactions
 - No decay reactions
 - No decay branch reactions
 - No transmutation paths

 10 reactions channel:

   1    MT =    2  Q =  0.00000E+00 MeV  Emin = 1.00000E-11 MeV  frac = 1.00000E+00  : elastic scattering
   2    MT =   16  Q = -9.71900E+00 MeV  Emin = 9.90075E+00 MeV  frac = 1.00000E+00  : (n,2n)
   3    MT =   51  Q = -8.35000E-01 MeV  Emin = 8.50615E-01 MeV  frac = 1.00000E+00  : inelastic scatt. to 1. excited state
   4    MT =   52  Q = -1.82400E+00 MeV  Emin = 1.85811E+00 MeV  frac = 1.00000E+00  : inelastic scatt. to 2. excited state
   5    MT =   53  Q = -2.62000E+00 MeV  Emin = 2.66900E+00 MeV  frac = 1.00000E+00  : inelastic scatt. to 3. excited state
   6    MT =   54  Q = -2.82900E+00 MeV  Emin = 2.88190E+00 MeV  frac = 1.00000E+00  : inelastic scatt. to 4. excited state
   7    MT =   91  Q = -3.07400E+00 MeV  Emin = 3.13150E+00 MeV  frac = 1.00000E+00  : inelastic scattering to continuum
   8    MT =  102  Q =  6.24635E+00 MeV  Emin = 1.00000E-11 MeV  frac = 1.00000E+00  : (n,gamma)
   9    MT =  103  Q = -6.21400E+00 MeV  Emin = 6.33020E+00 MeV  frac = 1.00000E+00  : (n,p)
  10    MT =  107  Q = -1.55200E+00 MeV  Emin = 1.58102E+00 MeV  frac = 1.00000E+00  : (n,alpha)

 5 special reactions:

   1    MT =    5  Q =  0.00000E+00 MeV  Emin = 2.00000E+01 MeV  : anything
   2    MT =  203  Q =  0.00000E+00 MeV  Emin = 6.33020E+00 MeV  : mt 203
   3    MT =  204  Q =  0.00000E+00 MeV  Emin = 2.00000E+01 MeV  : mt 204
   4    MT =  205  Q =  0.00000E+00 MeV  Emin = 2.00000E+01 MeV  : mt 205
   5    MT =  207  Q =  0.00000E+00 MeV  Emin = 1.58102E+00 MeV  : mt 207

 Nuclide    6 / 15 : 26054.09c -- iron 54 (Fe-54)

 Pointers                     : 17880 19920
 Primary type                 : Transport
 Nuclide ZAI                  : 260540
 Library ID                   : 09c
 Cross section data file      : /usr/local/SERPENT/xsdata/endfb7/acedata/26054ENDF7.ace
 Atomic weight (AW)           : 53.93937
 Atomic weight ratio (AWR)    : 53.47600
 Temperature                  : 900.0 Kelvin
 XS temperature               : 900.0 Kelvin
 Half-life                    : N/A
 Specific ingestion toxicity  : N/A
 Specific inhalation toxicity : N/A

 - Nuclide is not involved in burnup calculation
 - Nuclide has neutron transport data
 - Nuclide has no photon transport data
 - Nuclide has no S(a,b) data
 - Nuclide is not fissile
 - Nuclide is not a delayed neutron precursor
 - Nuclide has no delayed neutron data
 - Nuclide has no ures ptable data
 - Nuclide temperature is not adjusted with ETTM
 - Nuclide has no dosimetry data
 - Nuclide has no decay data
 - Nuclide has no supplementary transmutation cross section data
 - Nuclide has no NFY data
 - Nuclide has no SFY data

 - 16 reaction channels
 - 5 special reactions
 - No transmutation reactions
 - No transmutation branch reactions
 - No decay reactions
 - No decay branch reactions
 - No transmutation paths

 16 reactions channel:

   1    MT =    2  Q =  0.00000E+00 MeV  Emin = 1.00000E-11 MeV  frac = 1.00000E+00  : elastic scattering
   2    MT =   16  Q = -1.33800E+01 MeV  Emin = 1.36302E+01 MeV  frac = 1.00000E+00  : (n,2n)
   3    MT =   22  Q = -8.41830E+00 MeV  Emin = 8.57572E+00 MeV  frac = 1.00000E+00  : (n,nalpha)
   4    MT =   28  Q = -8.85200E+00 MeV  Emin = 9.01753E+00 MeV  frac = 1.00000E+00  : (n,np)
   5    MT =   51  Q = -1.40800E+00 MeV  Emin = 1.43433E+00 MeV  frac = 1.00000E+00  : inelastic scatt. to 1. excited state
   6    MT =   52  Q = -2.53800E+00 MeV  Emin = 2.58550E+00 MeV  frac = 1.00000E+00  : inelastic scatt. to 2. excited state
   7    MT =   53  Q = -2.56100E+00 MeV  Emin = 2.60890E+00 MeV  frac = 1.00000E+00  : inelastic scatt. to 3. excited state
   8    MT =   54  Q = -2.95000E+00 MeV  Emin = 3.00520E+00 MeV  frac = 1.00000E+00  : inelastic scatt. to 4. excited state
   9    MT =   55  Q = -2.95900E+00 MeV  Emin = 3.01433E+00 MeV  frac = 1.00000E+00  : inelastic scatt. to 5. excited state
  10    MT =   56  Q = -3.16600E+00 MeV  Emin = 3.22520E+00 MeV  frac = 1.00000E+00  : inelastic scatt. to 6. excited state
  11    MT =   57  Q = -3.29500E+00 MeV  Emin = 3.35662E+00 MeV  frac = 1.00000E+00  : inelastic scatt. to 7. excited state
  12    MT =   91  Q = -3.34500E+00 MeV  Emin = 3.40760E+00 MeV  frac = 1.00000E+00  : inelastic scattering to continuum
  13    MT =  102  Q =  9.29800E+00 MeV  Emin = 1.00000E-11 MeV  frac = 1.00000E+00  : (n,gamma)
  14    MT =  103  Q =  8.53000E-02 MeV  Emin = 7.00000E-01 MeV  frac = 1.00000E+00  : (n,p)
  15    MT =  104  Q = -6.63000E+00 MeV  Emin = 6.75398E+00 MeV  frac = 1.00000E+00  : (n,d)
  16    MT =  107  Q =  8.43000E-01 MeV  Emin = 3.00000E+00 MeV  frac = 1.00000E+00  : (n,alpha)

 5 special reactions:

   1    MT =    5  Q =  0.00000E+00 MeV  Emin = 2.00000E+01 MeV  : anything
   2    MT =  203  Q =  0.00000E+00 MeV  Emin = 7.00000E-01 MeV  : mt 203
   3    MT =  204  Q =  0.00000E+00 MeV  Emin = 6.75398E+00 MeV  : mt 204
   4    MT =  205  Q =  0.00000E+00 MeV  Emin = 2.00000E+01 MeV  : mt 205
   5    MT =  207  Q =  0.00000E+00 MeV  Emin = 3.00000E+00 MeV  : mt 207

 Nuclide    7 / 15 : 26056.09c -- iron 56 (Fe-56)

 Pointers                     : 19427 20196
 Primary type                 : Transport
 Nuclide ZAI                  : 260560
 Library ID                   : 09c
 Cross section data file      : /usr/local/SERPENT/xsdata/endfb7/acedata/26056ENDF7.ace
 Atomic weight (AW)           : 55.93451
 Atomic weight ratio (AWR)    : 55.45400
 Temperature                  : 900.0 Kelvin
 XS temperature               : 900.0 Kelvin
 Half-life                    : N/A
 Specific ingestion toxicity  : N/A
 Specific inhalation toxicity : N/A

 - Nuclide is not involved in burnup calculation
 - Nuclide has neutron transport data
 - Nuclide has no photon transport data
 - Nuclide has no S(a,b) data
 - Nuclide is not fissile
 - Nuclide is not a delayed neutron precursor
 - Nuclide has no delayed neutron data
 - Nuclide has no ures ptable data
 - Nuclide temperature is not adjusted with ETTM
 - Nuclide has no dosimetry data
 - Nuclide has no decay data
 - Nuclide has no supplementary transmutation cross section data
 - Nuclide has no NFY data
 - Nuclide has no SFY data

 - 36 reaction channels
 - 6 special reactions
 - No transmutation reactions
 - No transmutation branch reactions
 - No decay reactions
 - No decay branch reactions
 - No transmutation paths

 36 reactions channel:

   1    MT =    2  Q =  0.00000E+00 MeV  Emin = 1.00000E-11 MeV  frac = 1.00000E+00  : elastic scattering
   2    MT =   16  Q = -1.12000E+01 MeV  Emin = 1.14020E+01 MeV  frac = 1.00000E+00  : (n,2n)
   3    MT =   22  Q = -7.61000E+00 MeV  Emin = 7.74723E+00 MeV  frac = 1.00000E+00  : (n,nalpha)
   4    MT =   28  Q = -1.01800E+01 MeV  Emin = 1.03640E+01 MeV  frac = 1.00000E+00  : (n,np)
   5    MT =   51  Q = -8.47000E-01 MeV  Emin = 8.62274E-01 MeV  frac = 1.00000E+00  : inelastic scatt. to 1. excited state
   6    MT =   52  Q = -2.08500E+00 MeV  Emin = 2.12260E+00 MeV  frac = 1.00000E+00  : inelastic scatt. to 2. excited state
   7    MT =   53  Q = -2.65800E+00 MeV  Emin = 2.70593E+00 MeV  frac = 1.00000E+00  : inelastic scatt. to 3. excited state
   8    MT =   54  Q = -2.94200E+00 MeV  Emin = 2.99510E+00 MeV  frac = 1.00000E+00  : inelastic scatt. to 4. excited state
   9    MT =   55  Q = -2.96000E+00 MeV  Emin = 3.01340E+00 MeV  frac = 1.00000E+00  : inelastic scatt. to 5. excited state
  10    MT =   56  Q = -3.12000E+00 MeV  Emin = 3.17630E+00 MeV  frac = 1.00000E+00  : inelastic scatt. to 6. excited state
  11    MT =   57  Q = -3.12300E+00 MeV  Emin = 3.17932E+00 MeV  frac = 1.00000E+00  : inelastic scatt. to 7. excited state
  12    MT =   58  Q = -3.37000E+00 MeV  Emin = 3.43080E+00 MeV  frac = 1.00000E+00  : inelastic scatt. to 8. excited state
  13    MT =   59  Q = -3.38800E+00 MeV  Emin = 3.44910E+00 MeV  frac = 1.00000E+00  : inelastic scatt. to 9. excited state
  14    MT =   60  Q = -3.44500E+00 MeV  Emin = 3.50712E+00 MeV  frac = 1.00000E+00  : inelastic scatt. to 10. excited state
  15    MT =   61  Q = -3.44900E+00 MeV  Emin = 3.51120E+00 MeV  frac = 1.00000E+00  : inelastic scatt. to 11. excited state
  16    MT =   62  Q = -3.60200E+00 MeV  Emin = 3.66700E+00 MeV  frac = 1.00000E+00  : inelastic scatt. to 12. excited state
  17    MT =   63  Q = -3.60700E+00 MeV  Emin = 3.67205E+00 MeV  frac = 1.00000E+00  : inelastic scatt. to 13. excited state
  18    MT =   64  Q = -3.75600E+00 MeV  Emin = 3.82373E+00 MeV  frac = 1.00000E+00  : inelastic scatt. to 14. excited state
  19    MT =   65  Q = -3.83200E+00 MeV  Emin = 3.90110E+00 MeV  frac = 1.00000E+00  : inelastic scatt. to 15. excited state
  20    MT =   66  Q = -3.85700E+00 MeV  Emin = 3.92660E+00 MeV  frac = 1.00000E+00  : inelastic scatt. to 16. excited state
  21    MT =   67  Q = -4.04900E+00 MeV  Emin = 4.12202E+00 MeV  frac = 1.00000E+00  : inelastic scatt. to 17. excited state
  22    MT =   68  Q = -4.10000E+00 MeV  Emin = 4.17394E+00 MeV  frac = 1.00000E+00  : inelastic scatt. to 18. excited state
  23    MT =   69  Q = -4.12000E+00 MeV  Emin = 4.19430E+00 MeV  frac = 1.00000E+00  : inelastic scatt. to 19. excited state
  24    MT =   70  Q = -4.29800E+00 MeV  Emin = 4.37551E+00 MeV  frac = 1.00000E+00  : inelastic scatt. to 20. excited state
  25    MT =   71  Q = -4.30200E+00 MeV  Emin = 4.37960E+00 MeV  frac = 1.00000E+00  : inelastic scatt. to 21. excited state
  26    MT =   72  Q = -4.39500E+00 MeV  Emin = 4.47430E+00 MeV  frac = 1.00000E+00  : inelastic scatt. to 22. excited state
  27    MT =   73  Q = -4.40100E+00 MeV  Emin = 4.48040E+00 MeV  frac = 1.00000E+00  : inelastic scatt. to 23. excited state
  28    MT =   74  Q = -4.45800E+00 MeV  Emin = 4.53840E+00 MeV  frac = 1.00000E+00  : inelastic scatt. to 24. excited state
  29    MT =   75  Q = -4.51000E+00 MeV  Emin = 4.59133E+00 MeV  frac = 1.00000E+00  : inelastic scatt. to 25. excited state
  30    MT =   91  Q = -4.53900E+00 MeV  Emin = 4.62085E+00 MeV  frac = 1.00000E+00  : inelastic scattering to continuum
  31    MT =  102  Q =  7.64609E+00 MeV  Emin = 1.00000E-11 MeV  frac = 1.00000E+00  : (n,gamma)
  32    MT =  103  Q = -2.91300E+00 MeV  Emin = 2.96553E+00 MeV  frac = 1.00000E+00  : (n,p)
  33    MT =  104  Q = -7.95900E+00 MeV  Emin = 8.10252E+00 MeV  frac = 1.00000E+00  : (n,d)
  34    MT =  105  Q = -1.19280E+01 MeV  Emin = 1.21431E+01 MeV  frac = 1.00000E+00  : (n,t)
  35    MT =  106  Q = -1.05300E+01 MeV  Emin = 1.07200E+01 MeV  frac = 1.00000E+00  : (n,He-3)
  36    MT =  107  Q =  3.26000E-01 MeV  Emin = 8.62270E-01 MeV  frac = 1.00000E+00  : (n,alpha)

 6 special reactions:

   1    MT =    5  Q =  0.00000E+00 MeV  Emin = 2.00000E+01 MeV  : anything
   2    MT =  203  Q =  0.00000E+00 MeV  Emin = 2.96553E+00 MeV  : mt 203
   3    MT =  204  Q =  0.00000E+00 MeV  Emin = 8.10252E+00 MeV  : mt 204
   4    MT =  205  Q =  0.00000E+00 MeV  Emin = 1.21431E+01 MeV  : mt 205
   5    MT =  206  Q =  0.00000E+00 MeV  Emin = 1.06100E+01 MeV  : mt 206
   6    MT =  207  Q =  0.00000E+00 MeV  Emin = 8.62270E-01 MeV  : mt 207

 Nuclide    8 / 15 : 26057.09c -- iron 57 (Fe-57)

 Pointers                     : 22423 20472
 Primary type                 : Transport
 Nuclide ZAI                  : 260570
 Library ID                   : 09c
 Cross section data file      : /usr/local/SERPENT/xsdata/endfb7/acedata/26057ENDF7.ace
 Atomic weight (AW)           : 56.93510
 Atomic weight ratio (AWR)    : 56.44600
 Temperature                  : 900.0 Kelvin
 XS temperature               : 900.0 Kelvin
 Half-life                    : N/A
 Specific ingestion toxicity  : N/A
 Specific inhalation toxicity : N/A

 - Nuclide is not involved in burnup calculation
 - Nuclide has neutron transport data
 - Nuclide has no photon transport data
 - Nuclide has no S(a,b) data
 - Nuclide is not fissile
 - Nuclide is not a delayed neutron precursor
 - Nuclide has no delayed neutron data
 - Nuclide has no ures ptable data
 - Nuclide temperature is not adjusted with ETTM
 - Nuclide has no dosimetry data
 - Nuclide has no decay data
 - Nuclide has no supplementary transmutation cross section data
 - Nuclide has no NFY data
 - Nuclide has no SFY data

 - 13 reaction channels
 - 5 special reactions
 - No transmutation reactions
 - No transmutation branch reactions
 - No decay reactions
 - No decay branch reactions
 - No transmutation paths

 13 reactions channel:

   1    MT =    2  Q =  0.00000E+00 MeV  Emin = 1.00000E-11 MeV  frac = 1.00000E+00  : elastic scattering
   2    MT =   16  Q = -7.64600E+00 MeV  Emin = 7.78150E+00 MeV  frac = 1.00000E+00  : (n,2n)
   3    MT =   22  Q = -7.32020E+00 MeV  Emin = 7.44990E+00 MeV  frac = 1.00000E+00  : (n,nalpha)
   4    MT =   28  Q = -1.05590E+01 MeV  Emin = 1.07461E+01 MeV  frac = 1.00000E+00  : (n,np)
   5    MT =   51  Q = -1.40000E-02 MeV  Emin = 1.42480E-02 MeV  frac = 1.00000E+00  : inelastic scatt. to 1. excited state
   6    MT =   52  Q = -1.37000E-01 MeV  Emin = 1.39430E-01 MeV  frac = 1.00000E+00  : inelastic scatt. to 2. excited state
   7    MT =   53  Q = -3.67000E-01 MeV  Emin = 3.73502E-01 MeV  frac = 1.00000E+00  : inelastic scatt. to 3. excited state
   8    MT =   54  Q = -7.06000E-01 MeV  Emin = 7.18510E-01 MeV  frac = 1.00000E+00  : inelastic scatt. to 4. excited state
   9    MT =   55  Q = -1.00700E+00 MeV  Emin = 1.02484E+00 MeV  frac = 1.00000E+00  : inelastic scatt. to 5. excited state
  10    MT =   91  Q = -1.13990E+00 MeV  Emin = 1.16010E+00 MeV  frac = 1.00000E+00  : inelastic scattering to continuum
  11    MT =  102  Q =  1.00445E+01 MeV  Emin = 1.00000E-11 MeV  frac = 1.00000E+00  : (n,gamma)
  12    MT =  103  Q = -1.90900E+00 MeV  Emin = 1.94282E+00 MeV  frac = 1.00000E+00  : (n,p)
  13    MT =  107  Q =  2.40000E+00 MeV  Emin = 8.00000E-01 MeV  frac = 1.00000E+00  : (n,alpha)

 5 special reactions:

   1    MT =    5  Q =  0.00000E+00 MeV  Emin = 2.00000E+01 MeV  : anything
   2    MT =  203  Q =  0.00000E+00 MeV  Emin = 1.94282E+00 MeV  : mt 203
   3    MT =  204  Q =  0.00000E+00 MeV  Emin = 1.95000E+01 MeV  : mt 204
   4    MT =  205  Q =  0.00000E+00 MeV  Emin = 1.95000E+01 MeV  : mt 205
   5    MT =  207  Q =  0.00000E+00 MeV  Emin = 8.00000E-01 MeV  : mt 207

 Nuclide    9 / 15 : 26058.09c -- iron 58 (Fe-58)

 Pointers                     : 23763 20748
 Primary type                 : Transport
 Nuclide ZAI                  : 260580
 Library ID                   : 09c
 Cross section data file      : /usr/local/SERPENT/xsdata/endfb7/acedata/26058ENDF7.ace
 Atomic weight (AW)           : 57.93368
 Atomic weight ratio (AWR)    : 57.43600
 Temperature                  : 900.0 Kelvin
 XS temperature               : 900.0 Kelvin
 Half-life                    : N/A
 Specific ingestion toxicity  : N/A
 Specific inhalation toxicity : N/A

 - Nuclide is not involved in burnup calculation
 - Nuclide has neutron transport data
 - Nuclide has no photon transport data
 - Nuclide has no S(a,b) data
 - Nuclide is not fissile
 - Nuclide is not a delayed neutron precursor
 - Nuclide has no delayed neutron data
 - Nuclide has no ures ptable data
 - Nuclide temperature is not adjusted with ETTM
 - Nuclide has no dosimetry data
 - Nuclide has no decay data
 - Nuclide has no supplementary transmutation cross section data
 - Nuclide has no NFY data
 - Nuclide has no SFY data

 - 10 reaction channels
 - 2 special reactions
 - No transmutation reactions
 - No transmutation branch reactions
 - No decay reactions
 - No decay branch reactions
 - No transmutation paths

 10 reactions channel:

   1    MT =    2  Q =  0.00000E+00 MeV  Emin = 1.00000E-11 MeV  frac = 1.00000E+00  : elastic scattering
   2    MT =   16  Q = -1.00440E+01 MeV  Emin = 1.02190E+01 MeV  frac = 1.00000E+00  : (n,2n)
   3    MT =   22  Q = -7.64540E+00 MeV  Emin = 7.77851E+00 MeV  frac = 1.00000E+00  : (n,nalpha)
   4    MT =   28  Q = -1.19530E+01 MeV  Emin = 1.21611E+01 MeV  frac = 1.00000E+00  : (n,np)
   5    MT =   51  Q = -8.11000E-01 MeV  Emin = 8.25120E-01 MeV  frac = 1.00000E+00  : inelastic scatt. to 1. excited state
   6    MT =   52  Q = -1.67500E+00 MeV  Emin = 1.70420E+00 MeV  frac = 1.00000E+00  : inelastic scatt. to 2. excited state
   7    MT =   91  Q = -2.07630E+00 MeV  Emin = 2.11245E+00 MeV  frac = 1.00000E+00  : inelastic scattering to continuum
   8    MT =  102  Q =  6.58096E+00 MeV  Emin = 1.00000E-11 MeV  frac = 1.00000E+00  : (n,gamma)
   9    MT =  103  Q = -5.15900E+00 MeV  Emin = 5.24882E+00 MeV  frac = 1.00000E+00  : (n,p)
  10    MT =  107  Q = -1.39900E+00 MeV  Emin = 1.42340E+00 MeV  frac = 1.00000E+00  : (n,alpha)

 2 special reactions:

   1    MT =  203  Q =  0.00000E+00 MeV  Emin = 5.24880E+00 MeV  : mt 203
   2    MT =  207  Q =  0.00000E+00 MeV  Emin = 1.42340E+00 MeV  : mt 207

 Nuclide   10 / 15 : 28058.09c -- nickel 58 (Ni-58)

 Pointers                     : 30877 22128
 Primary type                 : Transport
 Nuclide ZAI                  : 280580
 Library ID                   : 09c
 Cross section data file      : /usr/local/SERPENT/xsdata/endfb7/acedata/28058ENDF7.ace
 Atomic weight (AW)           : 57.93570
 Atomic weight ratio (AWR)    : 57.43800
 Temperature                  : 900.0 Kelvin
 XS temperature               : 900.0 Kelvin
 Half-life                    : N/A
 Specific ingestion toxicity  : N/A
 Specific inhalation toxicity : N/A

 - Nuclide is not involved in burnup calculation
 - Nuclide has neutron transport data
 - Nuclide has no photon transport data
 - Nuclide has no S(a,b) data
 - Nuclide is not fissile
 - Nuclide is not a delayed neutron precursor
 - Nuclide has no delayed neutron data
 - Nuclide has no ures ptable data
 - Nuclide temperature is not adjusted with ETTM
 - Nuclide has no dosimetry data
 - Nuclide has no decay data
 - Nuclide has no supplementary transmutation cross section data
 - Nuclide has no NFY data
 - Nuclide has no SFY data

 - 17 reaction channels
 - 5 special reactions
 - No transmutation reactions
 - No transmutation branch reactions
 - No decay reactions
 - No decay branch reactions
 - No transmutation paths

 17 reactions channel:

   1    MT =    2  Q =  0.00000E+00 MeV  Emin = 1.00000E-11 MeV  frac = 1.00000E+00  : elastic scattering
   2    MT =   16  Q = -1.21960E+01 MeV  Emin = 1.24083E+01 MeV  frac = 1.00000E+00  : (n,2n)
   3    MT =   22  Q = -6.39800E+00 MeV  Emin = 6.50940E+00 MeV  frac = 1.00000E+00  : (n,nalpha)
   4    MT =   28  Q = -8.17100E+00 MeV  Emin = 8.31330E+00 MeV  frac = 1.00000E+00  : (n,np)
   5    MT =   51  Q = -1.45400E+00 MeV  Emin = 1.47931E+00 MeV  frac = 1.00000E+00  : inelastic scatt. to 1. excited state
   6    MT =   52  Q = -2.45900E+00 MeV  Emin = 2.50181E+00 MeV  frac = 1.00000E+00  : inelastic scatt. to 2. excited state
   7    MT =   53  Q = -2.77600E+00 MeV  Emin = 2.82433E+00 MeV  frac = 1.00000E+00  : inelastic scatt. to 3. excited state
   8    MT =   54  Q = -2.90300E+00 MeV  Emin = 2.95354E+00 MeV  frac = 1.00000E+00  : inelastic scatt. to 4. excited state
   9    MT =   55  Q = -2.94300E+00 MeV  Emin = 2.99424E+00 MeV  frac = 1.00000E+00  : inelastic scatt. to 5. excited state
  10    MT =   56  Q = -3.03800E+00 MeV  Emin = 3.09090E+00 MeV  frac = 1.00000E+00  : inelastic scatt. to 6. excited state
  11    MT =   57  Q = -3.26500E+00 MeV  Emin = 3.32185E+00 MeV  frac = 1.00000E+00  : inelastic scatt. to 7. excited state
  12    MT =   58  Q = -3.42100E+00 MeV  Emin = 3.48060E+00 MeV  frac = 1.00000E+00  : inelastic scatt. to 8. excited state
  13    MT =   91  Q = -3.52000E+00 MeV  Emin = 3.58130E+00 MeV  frac = 1.00000E+00  : inelastic scattering to continuum
  14    MT =  102  Q =  8.99951E+00 MeV  Emin = 1.00000E-11 MeV  frac = 1.00000E+00  : (n,gamma)
  15    MT =  103  Q =  4.02000E-01 MeV  Emin = 5.00000E-01 MeV  frac = 1.00000E+00  : (n,p)
  16    MT =  104  Q = -5.94627E+00 MeV  Emin = 6.04980E+00 MeV  frac = 1.00000E+00  : (n,d)
  17    MT =  107  Q =  2.90100E+00 MeV  Emin = 5.00000E-01 MeV  frac = 1.00000E+00  : (n,alpha)

 5 special reactions:

   1    MT =    5  Q =  0.00000E+00 MeV  Emin = 2.00000E+01 MeV  : anything
   2    MT =  203  Q =  0.00000E+00 MeV  Emin = 5.00000E-01 MeV  : mt 203
   3    MT =  204  Q =  0.00000E+00 MeV  Emin = 6.01407E+00 MeV  : mt 204
   4    MT =  205  Q =  0.00000E+00 MeV  Emin = 1.98145E+01 MeV  : mt 205
   5    MT =  207  Q =  0.00000E+00 MeV  Emin = 5.00000E-01 MeV  : mt 207

 Nuclide   11 / 15 : 28060.09c -- nickel 60 (Ni-60)

 Pointers                     : 32493 22680
 Primary type                 : Transport
 Nuclide ZAI                  : 280600
 Library ID                   : 09c
 Cross section data file      : /usr/local/SERPENT/xsdata/endfb7/acedata/28060ENDF7.ace
 Atomic weight (AW)           : 59.93084
 Atomic weight ratio (AWR)    : 59.41600
 Temperature                  : 900.0 Kelvin
 XS temperature               : 900.0 Kelvin
 Half-life                    : N/A
 Specific ingestion toxicity  : N/A
 Specific inhalation toxicity : N/A

 - Nuclide is not involved in burnup calculation
 - Nuclide has neutron transport data
 - Nuclide has no photon transport data
 - Nuclide has no S(a,b) data
 - Nuclide is not fissile
 - Nuclide is not a delayed neutron precursor
 - Nuclide has no delayed neutron data
 - Nuclide has no ures ptable data
 - Nuclide temperature is not adjusted with ETTM
 - Nuclide has no dosimetry data
 - Nuclide has no decay data
 - Nuclide has no supplementary transmutation cross section data
 - Nuclide has no NFY data
 - Nuclide has no SFY data

 - 20 reaction channels
 - 5 special reactions
 - No transmutation reactions
 - No transmutation branch reactions
 - No decay reactions
 - No decay branch reactions
 - No transmutation paths

 20 reactions channel:

   1    MT =    2  Q =  0.00000E+00 MeV  Emin = 1.00000E-11 MeV  frac = 1.00000E+00  : elastic scattering
   2    MT =   16  Q = -1.13890E+01 MeV  Emin = 1.15810E+01 MeV  frac = 1.00000E+00  : (n,2n)
   3    MT =   22  Q = -6.29100E+00 MeV  Emin = 6.39690E+00 MeV  frac = 1.00000E+00  : (n,nalpha)
   4    MT =   28  Q = -9.53300E+00 MeV  Emin = 9.69345E+00 MeV  frac = 1.00000E+00  : (n,np)
   5    MT =   51  Q = -1.33300E+00 MeV  Emin = 1.35544E+00 MeV  frac = 1.00000E+00  : inelastic scatt. to 1. excited state
   6    MT =   52  Q = -2.15900E+00 MeV  Emin = 2.19534E+00 MeV  frac = 1.00000E+00  : inelastic scatt. to 2. excited state
   7    MT =   53  Q = -2.28500E+00 MeV  Emin = 2.32350E+00 MeV  frac = 1.00000E+00  : inelastic scatt. to 3. excited state
   8    MT =   54  Q = -2.50600E+00 MeV  Emin = 2.54820E+00 MeV  frac = 1.00000E+00  : inelastic scatt. to 4. excited state
   9    MT =   55  Q = -2.62600E+00 MeV  Emin = 2.67020E+00 MeV  frac = 1.00000E+00  : inelastic scatt. to 5. excited state
  10    MT =   56  Q = -3.12000E+00 MeV  Emin = 3.17251E+00 MeV  frac = 1.00000E+00  : inelastic scatt. to 6. excited state
  11    MT =   57  Q = -3.12400E+00 MeV  Emin = 3.17660E+00 MeV  frac = 1.00000E+00  : inelastic scatt. to 7. excited state
  12    MT =   58  Q = -3.18600E+00 MeV  Emin = 3.23962E+00 MeV  frac = 1.00000E+00  : inelastic scatt. to 8. excited state
  13    MT =   59  Q = -3.19400E+00 MeV  Emin = 3.24780E+00 MeV  frac = 1.00000E+00  : inelastic scatt. to 9. excited state
  14    MT =   60  Q = -3.27000E+00 MeV  Emin = 3.32504E+00 MeV  frac = 1.00000E+00  : inelastic scatt. to 10. excited state
  15    MT =   61  Q = -3.31800E+00 MeV  Emin = 3.37385E+00 MeV  frac = 1.00000E+00  : inelastic scatt. to 11. excited state
  16    MT =   91  Q = -3.33900E+00 MeV  Emin = 3.39520E+00 MeV  frac = 1.00000E+00  : inelastic scattering to continuum
  17    MT =  102  Q =  7.82005E+00 MeV  Emin = 1.00000E-11 MeV  frac = 1.00000E+00  : (n,gamma)
  18    MT =  103  Q = -2.04200E+00 MeV  Emin = 2.07640E+00 MeV  frac = 1.00000E+00  : (n,p)
  19    MT =  104  Q = -7.30830E+00 MeV  Emin = 7.43130E+00 MeV  frac = 1.00000E+00  : (n,d)
  20    MT =  107  Q =  1.35500E+00 MeV  Emin = 1.00000E-11 MeV  frac = 1.00000E+00  : (n,alpha)

 5 special reactions:

   1    MT =    5  Q =  0.00000E+00 MeV  Emin = 2.00000E+01 MeV  : anything
   2    MT =  203  Q =  0.00000E+00 MeV  Emin = 2.07640E+00 MeV  : mt 203
   3    MT =  204  Q =  0.00000E+00 MeV  Emin = 7.43130E+00 MeV  : mt 204
   4    MT =  205  Q =  0.00000E+00 MeV  Emin = 2.00000E+01 MeV  : mt 205
   5    MT =  207  Q =  0.00000E+00 MeV  Emin = 1.00000E-11 MeV  : mt 207

 Nuclide   12 / 15 : 28062.09c -- nickel 62 (Ni-62)

 Pointers                     : 34316 23232
 Primary type                 : Transport
 Nuclide ZAI                  : 280620
 Library ID                   : 09c
 Cross section data file      : /usr/local/SERPENT/xsdata/endfb7/acedata/28062ENDF7.ace
 Atomic weight (AW)           : 61.92799
 Atomic weight ratio (AWR)    : 61.39600
 Temperature                  : 900.0 Kelvin
 XS temperature               : 900.0 Kelvin
 Half-life                    : N/A
 Specific ingestion toxicity  : N/A
 Specific inhalation toxicity : N/A

 - Nuclide is not involved in burnup calculation
 - Nuclide has neutron transport data
 - Nuclide has no photon transport data
 - Nuclide has no S(a,b) data
 - Nuclide is not fissile
 - Nuclide is not a delayed neutron precursor
 - Nuclide has no delayed neutron data
 - Nuclide has no ures ptable data
 - Nuclide temperature is not adjusted with ETTM
 - Nuclide has no dosimetry data
 - Nuclide has no decay data
 - Nuclide has no supplementary transmutation cross section data
 - Nuclide has no NFY data
 - Nuclide has no SFY data

 - 13 reaction channels
 - 5 special reactions
 - No transmutation reactions
 - No transmutation branch reactions
 - No decay reactions
 - No decay branch reactions
 - No transmutation paths

 13 reactions channel:

   1    MT =    2  Q =  0.00000E+00 MeV  Emin = 1.00000E-11 MeV  frac = 1.00000E+00  : elastic scattering
   2    MT =   16  Q = -1.05980E+01 MeV  Emin = 1.07710E+01 MeV  frac = 1.00000E+00  : (n,2n)
   3    MT =   22  Q = -7.01860E+00 MeV  Emin = 7.13292E+00 MeV  frac = 1.00000E+00  : (n,nalpha)
   4    MT =   28  Q = -1.11380E+01 MeV  Emin = 1.13194E+01 MeV  frac = 1.00000E+00  : (n,np)
   5    MT =   51  Q = -1.17300E+00 MeV  Emin = 1.19211E+00 MeV  frac = 1.00000E+00  : inelastic scatt. to 1. excited state
   6    MT =   52  Q = -2.04900E+00 MeV  Emin = 2.08240E+00 MeV  frac = 1.00000E+00  : inelastic scatt. to 2. excited state
   7    MT =   53  Q = -2.30200E+00 MeV  Emin = 2.33950E+00 MeV  frac = 1.00000E+00  : inelastic scatt. to 3. excited state
   8    MT =   54  Q = -2.33600E+00 MeV  Emin = 2.37405E+00 MeV  frac = 1.00000E+00  : inelastic scatt. to 4. excited state
   9    MT =   91  Q = -2.89100E+00 MeV  Emin = 2.93810E+00 MeV  frac = 1.00000E+00  : inelastic scattering to continuum
  10    MT =  102  Q =  6.83791E+00 MeV  Emin = 1.00000E-11 MeV  frac = 1.00000E+00  : (n,gamma)
  11    MT =  103  Q = -4.45900E+00 MeV  Emin = 4.53163E+00 MeV  frac = 1.00000E+00  : (n,p)
  12    MT =  104  Q = -8.91287E+00 MeV  Emin = 9.05804E+00 MeV  frac = 1.00000E+00  : (n,d)
  13    MT =  107  Q = -4.37400E-01 MeV  Emin = 4.44524E-01 MeV  frac = 1.00000E+00  : (n,alpha)

 5 special reactions:

   1    MT =    5  Q =  0.00000E+00 MeV  Emin = 2.00000E+01 MeV  : anything
   2    MT =  203  Q =  0.00000E+00 MeV  Emin = 4.53160E+00 MeV  : mt 203
   3    MT =  204  Q =  0.00000E+00 MeV  Emin = 9.05804E+00 MeV  : mt 204
   4    MT =  205  Q =  0.00000E+00 MeV  Emin = 2.00000E+01 MeV  : mt 205
   5    MT =  207  Q =  0.00000E+00 MeV  Emin = 4.44524E-01 MeV  : mt 207

 Nuclide   13 / 15 : 28064.09c -- nickel 64 (Ni-64)

 Pointers                     : 35656 23508
 Primary type                 : Transport
 Nuclide ZAI                  : 280640
 Library ID                   : 09c
 Cross section data file      : /usr/local/SERPENT/xsdata/endfb7/acedata/28064ENDF7.ace
 Atomic weight (AW)           : 63.92818
 Atomic weight ratio (AWR)    : 63.37900
 Temperature                  : 900.0 Kelvin
 XS temperature               : 900.0 Kelvin
 Half-life                    : N/A
 Specific ingestion toxicity  : N/A
 Specific inhalation toxicity : N/A

 - Nuclide is not involved in burnup calculation
 - Nuclide has neutron transport data
 - Nuclide has no photon transport data
 - Nuclide has no S(a,b) data
 - Nuclide is not fissile
 - Nuclide is not a delayed neutron precursor
 - Nuclide has no delayed neutron data
 - Nuclide has no ures ptable data
 - Nuclide temperature is not adjusted with ETTM
 - Nuclide has no dosimetry data
 - Nuclide has no decay data
 - Nuclide has no supplementary transmutation cross section data
 - Nuclide has no NFY data
 - Nuclide has no SFY data

 - 11 reaction channels
 - 5 special reactions
 - No transmutation reactions
 - No transmutation branch reactions
 - No decay reactions
 - No decay branch reactions
 - No transmutation paths

 11 reactions channel:

   1    MT =    2  Q =  0.00000E+00 MeV  Emin = 1.00000E-11 MeV  frac = 1.00000E+00  : elastic scattering
   2    MT =   16  Q = -9.65700E+00 MeV  Emin = 9.80940E+00 MeV  frac = 1.00000E+00  : (n,2n)
   3    MT =   22  Q = -8.08200E+00 MeV  Emin = 8.20952E+00 MeV  frac = 1.00000E+00  : (n,nalpha)
   4    MT =   28  Q = -1.25360E+01 MeV  Emin = 1.27340E+01 MeV  frac = 1.00000E+00  : (n,np)
   5    MT =   51  Q = -1.34600E+00 MeV  Emin = 1.36724E+00 MeV  frac = 1.00000E+00  : inelastic scatt. to 1. excited state
   6    MT =   52  Q = -2.27700E+00 MeV  Emin = 2.31293E+00 MeV  frac = 1.00000E+00  : inelastic scatt. to 2. excited state
   7    MT =   91  Q = -2.60800E+00 MeV  Emin = 2.64915E+00 MeV  frac = 1.00000E+00  : inelastic scattering to continuum
   8    MT =  102  Q =  6.09806E+00 MeV  Emin = 1.00000E-11 MeV  frac = 1.00000E+00  : (n,gamma)
   9    MT =  103  Q = -6.52400E+00 MeV  Emin = 6.62694E+00 MeV  frac = 1.00000E+00  : (n,p)
  10    MT =  104  Q = -1.03114E+01 MeV  Emin = 1.04741E+01 MeV  frac = 1.00000E+00  : (n,d)
  11    MT =  107  Q = -2.44200E+00 MeV  Emin = 2.48053E+00 MeV  frac = 1.00000E+00  : (n,alpha)

 5 special reactions:

   1    MT =    5  Q =  0.00000E+00 MeV  Emin = 2.00000E+01 MeV  : anything
   2    MT =  203  Q =  0.00000E+00 MeV  Emin = 6.62694E+00 MeV  : mt 203
   3    MT =  204  Q =  0.00000E+00 MeV  Emin = 1.04741E+01 MeV  : mt 204
   4    MT =  205  Q =  0.00000E+00 MeV  Emin = 2.00000E+01 MeV  : mt 205
   5    MT =  207  Q =  0.00000E+00 MeV  Emin = 2.48053E+00 MeV  : mt 207

 Nuclide   14 / 15 : 92235.09c -- uranium 235 (U-235)

 Pointers                     : 11124 105802
 Primary type                 : Transport
 Nuclide ZAI                  : 922350
 Library ID                   : 09c
 Cross section data file      : /usr/local/SERPENT/xsdata/endfb7/acedata/92235ENDF7.ace
 Atomic weight (AW)           : 235.04395
 Atomic weight ratio (AWR)    : 233.02480
 Temperature                  : 900.0 Kelvin
 XS temperature               : 900.0 Kelvin
 Half-life                    : N/A
 Specific ingestion toxicity  : N/A
 Specific inhalation toxicity : N/A

 - Nuclide is not involved in burnup calculation
 - Nuclide has neutron transport data
 - Nuclide has no photon transport data
 - Nuclide has no S(a,b) data
 - Nuclide is fissile
 - Nuclide is not a delayed neutron precursor
 - Nuclide has delayed neutron data in 6 precursor groups
 - Nuclide has ures ptable data but it is not used
 - Nuclide temperature is not adjusted with ETTM
 - Nuclide has no dosimetry data
 - Nuclide has no decay data
 - Nuclide has no supplementary transmutation cross section data
 - Nuclide has no NFY data
 - Nuclide has no SFY data

 - 47 reaction channels
 - 1 special reactions
 - No transmutation reactions
 - No transmutation branch reactions
 - No decay reactions
 - No decay branch reactions
 - No transmutation paths

 47 reactions channel:

   1    MT =    2  Q =  0.00000E+00 MeV  Emin = 1.00000E-11 MeV  frac = 1.00000E+00  : elastic scattering
   2    MT =   16  Q = -5.29778E+00 MeV  Emin = 5.32052E+00 MeV  frac = 1.00000E+00  : (n,2n)
   3    MT =   17  Q = -1.21423E+01 MeV  Emin = 1.21944E+01 MeV  frac = 1.00000E+00  : (n,3n)
   4    MT =   18  Q =  1.93483E+02 MeV  Emin = 1.00000E-11 MeV  frac = 1.00000E+00  : total fission
   5    MT =   37  Q = -1.78856E+01 MeV  Emin = 1.79624E+01 MeV  frac = 1.00000E+00  : (n,4n)
   6    MT =   51  Q = -7.68000E-05 MeV  Emin = 2.25000E-03 MeV  frac = 1.00000E+00  : inelastic scatt. to 1. excited state
   7    MT =   52  Q = -1.30400E-02 MeV  Emin = 1.30960E-02 MeV  frac = 1.00000E+00  : inelastic scatt. to 2. excited state
   8    MT =   53  Q = -4.62000E-02 MeV  Emin = 4.63983E-02 MeV  frac = 1.00000E+00  : inelastic scatt. to 3. excited state
   9    MT =   54  Q = -5.13000E-02 MeV  Emin = 5.15202E-02 MeV  frac = 1.00000E+00  : inelastic scatt. to 4. excited state
  10    MT =   55  Q = -8.17000E-02 MeV  Emin = 8.20506E-02 MeV  frac = 1.00000E+00  : inelastic scatt. to 5. excited state
  11    MT =   56  Q = -1.03000E-01 MeV  Emin = 1.03442E-01 MeV  frac = 1.00000E+00  : inelastic scatt. to 6. excited state
  12    MT =   57  Q = -1.34000E-01 MeV  Emin = 1.34575E-01 MeV  frac = 1.00000E+00  : inelastic scatt. to 7. excited state
  13    MT =   58  Q = -1.70700E-01 MeV  Emin = 1.71433E-01 MeV  frac = 1.00000E+00  : inelastic scatt. to 8. excited state
  14    MT =   59  Q = -1.74500E-01 MeV  Emin = 1.75249E-01 MeV  frac = 1.00000E+00  : inelastic scatt. to 9. excited state
  15    MT =   60  Q = -2.49100E-01 MeV  Emin = 2.50169E-01 MeV  frac = 1.00000E+00  : inelastic scatt. to 10. excited state
  16    MT =   61  Q = -2.93000E-01 MeV  Emin = 2.94258E-01 MeV  frac = 1.00000E+00  : inelastic scatt. to 11. excited state
  17    MT =   62  Q = -3.34000E-01 MeV  Emin = 3.35433E-01 MeV  frac = 1.00000E+00  : inelastic scatt. to 12. excited state
  18    MT =   63  Q = -3.65000E-01 MeV  Emin = 3.66567E-01 MeV  frac = 1.00000E+00  : inelastic scatt. to 13. excited state
  19    MT =   64  Q = -3.98000E-01 MeV  Emin = 3.99708E-01 MeV  frac = 1.00000E+00  : inelastic scatt. to 14. excited state
  20    MT =   65  Q = -4.30000E-01 MeV  Emin = 4.31845E-01 MeV  frac = 1.00000E+00  : inelastic scatt. to 15. excited state
  21    MT =   66  Q = -4.48000E-01 MeV  Emin = 4.49923E-01 MeV  frac = 1.00000E+00  : inelastic scatt. to 16. excited state
  22    MT =   67  Q = -5.50000E-01 MeV  Emin = 5.52360E-01 MeV  frac = 1.00000E+00  : inelastic scatt. to 17. excited state
  23    MT =   68  Q = -6.50000E-01 MeV  Emin = 6.52790E-01 MeV  frac = 1.00000E+00  : inelastic scatt. to 18. excited state
  24    MT =   69  Q = -7.70000E-01 MeV  Emin = 7.73304E-01 MeV  frac = 1.00000E+00  : inelastic scatt. to 19. excited state
  25    MT =   70  Q = -9.00000E-01 MeV  Emin = 9.03862E-01 MeV  frac = 1.00000E+00  : inelastic scatt. to 20. excited state
  26    MT =   71  Q = -1.06250E+00 MeV  Emin = 1.06706E+00 MeV  frac = 1.00000E+00  : inelastic scatt. to 21. excited state
  27    MT =   72  Q = -1.17000E+00 MeV  Emin = 1.17502E+00 MeV  frac = 1.00000E+00  : inelastic scatt. to 22. excited state
  28    MT =   73  Q = -1.25000E+00 MeV  Emin = 1.25537E+00 MeV  frac = 1.00000E+00  : inelastic scatt. to 23. excited state
  29    MT =   74  Q = -1.44000E+00 MeV  Emin = 1.44618E+00 MeV  frac = 1.00000E+00  : inelastic scatt. to 24. excited state
  30    MT =   75  Q = -1.59000E+00 MeV  Emin = 1.59682E+00 MeV  frac = 1.00000E+00  : inelastic scatt. to 25. excited state
  31    MT =   76  Q = -1.75000E+00 MeV  Emin = 1.75751E+00 MeV  frac = 1.00000E+00  : inelastic scatt. to 26. excited state
  32    MT =   77  Q = -1.85000E+00 MeV  Emin = 1.85794E+00 MeV  frac = 1.00000E+00  : inelastic scatt. to 27. excited state
  33    MT =   78  Q = -1.95000E+00 MeV  Emin = 1.95837E+00 MeV  frac = 1.00000E+00  : inelastic scatt. to 28. excited state
  34    MT =   79  Q = -2.15000E+00 MeV  Emin = 2.15923E+00 MeV  frac = 1.00000E+00  : inelastic scatt. to 29. excited state
  35    MT =   80  Q = -2.30000E+00 MeV  Emin = 2.30987E+00 MeV  frac = 1.00000E+00  : inelastic scatt. to 30. excited state
  36    MT =   81  Q = -2.39000E+00 MeV  Emin = 2.40026E+00 MeV  frac = 1.00000E+00  : inelastic scatt. to 31. excited state
  37    MT =   82  Q = -2.49280E+00 MeV  Emin = 2.50350E+00 MeV  frac = 1.00000E+00  : inelastic scatt. to 32. excited state
  38    MT =   83  Q = -2.94000E+00 MeV  Emin = 2.95262E+00 MeV  frac = 1.00000E+00  : inelastic scatt. to 33. excited state
  39    MT =   84  Q = -3.18900E+00 MeV  Emin = 3.20269E+00 MeV  frac = 1.00000E+00  : inelastic scatt. to 34. excited state
  40    MT =   85  Q = -3.38800E+00 MeV  Emin = 3.40254E+00 MeV  frac = 1.00000E+00  : inelastic scatt. to 35. excited state
  41    MT =   86  Q = -3.53800E+00 MeV  Emin = 3.55318E+00 MeV  frac = 1.00000E+00  : inelastic scatt. to 36. excited state
  42    MT =   87  Q = -3.63700E+00 MeV  Emin = 3.65261E+00 MeV  frac = 1.00000E+00  : inelastic scatt. to 37. excited state
  43    MT =   88  Q = -3.73700E+00 MeV  Emin = 3.75304E+00 MeV  frac = 1.00000E+00  : inelastic scatt. to 38. excited state
  44    MT =   89  Q = -3.83700E+00 MeV  Emin = 3.85347E+00 MeV  frac = 1.00000E+00  : inelastic scatt. to 39. excited state
  45    MT =   90  Q = -3.90900E+00 MeV  Emin = 3.92578E+00 MeV  frac = 1.00000E+00  : inelastic scatt. to 40. excited state
  46    MT =   91  Q = -4.97864E-01 MeV  Emin = 5.00000E-01 MeV  frac = 1.00000E+00  : inelastic scattering to continuum
  47    MT =  102  Q =  6.54520E+00 MeV  Emin = 1.00000E-11 MeV  frac = 1.00000E+00  : (n,gamma)

 1 special reaction:

   1    MT =    4  Q =  0.00000E+00 MeV  Emin = 2.25000E-03 MeV  : total inelastic scattering

 Nuclide   15 / 15 : 92238.09c -- uranium 238 (U-238)

 Pointers                     : 14539 106630
 Primary type                 : Transport
 Nuclide ZAI                  : 922380
 Library ID                   : 09c
 Cross section data file      : /usr/local/SERPENT/xsdata/endfb7/acedata/92238ENDF7.ace
 Atomic weight (AW)           : 238.05078
 Atomic weight ratio (AWR)    : 236.00580
 Temperature                  : 900.0 Kelvin
 XS temperature               : 900.0 Kelvin
 Half-life                    : N/A
 Specific ingestion toxicity  : N/A
 Specific inhalation toxicity : N/A

 - Nuclide is not involved in burnup calculation
 - Nuclide has neutron transport data
 - Nuclide has no photon transport data
 - Nuclide has no S(a,b) data
 - Nuclide is fissile
 - Nuclide is not a delayed neutron precursor
 - Nuclide has delayed neutron data in 6 precursor groups
 - Nuclide has ures ptable data but it is not used
 - Nuclide temperature is not adjusted with ETTM
 - Nuclide has no dosimetry data
 - Nuclide has no decay data
 - Nuclide has no supplementary transmutation cross section data
 - Nuclide has no NFY data
 - Nuclide has no SFY data

 - 47 reaction channels
 - No special reactions
 - No transmutation reactions
 - No transmutation branch reactions
 - No decay reactions
 - No decay branch reactions
 - No transmutation paths

 47 reactions channel:

   1    MT =    2  Q =  0.00000E+00 MeV  Emin = 1.00000E-11 MeV  frac = 1.00000E+00  : elastic scattering
   2    MT =   16  Q = -6.15280E+00 MeV  Emin = 6.17887E+00 MeV  frac = 1.00000E+00  : (n,2n)
   3    MT =   17  Q = -1.12786E+01 MeV  Emin = 1.13264E+01 MeV  frac = 1.00000E+00  : (n,3n)
   4    MT =   18  Q =  1.98032E+02 MeV  Emin = 1.00000E-11 MeV  frac = 1.00000E+00  : total fission
   5    MT =   37  Q = -1.78237E+01 MeV  Emin = 1.78992E+01 MeV  frac = 1.00000E+00  : (n,4n)
   6    MT =   51  Q = -4.49000E-02 MeV  Emin = 4.50903E-02 MeV  frac = 1.00000E+00  : inelastic scatt. to 1. excited state
   7    MT =   52  Q = -1.48400E-01 MeV  Emin = 1.49029E-01 MeV  frac = 1.00000E+00  : inelastic scatt. to 2. excited state
   8    MT =   53  Q = -3.07200E-01 MeV  Emin = 3.08502E-01 MeV  frac = 1.00000E+00  : inelastic scatt. to 3. excited state
   9    MT =   54  Q = -5.18300E-01 MeV  Emin = 5.20496E-01 MeV  frac = 1.00000E+00  : inelastic scatt. to 4. excited state
  10    MT =   55  Q = -6.80100E-01 MeV  Emin = 6.82982E-01 MeV  frac = 1.00000E+00  : inelastic scatt. to 5. excited state
  11    MT =   56  Q = -7.31900E-01 MeV  Emin = 7.35001E-01 MeV  frac = 1.00000E+00  : inelastic scatt. to 6. excited state
  12    MT =   57  Q = -7.75700E-01 MeV  Emin = 7.78987E-01 MeV  frac = 1.00000E+00  : inelastic scatt. to 7. excited state
  13    MT =   58  Q = -8.26700E-01 MeV  Emin = 8.30203E-01 MeV  frac = 1.00000E+00  : inelastic scatt. to 8. excited state
  14    MT =   59  Q = -9.25700E-01 MeV  Emin = 9.29623E-01 MeV  frac = 1.00000E+00  : inelastic scatt. to 9. excited state
  15    MT =   60  Q = -9.30800E-01 MeV  Emin = 9.34744E-01 MeV  frac = 1.00000E+00  : inelastic scatt. to 10. excited state
  16    MT =   61  Q = -9.50200E-01 MeV  Emin = 9.54226E-01 MeV  frac = 1.00000E+00  : inelastic scatt. to 11. excited state
  17    MT =   62  Q = -9.66300E-01 MeV  Emin = 9.70395E-01 MeV  frac = 1.00000E+00  : inelastic scatt. to 12. excited state
  18    MT =   63  Q = -9.67300E-01 MeV  Emin = 9.71399E-01 MeV  frac = 1.00000E+00  : inelastic scatt. to 13. excited state
  19    MT =   64  Q = -9.93000E-01 MeV  Emin = 9.97208E-01 MeV  frac = 1.00000E+00  : inelastic scatt. to 14. excited state
  20    MT =   65  Q = -9.97500E-01 MeV  Emin = 1.00173E+00 MeV  frac = 1.00000E+00  : inelastic scatt. to 15. excited state
  21    MT =   66  Q = -1.03730E+00 MeV  Emin = 1.04170E+00 MeV  frac = 1.00000E+00  : inelastic scatt. to 16. excited state
  22    MT =   67  Q = -1.05660E+00 MeV  Emin = 1.06108E+00 MeV  frac = 1.00000E+00  : inelastic scatt. to 17. excited state
  23    MT =   68  Q = -1.05950E+00 MeV  Emin = 1.06399E+00 MeV  frac = 1.00000E+00  : inelastic scatt. to 18. excited state
  24    MT =   69  Q = -1.06030E+00 MeV  Emin = 1.06479E+00 MeV  frac = 1.00000E+00  : inelastic scatt. to 19. excited state
  25    MT =   70  Q = -1.07650E+00 MeV  Emin = 1.08106E+00 MeV  frac = 1.00000E+00  : inelastic scatt. to 20. excited state
  26    MT =   71  Q = -1.10570E+00 MeV  Emin = 1.11039E+00 MeV  frac = 1.00000E+00  : inelastic scatt. to 21. excited state
  27    MT =   72  Q = -1.17000E+00 MeV  Emin = 1.17496E+00 MeV  frac = 1.00000E+00  : inelastic scatt. to 22. excited state
  28    MT =   73  Q = -1.25000E+00 MeV  Emin = 1.25530E+00 MeV  frac = 1.00000E+00  : inelastic scatt. to 23. excited state
  29    MT =   74  Q = -1.44000E+00 MeV  Emin = 1.44610E+00 MeV  frac = 1.00000E+00  : inelastic scatt. to 24. excited state
  30    MT =   75  Q = -1.59000E+00 MeV  Emin = 1.59674E+00 MeV  frac = 1.00000E+00  : inelastic scatt. to 25. excited state
  31    MT =   76  Q = -1.75000E+00 MeV  Emin = 1.75742E+00 MeV  frac = 1.00000E+00  : inelastic scatt. to 26. excited state
  32    MT =   77  Q = -1.85000E+00 MeV  Emin = 1.85784E+00 MeV  frac = 1.00000E+00  : inelastic scatt. to 27. excited state
  33    MT =   78  Q = -1.95000E+00 MeV  Emin = 1.95826E+00 MeV  frac = 1.00000E+00  : inelastic scatt. to 28. excited state
  34    MT =   79  Q = -2.15000E+00 MeV  Emin = 2.15911E+00 MeV  frac = 1.00000E+00  : inelastic scatt. to 29. excited state
  35    MT =   80  Q = -2.30000E+00 MeV  Emin = 2.30975E+00 MeV  frac = 1.00000E+00  : inelastic scatt. to 30. excited state
  36    MT =   81  Q = -2.39000E+00 MeV  Emin = 2.40013E+00 MeV  frac = 1.00000E+00  : inelastic scatt. to 31. excited state
  37    MT =   82  Q = -2.49280E+00 MeV  Emin = 2.50336E+00 MeV  frac = 1.00000E+00  : inelastic scatt. to 32. excited state
  38    MT =   83  Q = -2.94000E+00 MeV  Emin = 2.95246E+00 MeV  frac = 1.00000E+00  : inelastic scatt. to 33. excited state
  39    MT =   84  Q = -3.18900E+00 MeV  Emin = 3.20251E+00 MeV  frac = 1.00000E+00  : inelastic scatt. to 34. excited state
  40    MT =   85  Q = -3.38800E+00 MeV  Emin = 3.40236E+00 MeV  frac = 1.00000E+00  : inelastic scatt. to 35. excited state
  41    MT =   86  Q = -3.53800E+00 MeV  Emin = 3.55299E+00 MeV  frac = 1.00000E+00  : inelastic scatt. to 36. excited state
  42    MT =   87  Q = -3.63700E+00 MeV  Emin = 3.65241E+00 MeV  frac = 1.00000E+00  : inelastic scatt. to 37. excited state
  43    MT =   88  Q = -3.73700E+00 MeV  Emin = 3.75284E+00 MeV  frac = 1.00000E+00  : inelastic scatt. to 38. excited state
  44    MT =   89  Q = -3.83700E+00 MeV  Emin = 3.85326E+00 MeV  frac = 1.00000E+00  : inelastic scatt. to 39. excited state
  45    MT =   90  Q = -3.90900E+00 MeV  Emin = 3.92556E+00 MeV  frac = 1.00000E+00  : inelastic scatt. to 40. excited state
  46    MT =   91  Q = -1.11260E+00 MeV  Emin = 1.11732E+00 MeV  frac = 1.00000E+00  : inelastic scattering to continuum
  47    MT =  102  Q =  4.80650E+00 MeV  Emin = 1.00000E-11 MeV  frac = 1.00000E+00  : (n,gamma)

 --- Table  1: Summary of material compositions: 

 3 materials included in calculation


Material "fuel1":

 - Atom density 4.8379E-02 1/barn*cm
 - Mass density 1.9100E+01 g/cm3
 - Volume 0.0000E+00 cm3
 - Mass 0.0000E+00 g
 - 2 nuclides in composition
 - No nuclides associated with S(a,b) data
 - 8.17 Mb of memory allocated for data

Isotopic composition (non-zero densities):

-------------------------------------------------------------------
 Nuclide    a. weight   temp      a. dens      a. frac      m. frac
-------------------------------------------------------------------
 92235.09c  235.04395  900.0  4.83790E-03  1.00000E-01  9.88618E-02    
 92238.09c  238.05078  900.0  4.35411E-02  9.00000E-01  9.01138E-01    
       sum                    4.83790E-02  1.00000E+00  1.00000E+00
-------------------------------------------------------------------

Material "clad":

 - Atom density 8.6623E-02 1/barn*cm
 - Mass density 7.9900E+00 g/cm3
 - Volume 0.0000E+00 cm3
 - Mass 0.0000E+00 g
 - 12 nuclides in composition
 - No nuclides associated with S(a,b) data
 - 5.48 Mb of memory allocated for data

Isotopic composition (non-zero densities):

-------------------------------------------------------------------
 Nuclide    a. weight   temp      a. dens      a. frac      m. frac
-------------------------------------------------------------------
 26054.09c   53.93937  900.0  3.77261E-03  4.35523E-02  4.22918E-02    
 26056.09c   55.93451  900.0  5.96592E-02  6.88726E-01  6.93532E-01    
 26057.09c   56.93510  900.0  1.43099E-03  1.65198E-02  1.69327E-02    
 26058.09c   57.93368  900.0  1.82126E-04  2.10252E-03  2.19287E-03    
 24050.09c   49.94606  900.0  5.63723E-04  6.50781E-03  5.85162E-03    
 24052.09c   51.94019  900.0  1.09015E-02  1.25851E-01  1.17679E-01    
 24053.09c   52.94079  900.0  1.24019E-03  1.43172E-02  1.36455E-02    
 24054.09c   53.93937  900.0  3.03543E-04  3.50421E-03  3.40279E-03    
 28058.09c   57.93570  900.0  5.90608E-03  6.81818E-02  7.11140E-02    
 28060.09c   59.93084  900.0  2.27224E-03  2.62315E-02  2.83017E-02    
 28062.09c   61.92799  900.0  3.12216E-04  3.60433E-03  4.01838E-03    
 28064.09c   63.92818  900.0  7.80539E-05  9.01081E-04  1.03704E-03    
       sum                    8.66225E-02  1.00000E+00  1.00000E+00
-------------------------------------------------------------------

Material "sodium":

 - Atom density 2.4283E-02 1/barn*cm
 - Mass density 9.2700E-01 g/cm3
 - Volume 0.0000E+00 cm3
 - Mass 0.0000E+00 g
 - 1 nuclides in composition
 - No nuclides associated with S(a,b) data
 - 5.45 Mb of memory allocated for data

Isotopic composition (non-zero densities):

-------------------------------------------------------------------
 Nuclide    a. weight   temp      a. dens      a. frac      m. frac
-------------------------------------------------------------------
 11023.06c   22.98949  600.0  2.42825E-02  1.00000E+00  1.00000E+00    
       sum                    2.42825E-02  1.00000E+00  1.00000E+00
-------------------------------------------------------------------
