--------------------------------------------------------------------------
WARNING: No preset parameters were found for the device that Open MPI
detected:

  Local host:            n0098.savio2
  Device name:           mlx4_0
  Device vendor ID:      0x02c9
  Device vendor part ID: 4103

Default device parameters will be used, which may result in lower
performance.  You can edit any of the files specified by the
btl_openib_device_param_files MCA parameter to set values for your
device.

NOTE: You can turn off this warning by setting the MCA parameter
      btl_openib_warn_no_device_params_found to 0.
--------------------------------------------------------------------------
[n0098.savio2:05664] 3 more processes have sent help message help-mpi-btl-openib.txt / no device params found
[n0098.savio2:05664] Set MCA parameter "orte_base_help_aggregate" to 0 to see all help / error messages
--------------------------------------------------------------------------
WARNING: No preset parameters were found for the device that Open MPI
detected:

  Local host:            n0098.savio2
  Device name:           mlx4_0
  Device vendor ID:      0x02c9
  Device vendor part ID: 4103

Default device parameters will be used, which may result in lower
performance.  You can edit any of the files specified by the
btl_openib_device_param_files MCA parameter to set values for your
device.

NOTE: You can turn off this warning by setting the MCA parameter
      btl_openib_warn_no_device_params_found to 0.
--------------------------------------------------------------------------
[n0098.savio2:05738] 3 more processes have sent help message help-mpi-btl-openib.txt / no device params found
[n0098.savio2:05738] Set MCA parameter "orte_base_help_aggregate" to 0 to see all help / error messages
--------------------------------------------------------------------------
WARNING: No preset parameters were found for the device that Open MPI
detected:

  Local host:            n0098.savio2
  Device name:           mlx4_0
  Device vendor ID:      0x02c9
  Device vendor part ID: 4103

Default device parameters will be used, which may result in lower
performance.  You can edit any of the files specified by the
btl_openib_device_param_files MCA parameter to set values for your
device.

NOTE: You can turn off this warning by setting the MCA parameter
      btl_openib_warn_no_device_params_found to 0.
--------------------------------------------------------------------------
[n0098.savio2:05992] 3 more processes have sent help message help-mpi-btl-openib.txt / no device params found
[n0098.savio2:05992] Set MCA parameter "orte_base_help_aggregate" to 0 to see all help / error messages
--------------------------------------------------------------------------
WARNING: No preset parameters were found for the device that Open MPI
detected:

  Local host:            n0098.savio2
  Device name:           mlx4_0
  Device vendor ID:      0x02c9
  Device vendor part ID: 4103

Default device parameters will be used, which may result in lower
performance.  You can edit any of the files specified by the
btl_openib_device_param_files MCA parameter to set values for your
device.

NOTE: You can turn off this warning by setting the MCA parameter
      btl_openib_warn_no_device_params_found to 0.
--------------------------------------------------------------------------
[n0098.savio2:06791] 3 more processes have sent help message help-mpi-btl-openib.txt / no device params found
[n0098.savio2:06791] Set MCA parameter "orte_base_help_aggregate" to 0 to see all help / error messages
--------------------------------------------------------------------------
WARNING: No preset parameters were found for the device that Open MPI
detected:

  Local host:            n0098.savio2
  Device name:           mlx4_0
  Device vendor ID:      0x02c9
  Device vendor part ID: 4103

Default device parameters will be used, which may result in lower
performance.  You can edit any of the files specified by the
btl_openib_device_param_files MCA parameter to set values for your
device.

NOTE: You can turn off this warning by setting the MCA parameter
      btl_openib_warn_no_device_params_found to 0.
--------------------------------------------------------------------------
[n0098.savio2:07213] 3 more processes have sent help message help-mpi-btl-openib.txt / no device params found
[n0098.savio2:07213] Set MCA parameter "orte_base_help_aggregate" to 0 to see all help / error messages
--------------------------------------------------------------------------
WARNING: No preset parameters were found for the device that Open MPI
detected:

  Local host:            n0098.savio2
  Device name:           mlx4_0
  Device vendor ID:      0x02c9
  Device vendor part ID: 4103

Default device parameters will be used, which may result in lower
performance.  You can edit any of the files specified by the
btl_openib_device_param_files MCA parameter to set values for your
device.

NOTE: You can turn off this warning by setting the MCA parameter
      btl_openib_warn_no_device_params_found to 0.
--------------------------------------------------------------------------
[n0098.savio2:07841] 3 more processes have sent help message help-mpi-btl-openib.txt / no device params found
[n0098.savio2:07841] Set MCA parameter "orte_base_help_aggregate" to 0 to see all help / error messages
